[ 2017-12-19T10:48:51+08:00 ] 10.205.34.187 /ziyuangongxiang/index.php?teacherid=MTAwODYxMjM0NTgw
INFO: [ app_init ] --START--
INFO: Run Behavior\BuildLiteBehavior [ RunTime:0.000013s ]
INFO: [ app_init ] --END-- [ RunTime:0.000236s ]
INFO: [ app_begin ] --START--
INFO: Run Behavior\ReadHtmlCacheBehavior [ RunTime:0.000290s ]
INFO: [ app_begin ] --END-- [ RunTime:0.000337s ]
SQL: SHOW COLUMNS FROM `file` [ RunTime:0.0015s ]
SQL: SELECT DISTINCT  `fileusername` FROM `file` WHERE ( filesavefolder='ziyuan' )  [ RunTime:0.0007s ]
NOTIC: [8] Use of undefined constant fileusername - assumed 'fileusername' /usr/local/nginx/html/parabola923/ziyuangongxiang/Application/Home/Controller/IndexController.class.php 第 13 行.
INFO: [ view_parse ] --START--
INFO: [ template_filter ] --START--
INFO: Run Behavior\ContentReplaceBehavior [ RunTime:0.000100s ]
INFO: [ template_filter ] --END-- [ RunTime:0.000230s ]
INFO: Run Behavior\ParseTemplateBehavior [ RunTime:0.010762s ]
INFO: [ view_parse ] --END-- [ RunTime:0.010845s ]
INFO: [ view_filter ] --START--
INFO: Run Behavior\WriteHtmlCacheBehavior [ RunTime:0.000180s ]
INFO: [ view_filter ] --END-- [ RunTime:0.000258s ]
INFO: [ app_end ] --START--
INFO: Run Behavior\ShowPageTraceBehavior [ RunTime:0.000598s ]
INFO: [ app_end ] --END-- [ RunTime:0.000689s ]

[ 2017-12-19T10:48:54+08:00 ] 10.205.34.187 /ziyuangongxiang/index.php?m=Home&c=File&a=showfile
INFO: [ app_init ] --START--
INFO: Run Behavior\BuildLiteBehavior [ RunTime:0.000012s ]
INFO: [ app_init ] --END-- [ RunTime:0.000258s ]
INFO: [ app_begin ] --START--
INFO: Run Behavior\ReadHtmlCacheBehavior [ RunTime:0.000282s ]
INFO: [ app_begin ] --END-- [ RunTime:0.000330s ]
SQL: SHOW COLUMNS FROM `file` [ RunTime:0.0010s ]
SQL: SELECT `filename`,`filesavename`,`upfile_time`,`filesavefolder`,`fileusername`,`filelabel` FROM `file` WHERE ( filesavefolder='testdata' and isdelete=0 ) ORDER BY upfile_time desc  [ RunTime:0.0004s ]
NOTIC: [8] Undefined index: username /usr/local/nginx/html/parabola923/ziyuangongxiang/Application/Home/Controller/FileController.class.php 第 40 行.
NOTIC: [8] Undefined index: username /usr/local/nginx/html/parabola923/ziyuangongxiang/Application/Home/Controller/FileController.class.php 第 40 行.
INFO: [ app_end ] --START--
INFO: Run Behavior\ShowPageTraceBehavior [ RunTime:0.000297s ]
INFO: [ app_end ] --END-- [ RunTime:0.000343s ]

[ 2017-12-19T10:49:00+08:00 ] 10.205.34.187 /ziyuangongxiang/index.php?m=Home&c=File&a=showfile
INFO: [ app_init ] --START--
INFO: Run Behavior\BuildLiteBehavior [ RunTime:0.000033s ]
INFO: [ app_init ] --END-- [ RunTime:0.000263s ]
INFO: [ app_begin ] --START--
INFO: Run Behavior\ReadHtmlCacheBehavior [ RunTime:0.000290s ]
INFO: [ app_begin ] --END-- [ RunTime:0.000339s ]
SQL: SHOW COLUMNS FROM `file` [ RunTime:0.0015s ]
SQL: SELECT * FROM `file` WHERE ( fileusername='13'and isdelete=0 and filesavefolder='ziyuan' ) ORDER BY upfile_time desc  [ RunTime:0.0005s ]
SQL: SELECT DISTINCT  `filelabel` FROM `file` WHERE ( fileusername='13' and isdelete=0 and filelabel !='' )  [ RunTime:0.0004s ]
NOTIC: [8] Use of undefined constant label - assumed 'label' /usr/local/nginx/html/parabola923/ziyuangongxiang/Application/Home/Controller/FileController.class.php 第 33 行.
INFO: [ app_end ] --START--
INFO: Run Behavior\ShowPageTraceBehavior [ RunTime:0.000637s ]
INFO: [ app_end ] --END-- [ RunTime:0.000721s ]

[ 2017-12-19T12:22:14+08:00 ] 10.203.87.119 /ziyuangongxiang/index.php?teacherid=
INFO: [ app_init ] --START--
INFO: Run Behavior\BuildLiteBehavior [ RunTime:0.000012s ]
INFO: [ app_init ] --END-- [ RunTime:0.000231s ]
INFO: [ app_begin ] --START--
INFO: Run Behavior\ReadHtmlCacheBehavior [ RunTime:0.000301s ]
INFO: [ app_begin ] --END-- [ RunTime:0.000348s ]
SQL: SHOW COLUMNS FROM `file` [ RunTime:0.0012s ]
SQL: SELECT DISTINCT  `fileusername` FROM `file` WHERE ( filesavefolder='ziyuan' )  [ RunTime:0.0005s ]
NOTIC: [8] Use of undefined constant fileusername - assumed 'fileusername' /usr/local/nginx/html/parabola923/ziyuangongxiang/Application/Home/Controller/IndexController.class.php 第 13 行.
INFO: [ view_parse ] --START--
INFO: [ template_filter ] --START--
INFO: Run Behavior\ContentReplaceBehavior [ RunTime:0.000054s ]
INFO: [ template_filter ] --END-- [ RunTime:0.000106s ]
INFO: Run Behavior\ParseTemplateBehavior [ RunTime:0.006061s ]
INFO: [ view_parse ] --END-- [ RunTime:0.006112s ]
INFO: [ view_filter ] --START--
INFO: Run Behavior\WriteHtmlCacheBehavior [ RunTime:0.000100s ]
INFO: [ view_filter ] --END-- [ RunTime:0.000142s ]
INFO: [ app_end ] --START--
INFO: Run Behavior\ShowPageTraceBehavior [ RunTime:0.000348s ]
INFO: [ app_end ] --END-- [ RunTime:0.000398s ]

[ 2017-12-19T12:22:19+08:00 ] 10.203.87.119 /ziyuangongxiang/index.php?m=Home&c=File&a=showfile
INFO: [ app_init ] --START--
INFO: Run Behavior\BuildLiteBehavior [ RunTime:0.000012s ]
INFO: [ app_init ] --END-- [ RunTime:0.000244s ]
INFO: [ app_begin ] --START--
INFO: Run Behavior\ReadHtmlCacheBehavior [ RunTime:0.000302s ]
INFO: [ app_begin ] --END-- [ RunTime:0.000352s ]
SQL: SHOW COLUMNS FROM `file` [ RunTime:0.0014s ]
SQL: SELECT `filename`,`filesavename`,`upfile_time`,`filesavefolder`,`fileusername`,`filelabel` FROM `file` WHERE ( filesavefolder='testdata' and isdelete=0 ) ORDER BY upfile_time desc  [ RunTime:0.0006s ]
NOTIC: [8] Undefined index: username /usr/local/nginx/html/parabola923/ziyuangongxiang/Application/Home/Controller/FileController.class.php 第 40 行.
NOTIC: [8] Undefined index: username /usr/local/nginx/html/parabola923/ziyuangongxiang/Application/Home/Controller/FileController.class.php 第 40 行.
INFO: [ app_end ] --START--
INFO: Run Behavior\ShowPageTraceBehavior [ RunTime:0.000578s ]
INFO: [ app_end ] --END-- [ RunTime:0.000653s ]

[ 2017-12-19T15:10:28+08:00 ] 10.203.87.119 /ziyuangongxiang/index.php?teacherid=MTAwODYxMjM0NTgz
INFO: [ app_init ] --START--
INFO: Run Behavior\BuildLiteBehavior [ RunTime:0.000013s ]
INFO: [ app_init ] --END-- [ RunTime:0.000258s ]
INFO: [ app_begin ] --START--
INFO: Run Behavior\ReadHtmlCacheBehavior [ RunTime:0.000286s ]
INFO: [ app_begin ] --END-- [ RunTime:0.000334s ]
SQL: SHOW COLUMNS FROM `file` [ RunTime:0.0027s ]
SQL: SELECT DISTINCT  `fileusername` FROM `file` WHERE ( filesavefolder='ziyuan' )  [ RunTime:0.0007s ]
NOTIC: [8] Use of undefined constant fileusername - assumed 'fileusername' /usr/local/nginx/html/parabola923/ziyuangongxiang/Application/Home/Controller/IndexController.class.php 第 13 行.
INFO: [ view_parse ] --START--
INFO: [ template_filter ] --START--
INFO: Run Behavior\ContentReplaceBehavior [ RunTime:0.000101s ]
INFO: [ template_filter ] --END-- [ RunTime:0.000187s ]
INFO: Run Behavior\ParseTemplateBehavior [ RunTime:0.011560s ]
INFO: [ view_parse ] --END-- [ RunTime:0.011640s ]
INFO: [ view_filter ] --START--
INFO: Run Behavior\WriteHtmlCacheBehavior [ RunTime:0.000158s ]
INFO: [ view_filter ] --END-- [ RunTime:0.000243s ]
INFO: [ app_end ] --START--
INFO: Run Behavior\ShowPageTraceBehavior [ RunTime:0.000547s ]
INFO: [ app_end ] --END-- [ RunTime:0.000640s ]

[ 2017-12-19T15:28:48+08:00 ] 10.203.87.119 /ziyuangongxiang/index.php?teacherid=MTAwODYxMjM0NTgz
INFO: [ app_init ] --START--
INFO: Run Behavior\BuildLiteBehavior [ RunTime:0.000013s ]
INFO: [ app_init ] --END-- [ RunTime:0.000255s ]
INFO: [ app_begin ] --START--
INFO: Run Behavior\ReadHtmlCacheBehavior [ RunTime:0.000287s ]
INFO: [ app_begin ] --END-- [ RunTime:0.000334s ]
SQL: SHOW COLUMNS FROM `file` [ RunTime:0.0010s ]
SQL: SELECT DISTINCT  `fileusername` FROM `file` WHERE ( filesavefolder='ziyuan' )  [ RunTime:0.0005s ]
NOTIC: [8] Use of undefined constant fileusername - assumed 'fileusername' /usr/local/nginx/html/parabola923/ziyuangongxiang/Application/Home/Controller/IndexController.class.php 第 13 行.
INFO: [ view_parse ] --START--
INFO: [ template_filter ] --START--
INFO: Run Behavior\ContentReplaceBehavior [ RunTime:0.000054s ]
INFO: [ template_filter ] --END-- [ RunTime:0.000101s ]
INFO: Run Behavior\ParseTemplateBehavior [ RunTime:0.007113s ]
INFO: [ view_parse ] --END-- [ RunTime:0.007160s ]
INFO: [ view_filter ] --START--
INFO: Run Behavior\WriteHtmlCacheBehavior [ RunTime:0.000098s ]
INFO: [ view_filter ] --END-- [ RunTime:0.000141s ]
INFO: [ app_end ] --START--
INFO: Run Behavior\ShowPageTraceBehavior [ RunTime:0.000366s ]
INFO: [ app_end ] --END-- [ RunTime:0.000442s ]

