[ 2017-12-09T09:02:02+08:00 ] 10.203.16.31 /ziyuangongxiang/index.php?teacherid=MTAwODYxMjM0NTgy
INFO: [ app_init ] --START--
INFO: Run Behavior\BuildLiteBehavior [ RunTime:0.000018s ]
INFO: [ app_init ] --END-- [ RunTime:0.000408s ]
INFO: [ app_begin ] --START--
INFO: Run Behavior\ReadHtmlCacheBehavior [ RunTime:0.000481s ]
INFO: [ app_begin ] --END-- [ RunTime:0.000572s ]
SQL: SHOW COLUMNS FROM `file` [ RunTime:0.0010s ]
SQL: SELECT DISTINCT  `fileusername` FROM `file` WHERE ( filesavefolder='ziyuan' )  [ RunTime:0.0005s ]
NOTIC: [8] Use of undefined constant fileusername - assumed 'fileusername' /usr/local/nginx/html/parabola923/ziyuangongxiang/Application/Home/Controller/IndexController.class.php 第 13 行.
INFO: [ view_parse ] --START--
INFO: [ template_filter ] --START--
INFO: Run Behavior\ContentReplaceBehavior [ RunTime:0.000063s ]
INFO: [ template_filter ] --END-- [ RunTime:0.000138s ]
INFO: Run Behavior\ParseTemplateBehavior [ RunTime:0.007414s ]
INFO: [ view_parse ] --END-- [ RunTime:0.007550s ]
INFO: [ view_filter ] --START--
INFO: Run Behavior\WriteHtmlCacheBehavior [ RunTime:0.000114s ]
INFO: [ view_filter ] --END-- [ RunTime:0.000158s ]
INFO: [ app_end ] --START--
INFO: Run Behavior\ShowPageTraceBehavior [ RunTime:0.000338s ]
INFO: [ app_end ] --END-- [ RunTime:0.000388s ]

[ 2017-12-09T09:02:16+08:00 ] 10.203.16.31 /ziyuangongxiang/index.php?m=Home&c=File&a=showfile
INFO: [ app_init ] --START--
INFO: Run Behavior\BuildLiteBehavior [ RunTime:0.000012s ]
INFO: [ app_init ] --END-- [ RunTime:0.000233s ]
INFO: [ app_begin ] --START--
INFO: Run Behavior\ReadHtmlCacheBehavior [ RunTime:0.000278s ]
INFO: [ app_begin ] --END-- [ RunTime:0.000327s ]
SQL: SHOW COLUMNS FROM `file` [ RunTime:0.0009s ]
SQL: SELECT `filename`,`filesavename`,`upfile_time`,`filesavefolder`,`fileusername`,`filelabel` FROM `file` WHERE ( filesavefolder='testdata' and isdelete=0 ) ORDER BY upfile_time desc  [ RunTime:0.0004s ]
NOTIC: [8] Undefined index: username /usr/local/nginx/html/parabola923/ziyuangongxiang/Application/Home/Controller/FileController.class.php 第 40 行.
NOTIC: [8] Undefined index: username /usr/local/nginx/html/parabola923/ziyuangongxiang/Application/Home/Controller/FileController.class.php 第 40 行.
INFO: [ app_end ] --START--
INFO: Run Behavior\ShowPageTraceBehavior [ RunTime:0.000374s ]
INFO: [ app_end ] --END-- [ RunTime:0.000421s ]

[ 2017-12-09T13:44:41+08:00 ] 10.203.87.249 /ziyuangongxiang/index.php?teacherid=MTAwODYxMjM0NTc5
INFO: [ app_init ] --START--
INFO: Run Behavior\BuildLiteBehavior [ RunTime:0.000012s ]
INFO: [ app_init ] --END-- [ RunTime:0.000276s ]
INFO: [ app_begin ] --START--
INFO: Run Behavior\ReadHtmlCacheBehavior [ RunTime:0.000290s ]
INFO: [ app_begin ] --END-- [ RunTime:0.000338s ]
SQL: SHOW COLUMNS FROM `file` [ RunTime:0.0010s ]
SQL: SELECT DISTINCT  `fileusername` FROM `file` WHERE ( filesavefolder='ziyuan' )  [ RunTime:0.0005s ]
NOTIC: [8] Use of undefined constant fileusername - assumed 'fileusername' /usr/local/nginx/html/parabola923/ziyuangongxiang/Application/Home/Controller/IndexController.class.php 第 13 行.
INFO: [ view_parse ] --START--
INFO: [ template_filter ] --START--
INFO: Run Behavior\ContentReplaceBehavior [ RunTime:0.000060s ]
INFO: [ template_filter ] --END-- [ RunTime:0.000113s ]
INFO: Run Behavior\ParseTemplateBehavior [ RunTime:0.006716s ]
INFO: [ view_parse ] --END-- [ RunTime:0.006768s ]
INFO: [ view_filter ] --START--
INFO: Run Behavior\WriteHtmlCacheBehavior [ RunTime:0.000128s ]
INFO: [ view_filter ] --END-- [ RunTime:0.000170s ]
INFO: [ app_end ] --START--
INFO: Run Behavior\ShowPageTraceBehavior [ RunTime:0.000358s ]
INFO: [ app_end ] --END-- [ RunTime:0.000409s ]

[ 2017-12-09T13:44:59+08:00 ] 10.203.87.249 /ziyuangongxiang/index.php?m=Home&c=File&a=showfile
INFO: [ app_init ] --START--
INFO: Run Behavior\BuildLiteBehavior [ RunTime:0.000013s ]
INFO: [ app_init ] --END-- [ RunTime:0.000242s ]
INFO: [ app_begin ] --START--
INFO: Run Behavior\ReadHtmlCacheBehavior [ RunTime:0.000306s ]
INFO: [ app_begin ] --END-- [ RunTime:0.000357s ]
SQL: SHOW COLUMNS FROM `file` [ RunTime:0.0010s ]
SQL: SELECT * FROM `file` WHERE ( fileusername='12'and isdelete=0 and filesavefolder='ziyuan' ) ORDER BY upfile_time desc  [ RunTime:0.0004s ]
SQL: SELECT DISTINCT  `filelabel` FROM `file` WHERE ( fileusername='12' and isdelete=0 and filelabel !='' )  [ RunTime:0.0003s ]
NOTIC: [8] Use of undefined constant label - assumed 'label' /usr/local/nginx/html/parabola923/ziyuangongxiang/Application/Home/Controller/FileController.class.php 第 33 行.
INFO: [ app_end ] --START--
INFO: Run Behavior\ShowPageTraceBehavior [ RunTime:0.000333s ]
INFO: [ app_end ] --END-- [ RunTime:0.000383s ]

[ 2017-12-09T13:45:07+08:00 ] 10.203.87.249 /ziyuangongxiang/index.php?teacherid=MTAwODYxMjM0NTc5
INFO: [ app_init ] --START--
INFO: Run Behavior\BuildLiteBehavior [ RunTime:0.000025s ]
INFO: [ app_init ] --END-- [ RunTime:0.000396s ]
INFO: [ app_begin ] --START--
INFO: Run Behavior\ReadHtmlCacheBehavior [ RunTime:0.000485s ]
INFO: [ app_begin ] --END-- [ RunTime:0.000560s ]
SQL: SHOW COLUMNS FROM `file` [ RunTime:0.0010s ]
SQL: SELECT DISTINCT  `fileusername` FROM `file` WHERE ( filesavefolder='ziyuan' )  [ RunTime:0.0005s ]
NOTIC: [8] Use of undefined constant fileusername - assumed 'fileusername' /usr/local/nginx/html/parabola923/ziyuangongxiang/Application/Home/Controller/IndexController.class.php 第 13 行.
INFO: [ view_parse ] --START--
INFO: [ template_filter ] --START--
INFO: Run Behavior\ContentReplaceBehavior [ RunTime:0.000084s ]
INFO: [ template_filter ] --END-- [ RunTime:0.000140s ]
INFO: Run Behavior\ParseTemplateBehavior [ RunTime:0.007236s ]
INFO: [ view_parse ] --END-- [ RunTime:0.007297s ]
INFO: [ view_filter ] --START--
INFO: Run Behavior\WriteHtmlCacheBehavior [ RunTime:0.000098s ]
INFO: [ view_filter ] --END-- [ RunTime:0.000141s ]
INFO: [ app_end ] --START--
INFO: Run Behavior\ShowPageTraceBehavior [ RunTime:0.000694s ]
INFO: [ app_end ] --END-- [ RunTime:0.000795s ]

[ 2017-12-09T13:45:09+08:00 ] 10.203.87.249 /ziyuangongxiang/index.php?m=Home&c=File&a=showfile
INFO: [ app_init ] --START--
INFO: Run Behavior\BuildLiteBehavior [ RunTime:0.000018s ]
INFO: [ app_init ] --END-- [ RunTime:0.000368s ]
INFO: [ app_begin ] --START--
INFO: Run Behavior\ReadHtmlCacheBehavior [ RunTime:0.000462s ]
INFO: [ app_begin ] --END-- [ RunTime:0.000567s ]
SQL: SHOW COLUMNS FROM `file` [ RunTime:0.0010s ]
SQL: SELECT `filename`,`filesavename`,`upfile_time`,`filesavefolder`,`fileusername`,`filelabel` FROM `file` WHERE ( filesavefolder='testdata' and isdelete=0 ) ORDER BY upfile_time desc  [ RunTime:0.0004s ]
NOTIC: [8] Undefined index: username /usr/local/nginx/html/parabola923/ziyuangongxiang/Application/Home/Controller/FileController.class.php 第 40 行.
NOTIC: [8] Undefined index: username /usr/local/nginx/html/parabola923/ziyuangongxiang/Application/Home/Controller/FileController.class.php 第 40 行.
INFO: [ app_end ] --START--
INFO: Run Behavior\ShowPageTraceBehavior [ RunTime:0.000356s ]
INFO: [ app_end ] --END-- [ RunTime:0.000405s ]

[ 2017-12-09T13:46:40+08:00 ] 10.203.87.249 /ziyuangongxiang/index.php?teacherid=MTAwODYxMjM0NTc5
INFO: [ app_init ] --START--
INFO: Run Behavior\BuildLiteBehavior [ RunTime:0.000019s ]
INFO: [ app_init ] --END-- [ RunTime:0.000465s ]
INFO: [ app_begin ] --START--
INFO: Run Behavior\ReadHtmlCacheBehavior [ RunTime:0.000494s ]
INFO: [ app_begin ] --END-- [ RunTime:0.000568s ]
SQL: SHOW COLUMNS FROM `file` [ RunTime:0.0013s ]
SQL: SELECT DISTINCT  `fileusername` FROM `file` WHERE ( filesavefolder='ziyuan' )  [ RunTime:0.0004s ]
NOTIC: [8] Use of undefined constant fileusername - assumed 'fileusername' /usr/local/nginx/html/parabola923/ziyuangongxiang/Application/Home/Controller/IndexController.class.php 第 13 行.
INFO: [ view_parse ] --START--
INFO: [ template_filter ] --START--
INFO: Run Behavior\ContentReplaceBehavior [ RunTime:0.000130s ]
INFO: [ template_filter ] --END-- [ RunTime:0.000185s ]
INFO: Run Behavior\ParseTemplateBehavior [ RunTime:0.006786s ]
INFO: [ view_parse ] --END-- [ RunTime:0.006833s ]
INFO: [ view_filter ] --START--
INFO: Run Behavior\WriteHtmlCacheBehavior [ RunTime:0.000097s ]
INFO: [ view_filter ] --END-- [ RunTime:0.000139s ]
INFO: [ app_end ] --START--
INFO: Run Behavior\ShowPageTraceBehavior [ RunTime:0.000298s ]
INFO: [ app_end ] --END-- [ RunTime:0.000352s ]

[ 2017-12-09T13:47:47+08:00 ] 10.203.87.93 /ziyuangongxiang/index.php?teacherid=MTAwODYxMjM0NTgz
INFO: [ app_init ] --START--
INFO: Run Behavior\BuildLiteBehavior [ RunTime:0.000012s ]
INFO: [ app_init ] --END-- [ RunTime:0.000307s ]
INFO: [ app_begin ] --START--
INFO: Run Behavior\ReadHtmlCacheBehavior [ RunTime:0.000324s ]
INFO: [ app_begin ] --END-- [ RunTime:0.000380s ]
SQL: SHOW COLUMNS FROM `file` [ RunTime:0.0014s ]
SQL: SELECT DISTINCT  `fileusername` FROM `file` WHERE ( filesavefolder='ziyuan' )  [ RunTime:0.0007s ]
NOTIC: [8] Use of undefined constant fileusername - assumed 'fileusername' /usr/local/nginx/html/parabola923/ziyuangongxiang/Application/Home/Controller/IndexController.class.php 第 13 行.
INFO: [ view_parse ] --START--
INFO: [ template_filter ] --START--
INFO: Run Behavior\ContentReplaceBehavior [ RunTime:0.000073s ]
INFO: [ template_filter ] --END-- [ RunTime:0.000134s ]
INFO: Run Behavior\ParseTemplateBehavior [ RunTime:0.007756s ]
INFO: [ view_parse ] --END-- [ RunTime:0.007834s ]
INFO: [ view_filter ] --START--
INFO: Run Behavior\WriteHtmlCacheBehavior [ RunTime:0.000100s ]
INFO: [ view_filter ] --END-- [ RunTime:0.000143s ]
INFO: [ app_end ] --START--
INFO: Run Behavior\ShowPageTraceBehavior [ RunTime:0.000341s ]
INFO: [ app_end ] --END-- [ RunTime:0.000390s ]

[ 2017-12-09T13:49:13+08:00 ] 10.203.87.249 /ziyuangongxiang/index.php?teacherid=MTAwODYxMjM0NTc5
INFO: [ app_init ] --START--
INFO: Run Behavior\BuildLiteBehavior [ RunTime:0.000016s ]
INFO: [ app_init ] --END-- [ RunTime:0.000357s ]
INFO: [ app_begin ] --START--
INFO: Run Behavior\ReadHtmlCacheBehavior [ RunTime:0.000449s ]
INFO: [ app_begin ] --END-- [ RunTime:0.000522s ]
SQL: SHOW COLUMNS FROM `file` [ RunTime:0.0010s ]
SQL: SELECT DISTINCT  `fileusername` FROM `file` WHERE ( filesavefolder='ziyuan' )  [ RunTime:0.0004s ]
NOTIC: [8] Use of undefined constant fileusername - assumed 'fileusername' /usr/local/nginx/html/parabola923/ziyuangongxiang/Application/Home/Controller/IndexController.class.php 第 13 行.
INFO: [ view_parse ] --START--
INFO: [ template_filter ] --START--
INFO: Run Behavior\ContentReplaceBehavior [ RunTime:0.000067s ]
INFO: [ template_filter ] --END-- [ RunTime:0.000131s ]
INFO: Run Behavior\ParseTemplateBehavior [ RunTime:0.006904s ]
INFO: [ view_parse ] --END-- [ RunTime:0.006975s ]
INFO: [ view_filter ] --START--
INFO: Run Behavior\WriteHtmlCacheBehavior [ RunTime:0.000098s ]
INFO: [ view_filter ] --END-- [ RunTime:0.000139s ]
INFO: [ app_end ] --START--
INFO: Run Behavior\ShowPageTraceBehavior [ RunTime:0.000340s ]
INFO: [ app_end ] --END-- [ RunTime:0.000397s ]

[ 2017-12-09T13:49:52+08:00 ] 10.203.87.93 /ziyuangongxiang/index.php?teacherid=MTAwODYxMjM0NTgz
INFO: [ app_init ] --START--
INFO: Run Behavior\BuildLiteBehavior [ RunTime:0.000013s ]
INFO: [ app_init ] --END-- [ RunTime:0.000251s ]
INFO: [ app_begin ] --START--
INFO: Run Behavior\ReadHtmlCacheBehavior [ RunTime:0.000306s ]
INFO: [ app_begin ] --END-- [ RunTime:0.000357s ]
SQL: SHOW COLUMNS FROM `file` [ RunTime:0.0010s ]
SQL: SELECT DISTINCT  `fileusername` FROM `file` WHERE ( filesavefolder='ziyuan' )  [ RunTime:0.0005s ]
NOTIC: [8] Use of undefined constant fileusername - assumed 'fileusername' /usr/local/nginx/html/parabola923/ziyuangongxiang/Application/Home/Controller/IndexController.class.php 第 13 行.
INFO: [ view_parse ] --START--
INFO: [ template_filter ] --START--
INFO: Run Behavior\ContentReplaceBehavior [ RunTime:0.000060s ]
INFO: [ template_filter ] --END-- [ RunTime:0.000114s ]
INFO: Run Behavior\ParseTemplateBehavior [ RunTime:0.009530s ]
INFO: [ view_parse ] --END-- [ RunTime:0.009585s ]
INFO: [ view_filter ] --START--
INFO: Run Behavior\WriteHtmlCacheBehavior [ RunTime:0.000127s ]
INFO: [ view_filter ] --END-- [ RunTime:0.000185s ]
INFO: [ app_end ] --START--
INFO: Run Behavior\ShowPageTraceBehavior [ RunTime:0.000357s ]
INFO: [ app_end ] --END-- [ RunTime:0.000410s ]

[ 2017-12-09T13:49:57+08:00 ] 10.203.87.93 /ziyuangongxiang/index.php?teacherid=MTAwODYxMjM0NTgz
INFO: [ app_init ] --START--
INFO: Run Behavior\BuildLiteBehavior [ RunTime:0.000012s ]
INFO: [ app_init ] --END-- [ RunTime:0.000252s ]
INFO: [ app_begin ] --START--
INFO: Run Behavior\ReadHtmlCacheBehavior [ RunTime:0.000289s ]
INFO: [ app_begin ] --END-- [ RunTime:0.000337s ]
SQL: SHOW COLUMNS FROM `file` [ RunTime:0.0010s ]
SQL: SELECT DISTINCT  `fileusername` FROM `file` WHERE ( filesavefolder='ziyuan' )  [ RunTime:0.0005s ]
NOTIC: [8] Use of undefined constant fileusername - assumed 'fileusername' /usr/local/nginx/html/parabola923/ziyuangongxiang/Application/Home/Controller/IndexController.class.php 第 13 行.
INFO: [ view_parse ] --START--
INFO: [ template_filter ] --START--
INFO: Run Behavior\ContentReplaceBehavior [ RunTime:0.000057s ]
INFO: [ template_filter ] --END-- [ RunTime:0.000115s ]
INFO: Run Behavior\ParseTemplateBehavior [ RunTime:0.009120s ]
INFO: [ view_parse ] --END-- [ RunTime:0.009185s ]
INFO: [ view_filter ] --START--
INFO: Run Behavior\WriteHtmlCacheBehavior [ RunTime:0.000100s ]
INFO: [ view_filter ] --END-- [ RunTime:0.000144s ]
INFO: [ app_end ] --START--
INFO: Run Behavior\ShowPageTraceBehavior [ RunTime:0.000502s ]
INFO: [ app_end ] --END-- [ RunTime:0.000583s ]

[ 2017-12-09T13:50:03+08:00 ] 10.203.87.93 /ziyuangongxiang/index.php?teacherid=MTAwODYxMjM0NTgz
INFO: [ app_init ] --START--
INFO: Run Behavior\BuildLiteBehavior [ RunTime:0.000018s ]
INFO: [ app_init ] --END-- [ RunTime:0.000370s ]
INFO: [ app_begin ] --START--
INFO: Run Behavior\ReadHtmlCacheBehavior [ RunTime:0.000451s ]
INFO: [ app_begin ] --END-- [ RunTime:0.000528s ]
SQL: SHOW COLUMNS FROM `file` [ RunTime:0.0015s ]
SQL: SELECT DISTINCT  `fileusername` FROM `file` WHERE ( filesavefolder='ziyuan' )  [ RunTime:0.0008s ]
NOTIC: [8] Use of undefined constant fileusername - assumed 'fileusername' /usr/local/nginx/html/parabola923/ziyuangongxiang/Application/Home/Controller/IndexController.class.php 第 13 行.
INFO: [ view_parse ] --START--
INFO: [ template_filter ] --START--
INFO: Run Behavior\ContentReplaceBehavior [ RunTime:0.000062s ]
INFO: [ template_filter ] --END-- [ RunTime:0.000115s ]
INFO: Run Behavior\ParseTemplateBehavior [ RunTime:0.007189s ]
INFO: [ view_parse ] --END-- [ RunTime:0.007288s ]
INFO: [ view_filter ] --START--
INFO: Run Behavior\WriteHtmlCacheBehavior [ RunTime:0.000111s ]
INFO: [ view_filter ] --END-- [ RunTime:0.000154s ]
INFO: [ app_end ] --START--
INFO: Run Behavior\ShowPageTraceBehavior [ RunTime:0.000340s ]
INFO: [ app_end ] --END-- [ RunTime:0.000389s ]

[ 2017-12-09T13:50:09+08:00 ] 10.203.87.93 /ziyuangongxiang/index.php?m=Home&c=File&a=showfile
INFO: [ app_init ] --START--
INFO: Run Behavior\BuildLiteBehavior [ RunTime:0.000013s ]
INFO: [ app_init ] --END-- [ RunTime:0.000245s ]
INFO: [ app_begin ] --START--
INFO: Run Behavior\ReadHtmlCacheBehavior [ RunTime:0.000321s ]
INFO: [ app_begin ] --END-- [ RunTime:0.000371s ]
SQL: SHOW COLUMNS FROM `file` [ RunTime:0.0010s ]
SQL: SELECT `filename`,`filesavename`,`upfile_time`,`filesavefolder`,`fileusername`,`filelabel` FROM `file` WHERE ( filesavefolder='testdata' and isdelete=0 ) ORDER BY upfile_time desc  [ RunTime:0.0004s ]
NOTIC: [8] Undefined index: username /usr/local/nginx/html/parabola923/ziyuangongxiang/Application/Home/Controller/FileController.class.php 第 40 行.
NOTIC: [8] Undefined index: username /usr/local/nginx/html/parabola923/ziyuangongxiang/Application/Home/Controller/FileController.class.php 第 40 行.
INFO: [ app_end ] --START--
INFO: Run Behavior\ShowPageTraceBehavior [ RunTime:0.000339s ]
INFO: [ app_end ] --END-- [ RunTime:0.000390s ]

[ 2017-12-09T13:50:10+08:00 ] 10.203.87.93 /ziyuangongxiang/index.php?m=Home&c=File&a=showfile
INFO: [ app_init ] --START--
INFO: Run Behavior\BuildLiteBehavior [ RunTime:0.000012s ]
INFO: [ app_init ] --END-- [ RunTime:0.000241s ]
INFO: [ app_begin ] --START--
INFO: Run Behavior\ReadHtmlCacheBehavior [ RunTime:0.000324s ]
INFO: [ app_begin ] --END-- [ RunTime:0.000374s ]
SQL: SHOW COLUMNS FROM `file` [ RunTime:0.0010s ]
SQL: SELECT * FROM `file` WHERE ( fileusername='16'and isdelete=0 and filesavefolder='ziyuan' ) ORDER BY upfile_time desc  [ RunTime:0.0005s ]
SQL: SELECT DISTINCT  `filelabel` FROM `file` WHERE ( fileusername='16' and isdelete=0 and filelabel !='' )  [ RunTime:0.0004s ]
NOTIC: [8] Undefined index: username /usr/local/nginx/html/parabola923/ziyuangongxiang/Application/Home/Controller/FileController.class.php 第 30 行.
NOTIC: [8] Undefined index: username /usr/local/nginx/html/parabola923/ziyuangongxiang/Application/Home/Controller/FileController.class.php 第 30 行.
NOTIC: [8] Undefined index: username /usr/local/nginx/html/parabola923/ziyuangongxiang/Application/Home/Controller/FileController.class.php 第 30 行.
NOTIC: [8] Undefined index: username /usr/local/nginx/html/parabola923/ziyuangongxiang/Application/Home/Controller/FileController.class.php 第 30 行.
NOTIC: [8] Undefined index: username /usr/local/nginx/html/parabola923/ziyuangongxiang/Application/Home/Controller/FileController.class.php 第 30 行.
NOTIC: [8] Undefined index: username /usr/local/nginx/html/parabola923/ziyuangongxiang/Application/Home/Controller/FileController.class.php 第 30 行.
NOTIC: [8] Undefined index: username /usr/local/nginx/html/parabola923/ziyuangongxiang/Application/Home/Controller/FileController.class.php 第 30 行.
NOTIC: [8] Undefined index: username /usr/local/nginx/html/parabola923/ziyuangongxiang/Application/Home/Controller/FileController.class.php 第 30 行.
NOTIC: [8] Use of undefined constant label - assumed 'label' /usr/local/nginx/html/parabola923/ziyuangongxiang/Application/Home/Controller/FileController.class.php 第 33 行.
INFO: [ app_end ] --START--
INFO: Run Behavior\ShowPageTraceBehavior [ RunTime:0.000547s ]
INFO: [ app_end ] --END-- [ RunTime:0.000665s ]

[ 2017-12-09T14:01:49+08:00 ] 10.203.87.119 /ziyuangongxiang/index.php?teacherid=
INFO: [ app_init ] --START--
INFO: Run Behavior\BuildLiteBehavior [ RunTime:0.000013s ]
INFO: [ app_init ] --END-- [ RunTime:0.000241s ]
INFO: [ app_begin ] --START--
INFO: Run Behavior\ReadHtmlCacheBehavior [ RunTime:0.000298s ]
INFO: [ app_begin ] --END-- [ RunTime:0.000346s ]
SQL: SHOW COLUMNS FROM `file` [ RunTime:0.0010s ]
SQL: SELECT DISTINCT  `fileusername` FROM `file` WHERE ( filesavefolder='ziyuan' )  [ RunTime:0.0005s ]
NOTIC: [8] Use of undefined constant fileusername - assumed 'fileusername' /usr/local/nginx/html/parabola923/ziyuangongxiang/Application/Home/Controller/IndexController.class.php 第 13 行.
INFO: [ view_parse ] --START--
INFO: [ template_filter ] --START--
INFO: Run Behavior\ContentReplaceBehavior [ RunTime:0.000061s ]
INFO: [ template_filter ] --END-- [ RunTime:0.000118s ]
INFO: Run Behavior\ParseTemplateBehavior [ RunTime:0.010005s ]
INFO: [ view_parse ] --END-- [ RunTime:0.010062s ]
INFO: [ view_filter ] --START--
INFO: Run Behavior\WriteHtmlCacheBehavior [ RunTime:0.000120s ]
INFO: [ view_filter ] --END-- [ RunTime:0.000163s ]
INFO: [ app_end ] --START--
INFO: Run Behavior\ShowPageTraceBehavior [ RunTime:0.000392s ]
INFO: [ app_end ] --END-- [ RunTime:0.000454s ]

[ 2017-12-09T14:01:51+08:00 ] 10.203.87.119 /ziyuangongxiang/index.php?m=Home&c=File&a=showfile
INFO: [ app_init ] --START--
INFO: Run Behavior\BuildLiteBehavior [ RunTime:0.000013s ]
INFO: [ app_init ] --END-- [ RunTime:0.000234s ]
INFO: [ app_begin ] --START--
INFO: Run Behavior\ReadHtmlCacheBehavior [ RunTime:0.000310s ]
INFO: [ app_begin ] --END-- [ RunTime:0.000360s ]
SQL: SHOW COLUMNS FROM `file` [ RunTime:0.0009s ]
SQL: SELECT * FROM `file` WHERE ( fileusername='-100861234567'and isdelete=0 and filesavefolder='ziyuan' ) ORDER BY upfile_time desc  [ RunTime:0.0006s ]
SQL: SELECT DISTINCT  `filelabel` FROM `file` WHERE ( fileusername='-100861234567' and isdelete=0 and filelabel !='' )  [ RunTime:0.0002s ]
NOTIC: [8] Use of undefined constant label - assumed 'label' /usr/local/nginx/html/parabola923/ziyuangongxiang/Application/Home/Controller/FileController.class.php 第 33 行.
INFO: [ app_end ] --START--
INFO: Run Behavior\ShowPageTraceBehavior [ RunTime:0.000338s ]
INFO: [ app_end ] --END-- [ RunTime:0.000386s ]

[ 2017-12-09T14:07:02+08:00 ] 10.203.87.119 /ziyuangongxiang/index.php?teacherid=MTAwODYxMjM0NTgz
INFO: [ app_init ] --START--
INFO: Run Behavior\BuildLiteBehavior [ RunTime:0.000012s ]
INFO: [ app_init ] --END-- [ RunTime:0.000264s ]
INFO: [ app_begin ] --START--
INFO: Run Behavior\ReadHtmlCacheBehavior [ RunTime:0.000292s ]
INFO: [ app_begin ] --END-- [ RunTime:0.000340s ]
SQL: SHOW COLUMNS FROM `file` [ RunTime:0.0010s ]
SQL: SELECT DISTINCT  `fileusername` FROM `file` WHERE ( filesavefolder='ziyuan' )  [ RunTime:0.0005s ]
NOTIC: [8] Use of undefined constant fileusername - assumed 'fileusername' /usr/local/nginx/html/parabola923/ziyuangongxiang/Application/Home/Controller/IndexController.class.php 第 13 行.
INFO: [ view_parse ] --START--
INFO: [ template_filter ] --START--
INFO: Run Behavior\ContentReplaceBehavior [ RunTime:0.000060s ]
INFO: [ template_filter ] --END-- [ RunTime:0.000114s ]
INFO: Run Behavior\ParseTemplateBehavior [ RunTime:0.008452s ]
INFO: [ view_parse ] --END-- [ RunTime:0.008508s ]
INFO: [ view_filter ] --START--
INFO: Run Behavior\WriteHtmlCacheBehavior [ RunTime:0.000108s ]
INFO: [ view_filter ] --END-- [ RunTime:0.000151s ]
INFO: [ app_end ] --START--
INFO: Run Behavior\ShowPageTraceBehavior [ RunTime:0.000400s ]
INFO: [ app_end ] --END-- [ RunTime:0.000459s ]

[ 2017-12-09T14:07:23+08:00 ] 10.203.87.119 /ziyuangongxiang/index.php?teacherid=MTAwODYxMjM0NTgz
INFO: [ app_init ] --START--
INFO: Run Behavior\BuildLiteBehavior [ RunTime:0.000013s ]
INFO: [ app_init ] --END-- [ RunTime:0.000242s ]
INFO: [ app_begin ] --START--
INFO: Run Behavior\ReadHtmlCacheBehavior [ RunTime:0.000282s ]
INFO: [ app_begin ] --END-- [ RunTime:0.000344s ]
SQL: SHOW COLUMNS FROM `file` [ RunTime:0.0009s ]
SQL: SELECT DISTINCT  `fileusername` FROM `file` WHERE ( filesavefolder='ziyuan' )  [ RunTime:0.0004s ]
NOTIC: [8] Use of undefined constant fileusername - assumed 'fileusername' /usr/local/nginx/html/parabola923/ziyuangongxiang/Application/Home/Controller/IndexController.class.php 第 13 行.
INFO: [ view_parse ] --START--
INFO: [ template_filter ] --START--
INFO: Run Behavior\ContentReplaceBehavior [ RunTime:0.000061s ]
INFO: [ template_filter ] --END-- [ RunTime:0.000114s ]
INFO: Run Behavior\ParseTemplateBehavior [ RunTime:0.008023s ]
INFO: [ view_parse ] --END-- [ RunTime:0.008091s ]
INFO: [ view_filter ] --START--
INFO: Run Behavior\WriteHtmlCacheBehavior [ RunTime:0.000097s ]
INFO: [ view_filter ] --END-- [ RunTime:0.000139s ]
INFO: [ app_end ] --START--
INFO: Run Behavior\ShowPageTraceBehavior [ RunTime:0.000321s ]
INFO: [ app_end ] --END-- [ RunTime:0.000369s ]

[ 2017-12-09T14:09:47+08:00 ] 10.203.87.119 /ziyuangongxiang/index.php?m=Home&c=File&a=showfile
INFO: [ app_init ] --START--
INFO: Run Behavior\BuildLiteBehavior [ RunTime:0.000012s ]
INFO: [ app_init ] --END-- [ RunTime:0.000275s ]
INFO: [ app_begin ] --START--
INFO: Run Behavior\ReadHtmlCacheBehavior [ RunTime:0.000339s ]
INFO: [ app_begin ] --END-- [ RunTime:0.000396s ]
SQL: SHOW COLUMNS FROM `file` [ RunTime:0.0010s ]
SQL: SELECT `filename`,`filesavename`,`upfile_time`,`filesavefolder`,`fileusername`,`filelabel` FROM `file` WHERE ( filesavefolder='testdata' and isdelete=0 ) ORDER BY upfile_time desc  [ RunTime:0.0004s ]
NOTIC: [8] Undefined index: username /usr/local/nginx/html/parabola923/ziyuangongxiang/Application/Home/Controller/FileController.class.php 第 40 行.
NOTIC: [8] Undefined index: username /usr/local/nginx/html/parabola923/ziyuangongxiang/Application/Home/Controller/FileController.class.php 第 40 行.
INFO: [ app_end ] --START--
INFO: Run Behavior\ShowPageTraceBehavior [ RunTime:0.000352s ]
INFO: [ app_end ] --END-- [ RunTime:0.000404s ]

[ 2017-12-09T14:09:48+08:00 ] 10.203.87.119 /ziyuangongxiang/index.php?m=Home&c=File&a=showfile
INFO: [ app_init ] --START--
INFO: Run Behavior\BuildLiteBehavior [ RunTime:0.000012s ]
INFO: [ app_init ] --END-- [ RunTime:0.000240s ]
INFO: [ app_begin ] --START--
INFO: Run Behavior\ReadHtmlCacheBehavior [ RunTime:0.000328s ]
INFO: [ app_begin ] --END-- [ RunTime:0.000378s ]
SQL: SHOW COLUMNS FROM `file` [ RunTime:0.0010s ]
SQL: SELECT * FROM `file` WHERE ( fileusername='16'and isdelete=0 and filesavefolder='ziyuan' ) ORDER BY upfile_time desc  [ RunTime:0.0005s ]
SQL: SELECT DISTINCT  `filelabel` FROM `file` WHERE ( fileusername='16' and isdelete=0 and filelabel !='' )  [ RunTime:0.0003s ]
NOTIC: [8] Undefined index: username /usr/local/nginx/html/parabola923/ziyuangongxiang/Application/Home/Controller/FileController.class.php 第 30 行.
NOTIC: [8] Undefined index: username /usr/local/nginx/html/parabola923/ziyuangongxiang/Application/Home/Controller/FileController.class.php 第 30 行.
NOTIC: [8] Undefined index: username /usr/local/nginx/html/parabola923/ziyuangongxiang/Application/Home/Controller/FileController.class.php 第 30 行.
NOTIC: [8] Undefined index: username /usr/local/nginx/html/parabola923/ziyuangongxiang/Application/Home/Controller/FileController.class.php 第 30 行.
NOTIC: [8] Undefined index: username /usr/local/nginx/html/parabola923/ziyuangongxiang/Application/Home/Controller/FileController.class.php 第 30 行.
NOTIC: [8] Undefined index: username /usr/local/nginx/html/parabola923/ziyuangongxiang/Application/Home/Controller/FileController.class.php 第 30 行.
NOTIC: [8] Undefined index: username /usr/local/nginx/html/parabola923/ziyuangongxiang/Application/Home/Controller/FileController.class.php 第 30 行.
NOTIC: [8] Undefined index: username /usr/local/nginx/html/parabola923/ziyuangongxiang/Application/Home/Controller/FileController.class.php 第 30 行.
NOTIC: [8] Use of undefined constant label - assumed 'label' /usr/local/nginx/html/parabola923/ziyuangongxiang/Application/Home/Controller/FileController.class.php 第 33 行.
INFO: [ app_end ] --START--
INFO: Run Behavior\ShowPageTraceBehavior [ RunTime:0.000343s ]
INFO: [ app_end ] --END-- [ RunTime:0.000399s ]

[ 2017-12-09T14:09:50+08:00 ] 10.203.87.119 /ziyuangongxiang/index.php?m=Home&c=File&a=showfile
INFO: [ app_init ] --START--
INFO: Run Behavior\BuildLiteBehavior [ RunTime:0.000012s ]
INFO: [ app_init ] --END-- [ RunTime:0.000232s ]
INFO: [ app_begin ] --START--
INFO: Run Behavior\ReadHtmlCacheBehavior [ RunTime:0.000315s ]
INFO: [ app_begin ] --END-- [ RunTime:0.000365s ]
SQL: SHOW COLUMNS FROM `file` [ RunTime:0.0013s ]
SQL: SELECT `filename`,`filesavename`,`upfile_time`,`filesavefolder`,`fileusername`,`filelabel` FROM `file` WHERE ( filesavefolder='testdata' and isdelete=0 ) ORDER BY upfile_time desc  [ RunTime:0.0005s ]
NOTIC: [8] Undefined index: username /usr/local/nginx/html/parabola923/ziyuangongxiang/Application/Home/Controller/FileController.class.php 第 40 行.
NOTIC: [8] Undefined index: username /usr/local/nginx/html/parabola923/ziyuangongxiang/Application/Home/Controller/FileController.class.php 第 40 行.
INFO: [ app_end ] --START--
INFO: Run Behavior\ShowPageTraceBehavior [ RunTime:0.000511s ]
INFO: [ app_end ] --END-- [ RunTime:0.000586s ]

[ 2017-12-09T14:09:51+08:00 ] 10.203.87.119 /ziyuangongxiang/index.php?m=Home&c=File&a=showfile
INFO: [ app_init ] --START--
INFO: Run Behavior\BuildLiteBehavior [ RunTime:0.000011s ]
INFO: [ app_init ] --END-- [ RunTime:0.000220s ]
INFO: [ app_begin ] --START--
INFO: Run Behavior\ReadHtmlCacheBehavior [ RunTime:0.000291s ]
INFO: [ app_begin ] --END-- [ RunTime:0.000341s ]
SQL: SHOW COLUMNS FROM `file` [ RunTime:0.0013s ]
SQL: SELECT * FROM `file` WHERE ( fileusername='16'and isdelete=0 and filesavefolder='ziyuan' ) ORDER BY upfile_time desc  [ RunTime:0.0006s ]
SQL: SELECT DISTINCT  `filelabel` FROM `file` WHERE ( fileusername='16' and isdelete=0 and filelabel !='' )  [ RunTime:0.0004s ]
NOTIC: [8] Undefined index: username /usr/local/nginx/html/parabola923/ziyuangongxiang/Application/Home/Controller/FileController.class.php 第 30 行.
NOTIC: [8] Undefined index: username /usr/local/nginx/html/parabola923/ziyuangongxiang/Application/Home/Controller/FileController.class.php 第 30 行.
NOTIC: [8] Undefined index: username /usr/local/nginx/html/parabola923/ziyuangongxiang/Application/Home/Controller/FileController.class.php 第 30 行.
NOTIC: [8] Undefined index: username /usr/local/nginx/html/parabola923/ziyuangongxiang/Application/Home/Controller/FileController.class.php 第 30 行.
NOTIC: [8] Undefined index: username /usr/local/nginx/html/parabola923/ziyuangongxiang/Application/Home/Controller/FileController.class.php 第 30 行.
NOTIC: [8] Undefined index: username /usr/local/nginx/html/parabola923/ziyuangongxiang/Application/Home/Controller/FileController.class.php 第 30 行.
NOTIC: [8] Undefined index: username /usr/local/nginx/html/parabola923/ziyuangongxiang/Application/Home/Controller/FileController.class.php 第 30 行.
NOTIC: [8] Undefined index: username /usr/local/nginx/html/parabola923/ziyuangongxiang/Application/Home/Controller/FileController.class.php 第 30 行.
NOTIC: [8] Use of undefined constant label - assumed 'label' /usr/local/nginx/html/parabola923/ziyuangongxiang/Application/Home/Controller/FileController.class.php 第 33 行.
INFO: [ app_end ] --START--
INFO: Run Behavior\ShowPageTraceBehavior [ RunTime:0.000607s ]
INFO: [ app_end ] --END-- [ RunTime:0.000733s ]

[ 2017-12-09T14:09:54+08:00 ] 10.203.87.119 /ziyuangongxiang/index.php?m=Home&c=File&a=showfile
INFO: [ app_init ] --START--
INFO: Run Behavior\BuildLiteBehavior [ RunTime:0.000012s ]
INFO: [ app_init ] --END-- [ RunTime:0.000229s ]
INFO: [ app_begin ] --START--
INFO: Run Behavior\ReadHtmlCacheBehavior [ RunTime:0.000314s ]
INFO: [ app_begin ] --END-- [ RunTime:0.000363s ]
SQL: SHOW COLUMNS FROM `file` [ RunTime:0.0013s ]
SQL: SELECT `filename`,`filesavename`,`upfile_time`,`filesavefolder`,`fileusername`,`filelabel` FROM `file` WHERE ( filesavefolder='testdata' and isdelete=0 ) ORDER BY upfile_time desc  [ RunTime:0.0006s ]
NOTIC: [8] Undefined index: username /usr/local/nginx/html/parabola923/ziyuangongxiang/Application/Home/Controller/FileController.class.php 第 40 行.
NOTIC: [8] Undefined index: username /usr/local/nginx/html/parabola923/ziyuangongxiang/Application/Home/Controller/FileController.class.php 第 40 行.
INFO: [ app_end ] --START--
INFO: Run Behavior\ShowPageTraceBehavior [ RunTime:0.000565s ]
INFO: [ app_end ] --END-- [ RunTime:0.000649s ]

[ 2017-12-09T14:10:38+08:00 ] 10.203.87.119 /ziyuangongxiang/index.php?m=Home&c=File&a=showfile
INFO: [ app_init ] --START--
INFO: Run Behavior\BuildLiteBehavior [ RunTime:0.000012s ]
INFO: [ app_init ] --END-- [ RunTime:0.000240s ]
INFO: [ app_begin ] --START--
INFO: Run Behavior\ReadHtmlCacheBehavior [ RunTime:0.000294s ]
INFO: [ app_begin ] --END-- [ RunTime:0.000345s ]
SQL: SHOW COLUMNS FROM `file` [ RunTime:0.0082s ]
SQL: SELECT * FROM `file` WHERE ( fileusername='16'and isdelete=0 and filesavefolder='ziyuan' ) ORDER BY upfile_time desc  [ RunTime:0.0006s ]
SQL: SELECT DISTINCT  `filelabel` FROM `file` WHERE ( fileusername='16' and isdelete=0 and filelabel !='' )  [ RunTime:0.0004s ]
NOTIC: [8] Undefined index: username /usr/local/nginx/html/parabola923/ziyuangongxiang/Application/Home/Controller/FileController.class.php 第 30 行.
NOTIC: [8] Undefined index: username /usr/local/nginx/html/parabola923/ziyuangongxiang/Application/Home/Controller/FileController.class.php 第 30 行.
NOTIC: [8] Undefined index: username /usr/local/nginx/html/parabola923/ziyuangongxiang/Application/Home/Controller/FileController.class.php 第 30 行.
NOTIC: [8] Undefined index: username /usr/local/nginx/html/parabola923/ziyuangongxiang/Application/Home/Controller/FileController.class.php 第 30 行.
NOTIC: [8] Undefined index: username /usr/local/nginx/html/parabola923/ziyuangongxiang/Application/Home/Controller/FileController.class.php 第 30 行.
NOTIC: [8] Undefined index: username /usr/local/nginx/html/parabola923/ziyuangongxiang/Application/Home/Controller/FileController.class.php 第 30 行.
NOTIC: [8] Undefined index: username /usr/local/nginx/html/parabola923/ziyuangongxiang/Application/Home/Controller/FileController.class.php 第 30 行.
NOTIC: [8] Undefined index: username /usr/local/nginx/html/parabola923/ziyuangongxiang/Application/Home/Controller/FileController.class.php 第 30 行.
NOTIC: [8] Use of undefined constant label - assumed 'label' /usr/local/nginx/html/parabola923/ziyuangongxiang/Application/Home/Controller/FileController.class.php 第 33 行.
INFO: [ app_end ] --START--
INFO: Run Behavior\ShowPageTraceBehavior [ RunTime:0.000555s ]
INFO: [ app_end ] --END-- [ RunTime:0.000644s ]

[ 2017-12-09T14:10:39+08:00 ] 10.203.87.119 /ziyuangongxiang/index.php?m=Home&c=File&a=showfile
INFO: [ app_init ] --START--
INFO: Run Behavior\BuildLiteBehavior [ RunTime:0.000012s ]
INFO: [ app_init ] --END-- [ RunTime:0.000233s ]
INFO: [ app_begin ] --START--
INFO: Run Behavior\ReadHtmlCacheBehavior [ RunTime:0.000273s ]
INFO: [ app_begin ] --END-- [ RunTime:0.000322s ]
SQL: SHOW COLUMNS FROM `file` [ RunTime:0.0013s ]
SQL: SELECT `filename`,`filesavename`,`upfile_time`,`filesavefolder`,`fileusername`,`filelabel` FROM `file` WHERE ( filesavefolder='testdata' and isdelete=0 ) ORDER BY upfile_time desc  [ RunTime:0.0005s ]
NOTIC: [8] Undefined index: username /usr/local/nginx/html/parabola923/ziyuangongxiang/Application/Home/Controller/FileController.class.php 第 40 行.
NOTIC: [8] Undefined index: username /usr/local/nginx/html/parabola923/ziyuangongxiang/Application/Home/Controller/FileController.class.php 第 40 行.
INFO: [ app_end ] --START--
INFO: Run Behavior\ShowPageTraceBehavior [ RunTime:0.000556s ]
INFO: [ app_end ] --END-- [ RunTime:0.000648s ]

[ 2017-12-09T14:10:46+08:00 ] 10.203.87.119 /ziyuangongxiang/index.php?m=Home&c=File&a=showfile
INFO: [ app_init ] --START--
INFO: Run Behavior\BuildLiteBehavior [ RunTime:0.000012s ]
INFO: [ app_init ] --END-- [ RunTime:0.000245s ]
INFO: [ app_begin ] --START--
INFO: Run Behavior\ReadHtmlCacheBehavior [ RunTime:0.000306s ]
INFO: [ app_begin ] --END-- [ RunTime:0.000355s ]
SQL: SHOW COLUMNS FROM `file` [ RunTime:0.0009s ]
SQL: SELECT * FROM `file` WHERE ( fileusername='16'and isdelete=0 and filesavefolder='ziyuan' ) ORDER BY upfile_time desc  [ RunTime:0.0004s ]
SQL: SELECT DISTINCT  `filelabel` FROM `file` WHERE ( fileusername='16' and isdelete=0 and filelabel !='' )  [ RunTime:0.0003s ]
NOTIC: [8] Undefined index: username /usr/local/nginx/html/parabola923/ziyuangongxiang/Application/Home/Controller/FileController.class.php 第 30 行.
NOTIC: [8] Undefined index: username /usr/local/nginx/html/parabola923/ziyuangongxiang/Application/Home/Controller/FileController.class.php 第 30 行.
NOTIC: [8] Undefined index: username /usr/local/nginx/html/parabola923/ziyuangongxiang/Application/Home/Controller/FileController.class.php 第 30 行.
NOTIC: [8] Undefined index: username /usr/local/nginx/html/parabola923/ziyuangongxiang/Application/Home/Controller/FileController.class.php 第 30 行.
NOTIC: [8] Undefined index: username /usr/local/nginx/html/parabola923/ziyuangongxiang/Application/Home/Controller/FileController.class.php 第 30 行.
NOTIC: [8] Undefined index: username /usr/local/nginx/html/parabola923/ziyuangongxiang/Application/Home/Controller/FileController.class.php 第 30 行.
NOTIC: [8] Undefined index: username /usr/local/nginx/html/parabola923/ziyuangongxiang/Application/Home/Controller/FileController.class.php 第 30 行.
NOTIC: [8] Undefined index: username /usr/local/nginx/html/parabola923/ziyuangongxiang/Application/Home/Controller/FileController.class.php 第 30 行.
NOTIC: [8] Use of undefined constant label - assumed 'label' /usr/local/nginx/html/parabola923/ziyuangongxiang/Application/Home/Controller/FileController.class.php 第 33 行.
INFO: [ app_end ] --START--
INFO: Run Behavior\ShowPageTraceBehavior [ RunTime:0.000305s ]
INFO: [ app_end ] --END-- [ RunTime:0.000358s ]

[ 2017-12-09T18:07:28+08:00 ] 10.204.99.96 /ziyuangongxiang/index.php?teacherid=MTAwODYxMjM0NTgx
INFO: [ app_init ] --START--
INFO: Run Behavior\BuildLiteBehavior [ RunTime:0.000012s ]
INFO: [ app_init ] --END-- [ RunTime:0.000239s ]
INFO: [ app_begin ] --START--
INFO: Run Behavior\ReadHtmlCacheBehavior [ RunTime:0.000297s ]
INFO: [ app_begin ] --END-- [ RunTime:0.000344s ]
SQL: SHOW COLUMNS FROM `file` [ RunTime:0.0014s ]
SQL: SELECT DISTINCT  `fileusername` FROM `file` WHERE ( filesavefolder='ziyuan' )  [ RunTime:0.0007s ]
NOTIC: [8] Use of undefined constant fileusername - assumed 'fileusername' /usr/local/nginx/html/parabola923/ziyuangongxiang/Application/Home/Controller/IndexController.class.php 第 13 行.
INFO: [ view_parse ] --START--
INFO: [ template_filter ] --START--
INFO: Run Behavior\ContentReplaceBehavior [ RunTime:0.000063s ]
INFO: [ template_filter ] --END-- [ RunTime:0.000117s ]
INFO: Run Behavior\ParseTemplateBehavior [ RunTime:0.009133s ]
INFO: [ view_parse ] --END-- [ RunTime:0.009196s ]
INFO: [ view_filter ] --START--
INFO: Run Behavior\WriteHtmlCacheBehavior [ RunTime:0.000104s ]
INFO: [ view_filter ] --END-- [ RunTime:0.000146s ]
INFO: [ app_end ] --START--
INFO: Run Behavior\ShowPageTraceBehavior [ RunTime:0.000344s ]
INFO: [ app_end ] --END-- [ RunTime:0.000413s ]

[ 2017-12-09T20:31:11+08:00 ] 10.205.33.206 /ziyuangongxiang/index.php?teacherid=MTAwODYxMjM0NTgw
INFO: [ app_init ] --START--
INFO: Run Behavior\BuildLiteBehavior [ RunTime:0.000013s ]
INFO: [ app_init ] --END-- [ RunTime:0.000250s ]
INFO: [ app_begin ] --START--
INFO: Run Behavior\ReadHtmlCacheBehavior [ RunTime:0.000323s ]
INFO: [ app_begin ] --END-- [ RunTime:0.000374s ]
SQL: SHOW COLUMNS FROM `file` [ RunTime:0.0010s ]
SQL: SELECT DISTINCT  `fileusername` FROM `file` WHERE ( filesavefolder='ziyuan' )  [ RunTime:0.0005s ]
NOTIC: [8] Use of undefined constant fileusername - assumed 'fileusername' /usr/local/nginx/html/parabola923/ziyuangongxiang/Application/Home/Controller/IndexController.class.php 第 13 行.
INFO: [ view_parse ] --START--
INFO: [ template_filter ] --START--
INFO: Run Behavior\ContentReplaceBehavior [ RunTime:0.000068s ]
INFO: [ template_filter ] --END-- [ RunTime:0.000124s ]
INFO: Run Behavior\ParseTemplateBehavior [ RunTime:0.008282s ]
INFO: [ view_parse ] --END-- [ RunTime:0.008350s ]
INFO: [ view_filter ] --START--
INFO: Run Behavior\WriteHtmlCacheBehavior [ RunTime:0.000108s ]
INFO: [ view_filter ] --END-- [ RunTime:0.000154s ]
INFO: [ app_end ] --START--
INFO: Run Behavior\ShowPageTraceBehavior [ RunTime:0.000355s ]
INFO: [ app_end ] --END-- [ RunTime:0.000405s ]

[ 2017-12-09T23:48:24+08:00 ] 10.160.0.34 /ziyuangongxiang/index.php?teacherid=
INFO: [ app_init ] --START--
INFO: Run Behavior\BuildLiteBehavior [ RunTime:0.000019s ]
INFO: [ app_init ] --END-- [ RunTime:0.000434s ]
INFO: [ app_begin ] --START--
INFO: Run Behavior\ReadHtmlCacheBehavior [ RunTime:0.000613s ]
INFO: [ app_begin ] --END-- [ RunTime:0.000725s ]
SQL: SHOW COLUMNS FROM `file` [ RunTime:0.0013s ]
SQL: SELECT DISTINCT  `fileusername` FROM `file` WHERE ( filesavefolder='ziyuan' )  [ RunTime:0.0007s ]
NOTIC: [8] Use of undefined constant fileusername - assumed 'fileusername' /usr/local/nginx/html/parabola923/ziyuangongxiang/Application/Home/Controller/IndexController.class.php 第 13 行.
INFO: [ view_parse ] --START--
INFO: [ template_filter ] --START--
INFO: Run Behavior\ContentReplaceBehavior [ RunTime:0.000067s ]
INFO: [ template_filter ] --END-- [ RunTime:0.000124s ]
INFO: Run Behavior\ParseTemplateBehavior [ RunTime:0.009211s ]
INFO: [ view_parse ] --END-- [ RunTime:0.009283s ]
INFO: [ view_filter ] --START--
INFO: Run Behavior\WriteHtmlCacheBehavior [ RunTime:0.000099s ]
INFO: [ view_filter ] --END-- [ RunTime:0.000142s ]
INFO: [ app_end ] --START--
INFO: Run Behavior\ShowPageTraceBehavior [ RunTime:0.000360s ]
INFO: [ app_end ] --END-- [ RunTime:0.000414s ]

[ 2017-12-09T23:51:57+08:00 ] 10.160.0.34 /ziyuangongxiang/index.php?teacherid=MTAwODYxMjM0NTgz
INFO: [ app_init ] --START--
INFO: Run Behavior\BuildLiteBehavior [ RunTime:0.000019s ]
INFO: [ app_init ] --END-- [ RunTime:0.000478s ]
INFO: [ app_begin ] --START--
INFO: Run Behavior\ReadHtmlCacheBehavior [ RunTime:0.000642s ]
INFO: [ app_begin ] --END-- [ RunTime:0.000730s ]
SQL: SHOW COLUMNS FROM `file` [ RunTime:0.0009s ]
SQL: SELECT DISTINCT  `fileusername` FROM `file` WHERE ( filesavefolder='ziyuan' )  [ RunTime:0.0005s ]
NOTIC: [8] Use of undefined constant fileusername - assumed 'fileusername' /usr/local/nginx/html/parabola923/ziyuangongxiang/Application/Home/Controller/IndexController.class.php 第 13 行.
INFO: [ view_parse ] --START--
INFO: [ template_filter ] --START--
INFO: Run Behavior\ContentReplaceBehavior [ RunTime:0.000097s ]
INFO: [ template_filter ] --END-- [ RunTime:0.000180s ]
INFO: Run Behavior\ParseTemplateBehavior [ RunTime:0.010309s ]
INFO: [ view_parse ] --END-- [ RunTime:0.010408s ]
INFO: [ view_filter ] --START--
INFO: Run Behavior\WriteHtmlCacheBehavior [ RunTime:0.000152s ]
INFO: [ view_filter ] --END-- [ RunTime:0.000218s ]
INFO: [ app_end ] --START--
INFO: Run Behavior\ShowPageTraceBehavior [ RunTime:0.000581s ]
INFO: [ app_end ] --END-- [ RunTime:0.000682s ]

[ 2017-12-09T23:56:54+08:00 ] 10.160.0.34 /ziyuangongxiang/index.php?teacherid=MTAwODYxMjM0NTgz
INFO: [ app_init ] --START--
INFO: Run Behavior\BuildLiteBehavior [ RunTime:0.000018s ]
INFO: [ app_init ] --END-- [ RunTime:0.000355s ]
INFO: [ app_begin ] --START--
INFO: Run Behavior\ReadHtmlCacheBehavior [ RunTime:0.000437s ]
INFO: [ app_begin ] --END-- [ RunTime:0.000511s ]
SQL: SHOW COLUMNS FROM `file` [ RunTime:0.0013s ]
SQL: SELECT DISTINCT  `fileusername` FROM `file` WHERE ( filesavefolder='ziyuan' )  [ RunTime:0.0007s ]
NOTIC: [8] Use of undefined constant fileusername - assumed 'fileusername' /usr/local/nginx/html/parabola923/ziyuangongxiang/Application/Home/Controller/IndexController.class.php 第 13 行.
INFO: [ view_parse ] --START--
INFO: [ template_filter ] --START--
INFO: Run Behavior\ContentReplaceBehavior [ RunTime:0.000066s ]
INFO: [ template_filter ] --END-- [ RunTime:0.000121s ]
INFO: Run Behavior\ParseTemplateBehavior [ RunTime:0.006822s ]
INFO: [ view_parse ] --END-- [ RunTime:0.006892s ]
INFO: [ view_filter ] --START--
INFO: Run Behavior\WriteHtmlCacheBehavior [ RunTime:0.000101s ]
INFO: [ view_filter ] --END-- [ RunTime:0.000144s ]
INFO: [ app_end ] --START--
INFO: Run Behavior\ShowPageTraceBehavior [ RunTime:0.000363s ]
INFO: [ app_end ] --END-- [ RunTime:0.000411s ]

[ 2017-12-09T23:56:55+08:00 ] 10.160.0.34 /ziyuangongxiang/index.php?teacherid=MTAwODYxMjM0NTgz
INFO: [ app_init ] --START--
INFO: Run Behavior\BuildLiteBehavior [ RunTime:0.000012s ]
INFO: [ app_init ] --END-- [ RunTime:0.000228s ]
INFO: [ app_begin ] --START--
INFO: Run Behavior\ReadHtmlCacheBehavior [ RunTime:0.000284s ]
INFO: [ app_begin ] --END-- [ RunTime:0.000332s ]
SQL: SHOW COLUMNS FROM `file` [ RunTime:0.0161s ]
SQL: SELECT DISTINCT  `fileusername` FROM `file` WHERE ( filesavefolder='ziyuan' )  [ RunTime:0.0005s ]
NOTIC: [8] Use of undefined constant fileusername - assumed 'fileusername' /usr/local/nginx/html/parabola923/ziyuangongxiang/Application/Home/Controller/IndexController.class.php 第 13 行.
INFO: [ view_parse ] --START--
INFO: [ template_filter ] --START--
INFO: Run Behavior\ContentReplaceBehavior [ RunTime:0.000090s ]
INFO: [ template_filter ] --END-- [ RunTime:0.000146s ]
INFO: Run Behavior\ParseTemplateBehavior [ RunTime:0.006292s ]
INFO: [ view_parse ] --END-- [ RunTime:0.006338s ]
INFO: [ view_filter ] --START--
INFO: Run Behavior\WriteHtmlCacheBehavior [ RunTime:0.000098s ]
INFO: [ view_filter ] --END-- [ RunTime:0.000139s ]
INFO: [ app_end ] --START--
INFO: Run Behavior\ShowPageTraceBehavior [ RunTime:0.000451s ]
INFO: [ app_end ] --END-- [ RunTime:0.000507s ]

[ 2017-12-09T23:59:30+08:00 ] 10.160.0.34 /ziyuangongxiang/index.php?teacherid=MTAwODYxMjM0NTgz
INFO: [ app_init ] --START--
INFO: Run Behavior\BuildLiteBehavior [ RunTime:0.000013s ]
INFO: [ app_init ] --END-- [ RunTime:0.000239s ]
INFO: [ app_begin ] --START--
INFO: Run Behavior\ReadHtmlCacheBehavior [ RunTime:0.000312s ]
INFO: [ app_begin ] --END-- [ RunTime:0.000360s ]
SQL: SHOW COLUMNS FROM `file` [ RunTime:0.0010s ]
SQL: SELECT DISTINCT  `fileusername` FROM `file` WHERE ( filesavefolder='ziyuan' )  [ RunTime:0.0005s ]
NOTIC: [8] Use of undefined constant fileusername - assumed 'fileusername' /usr/local/nginx/html/parabola923/ziyuangongxiang/Application/Home/Controller/IndexController.class.php 第 13 行.
INFO: [ view_parse ] --START--
INFO: [ template_filter ] --START--
INFO: Run Behavior\ContentReplaceBehavior [ RunTime:0.000058s ]
INFO: [ template_filter ] --END-- [ RunTime:0.000114s ]
INFO: Run Behavior\ParseTemplateBehavior [ RunTime:0.008274s ]
INFO: [ view_parse ] --END-- [ RunTime:0.008329s ]
INFO: [ view_filter ] --START--
INFO: Run Behavior\WriteHtmlCacheBehavior [ RunTime:0.000100s ]
INFO: [ view_filter ] --END-- [ RunTime:0.000142s ]
INFO: [ app_end ] --START--
INFO: Run Behavior\ShowPageTraceBehavior [ RunTime:0.000331s ]
INFO: [ app_end ] --END-- [ RunTime:0.000388s ]

[ 2017-12-09T23:59:33+08:00 ] 10.160.0.34 /ziyuangongxiang/index.php?m=Home&c=File&a=showfile
INFO: [ app_init ] --START--
INFO: Run Behavior\BuildLiteBehavior [ RunTime:0.000013s ]
INFO: [ app_init ] --END-- [ RunTime:0.000234s ]
INFO: [ app_begin ] --START--
INFO: Run Behavior\ReadHtmlCacheBehavior [ RunTime:0.000304s ]
INFO: [ app_begin ] --END-- [ RunTime:0.000354s ]
SQL: SHOW COLUMNS FROM `file` [ RunTime:0.0009s ]
SQL: SELECT `filename`,`filesavename`,`upfile_time`,`filesavefolder`,`fileusername`,`filelabel` FROM `file` WHERE ( filesavefolder='testdata' and isdelete=0 ) ORDER BY upfile_time desc  [ RunTime:0.0004s ]
NOTIC: [8] Undefined index: username /usr/local/nginx/html/parabola923/ziyuangongxiang/Application/Home/Controller/FileController.class.php 第 40 行.
NOTIC: [8] Undefined index: username /usr/local/nginx/html/parabola923/ziyuangongxiang/Application/Home/Controller/FileController.class.php 第 40 行.
INFO: [ app_end ] --START--
INFO: Run Behavior\ShowPageTraceBehavior [ RunTime:0.000325s ]
INFO: [ app_end ] --END-- [ RunTime:0.000382s ]

