[ 2017-12-20T12:53:05+08:00 ] 10.203.72.99 /ziyuangongxiang/index.php?teacherid=MTAwODYxMjM0NTgx
INFO: [ app_init ] --START--
INFO: Run Behavior\BuildLiteBehavior [ RunTime:0.000021s ]
INFO: [ app_init ] --END-- [ RunTime:0.000433s ]
INFO: [ app_begin ] --START--
INFO: Run Behavior\ReadHtmlCacheBehavior [ RunTime:0.000549s ]
INFO: [ app_begin ] --END-- [ RunTime:0.000634s ]
SQL: SHOW COLUMNS FROM `file` [ RunTime:0.0011s ]
SQL: SELECT DISTINCT  `fileusername` FROM `file` WHERE ( filesavefolder='ziyuan' )  [ RunTime:0.0004s ]
NOTIC: [8] Use of undefined constant fileusername - assumed 'fileusername' /usr/local/nginx/html/parabola923/ziyuangongxiang/Application/Home/Controller/IndexController.class.php 第 13 行.
INFO: [ view_parse ] --START--
INFO: [ template_filter ] --START--
INFO: Run Behavior\ContentReplaceBehavior [ RunTime:0.000060s ]
INFO: [ template_filter ] --END-- [ RunTime:0.000116s ]
INFO: Run Behavior\ParseTemplateBehavior [ RunTime:0.008157s ]
INFO: [ view_parse ] --END-- [ RunTime:0.008235s ]
INFO: [ view_filter ] --START--
INFO: Run Behavior\WriteHtmlCacheBehavior [ RunTime:0.000116s ]
INFO: [ view_filter ] --END-- [ RunTime:0.000158s ]
INFO: [ app_end ] --START--
INFO: Run Behavior\ShowPageTraceBehavior [ RunTime:0.000350s ]
INFO: [ app_end ] --END-- [ RunTime:0.000397s ]

[ 2017-12-20T12:53:10+08:00 ] 10.203.72.99 /ziyuangongxiang/index.php?m=Home&c=File&a=showfile
INFO: [ app_init ] --START--
INFO: Run Behavior\BuildLiteBehavior [ RunTime:0.000012s ]
INFO: [ app_init ] --END-- [ RunTime:0.000254s ]
INFO: [ app_begin ] --START--
INFO: Run Behavior\ReadHtmlCacheBehavior [ RunTime:0.000307s ]
INFO: [ app_begin ] --END-- [ RunTime:0.000357s ]
SQL: SHOW COLUMNS FROM `file` [ RunTime:0.0010s ]
SQL: SELECT * FROM `file` WHERE ( fileusername='14'and isdelete=0 and filesavefolder='ziyuan' ) ORDER BY upfile_time desc  [ RunTime:0.0005s ]
SQL: SELECT DISTINCT  `filelabel` FROM `file` WHERE ( fileusername='14' and isdelete=0 and filelabel !='' )  [ RunTime:0.0004s ]
NOTIC: [8] Use of undefined constant label - assumed 'label' /usr/local/nginx/html/parabola923/ziyuangongxiang/Application/Home/Controller/FileController.class.php 第 33 行.
INFO: [ app_end ] --START--
INFO: Run Behavior\ShowPageTraceBehavior [ RunTime:0.000510s ]
INFO: [ app_end ] --END-- [ RunTime:0.000580s ]

[ 2017-12-20T12:53:15+08:00 ] 10.203.72.99 /ziyuangongxiang/index.php?m=Home&c=File&a=showfile
INFO: [ app_init ] --START--
INFO: Run Behavior\BuildLiteBehavior [ RunTime:0.000013s ]
INFO: [ app_init ] --END-- [ RunTime:0.000264s ]
INFO: [ app_begin ] --START--
INFO: Run Behavior\ReadHtmlCacheBehavior [ RunTime:0.000282s ]
INFO: [ app_begin ] --END-- [ RunTime:0.000331s ]
SQL: SHOW COLUMNS FROM `file` [ RunTime:0.0014s ]
SQL: SELECT `filename`,`filesavename`,`upfile_time`,`filesavefolder`,`fileusername`,`filelabel` FROM `file` WHERE ( filesavefolder='testdata' and isdelete=0 ) ORDER BY upfile_time desc  [ RunTime:0.0005s ]
NOTIC: [8] Undefined index: username /usr/local/nginx/html/parabola923/ziyuangongxiang/Application/Home/Controller/FileController.class.php 第 40 行.
NOTIC: [8] Undefined index: username /usr/local/nginx/html/parabola923/ziyuangongxiang/Application/Home/Controller/FileController.class.php 第 40 行.
INFO: [ app_end ] --START--
INFO: Run Behavior\ShowPageTraceBehavior [ RunTime:0.000614s ]
INFO: [ app_end ] --END-- [ RunTime:0.000699s ]

[ 2017-12-20T14:01:58+08:00 ] 210.30.1.253 /ziyuangongxiang/index.php?teacherid=MTAwODYxMjM0NTgy
INFO: [ app_init ] --START--
INFO: Run Behavior\BuildLiteBehavior [ RunTime:0.000012s ]
INFO: [ app_init ] --END-- [ RunTime:0.000237s ]
INFO: [ app_begin ] --START--
INFO: Run Behavior\ReadHtmlCacheBehavior [ RunTime:0.000292s ]
INFO: [ app_begin ] --END-- [ RunTime:0.000339s ]
SQL: SHOW COLUMNS FROM `file` [ RunTime:0.0010s ]
SQL: SELECT DISTINCT  `fileusername` FROM `file` WHERE ( filesavefolder='ziyuan' )  [ RunTime:0.0005s ]
NOTIC: [8] Use of undefined constant fileusername - assumed 'fileusername' /usr/local/nginx/html/parabola923/ziyuangongxiang/Application/Home/Controller/IndexController.class.php 第 13 行.
INFO: [ view_parse ] --START--
INFO: [ template_filter ] --START--
INFO: Run Behavior\ContentReplaceBehavior [ RunTime:0.000051s ]
INFO: [ template_filter ] --END-- [ RunTime:0.000105s ]
INFO: Run Behavior\ParseTemplateBehavior [ RunTime:0.006983s ]
INFO: [ view_parse ] --END-- [ RunTime:0.007046s ]
INFO: [ view_filter ] --START--
INFO: Run Behavior\WriteHtmlCacheBehavior [ RunTime:0.000150s ]
INFO: [ view_filter ] --END-- [ RunTime:0.000216s ]
INFO: [ app_end ] --START--
INFO: Run Behavior\ShowPageTraceBehavior [ RunTime:0.000585s ]
INFO: [ app_end ] --END-- [ RunTime:0.000675s ]

[ 2017-12-20T14:02:02+08:00 ] 210.30.1.253 /ziyuangongxiang/index.php?m=Home&c=File&a=showfile
INFO: [ app_init ] --START--
INFO: Run Behavior\BuildLiteBehavior [ RunTime:0.000011s ]
INFO: [ app_init ] --END-- [ RunTime:0.000275s ]
INFO: [ app_begin ] --START--
INFO: Run Behavior\ReadHtmlCacheBehavior [ RunTime:0.000312s ]
INFO: [ app_begin ] --END-- [ RunTime:0.000374s ]
SQL: SHOW COLUMNS FROM `file` [ RunTime:0.0010s ]
SQL: SELECT * FROM `file` WHERE ( fileusername='15'and isdelete=0 and filesavefolder='ziyuan' ) ORDER BY upfile_time desc  [ RunTime:0.0004s ]
SQL: SELECT DISTINCT  `filelabel` FROM `file` WHERE ( fileusername='15' and isdelete=0 and filelabel !='' )  [ RunTime:0.0003s ]
NOTIC: [8] Use of undefined constant label - assumed 'label' /usr/local/nginx/html/parabola923/ziyuangongxiang/Application/Home/Controller/FileController.class.php 第 33 行.
INFO: [ app_end ] --START--
INFO: Run Behavior\ShowPageTraceBehavior [ RunTime:0.000351s ]
INFO: [ app_end ] --END-- [ RunTime:0.000403s ]

[ 2017-12-20T14:02:05+08:00 ] 210.30.1.253 /ziyuangongxiang/index.php?m=Home&c=File&a=showfile
INFO: [ app_init ] --START--
INFO: Run Behavior\BuildLiteBehavior [ RunTime:0.000012s ]
INFO: [ app_init ] --END-- [ RunTime:0.000267s ]
INFO: [ app_begin ] --START--
INFO: Run Behavior\ReadHtmlCacheBehavior [ RunTime:0.000280s ]
INFO: [ app_begin ] --END-- [ RunTime:0.000328s ]
SQL: SHOW COLUMNS FROM `file` [ RunTime:0.0010s ]
SQL: SELECT `filename`,`filesavename`,`upfile_time`,`filesavefolder`,`fileusername`,`filelabel` FROM `file` WHERE ( filesavefolder='testdata' and isdelete=0 ) ORDER BY upfile_time desc  [ RunTime:0.0004s ]
NOTIC: [8] Undefined index: username /usr/local/nginx/html/parabola923/ziyuangongxiang/Application/Home/Controller/FileController.class.php 第 40 行.
NOTIC: [8] Undefined index: username /usr/local/nginx/html/parabola923/ziyuangongxiang/Application/Home/Controller/FileController.class.php 第 40 行.
INFO: [ app_end ] --START--
INFO: Run Behavior\ShowPageTraceBehavior [ RunTime:0.000296s ]
INFO: [ app_end ] --END-- [ RunTime:0.000340s ]

[ 2017-12-20T19:33:18+08:00 ] 10.203.87.177 /ziyuangongxiang/index.php?teacherid=MTAwODYxMjM0NTgz
INFO: [ app_init ] --START--
INFO: Run Behavior\BuildLiteBehavior [ RunTime:0.000017s ]
INFO: [ app_init ] --END-- [ RunTime:0.000384s ]
INFO: [ app_begin ] --START--
INFO: Run Behavior\ReadHtmlCacheBehavior [ RunTime:0.000577s ]
INFO: [ app_begin ] --END-- [ RunTime:0.000695s ]
SQL: SHOW COLUMNS FROM `file` [ RunTime:0.0010s ]
SQL: SELECT DISTINCT  `fileusername` FROM `file` WHERE ( filesavefolder='ziyuan' )  [ RunTime:0.0005s ]
NOTIC: [8] Use of undefined constant fileusername - assumed 'fileusername' /usr/local/nginx/html/parabola923/ziyuangongxiang/Application/Home/Controller/IndexController.class.php 第 13 行.
INFO: [ view_parse ] --START--
INFO: [ template_filter ] --START--
INFO: Run Behavior\ContentReplaceBehavior [ RunTime:0.000059s ]
INFO: [ template_filter ] --END-- [ RunTime:0.000138s ]
INFO: Run Behavior\ParseTemplateBehavior [ RunTime:0.008488s ]
INFO: [ view_parse ] --END-- [ RunTime:0.008563s ]
INFO: [ view_filter ] --START--
INFO: Run Behavior\WriteHtmlCacheBehavior [ RunTime:0.000103s ]
INFO: [ view_filter ] --END-- [ RunTime:0.000146s ]
INFO: [ app_end ] --START--
INFO: Run Behavior\ShowPageTraceBehavior [ RunTime:0.000361s ]
INFO: [ app_end ] --END-- [ RunTime:0.000409s ]

[ 2017-12-20T21:01:49+08:00 ] 10.160.0.25 /ziyuangongxiang/index.php?teacherid=MTAwODYxMjM0NTgz
INFO: [ app_init ] --START--
INFO: Run Behavior\BuildLiteBehavior [ RunTime:0.000013s ]
INFO: [ app_init ] --END-- [ RunTime:0.000234s ]
INFO: [ app_begin ] --START--
INFO: Run Behavior\ReadHtmlCacheBehavior [ RunTime:0.000287s ]
INFO: [ app_begin ] --END-- [ RunTime:0.000334s ]
SQL: SHOW COLUMNS FROM `file` [ RunTime:0.0014s ]
SQL: SELECT DISTINCT  `fileusername` FROM `file` WHERE ( filesavefolder='ziyuan' )  [ RunTime:0.0007s ]
NOTIC: [8] Use of undefined constant fileusername - assumed 'fileusername' /usr/local/nginx/html/parabola923/ziyuangongxiang/Application/Home/Controller/IndexController.class.php 第 13 行.
INFO: [ view_parse ] --START--
INFO: [ template_filter ] --START--
INFO: Run Behavior\ContentReplaceBehavior [ RunTime:0.000052s ]
INFO: [ template_filter ] --END-- [ RunTime:0.000100s ]
INFO: Run Behavior\ParseTemplateBehavior [ RunTime:0.008852s ]
INFO: [ view_parse ] --END-- [ RunTime:0.008898s ]
INFO: [ view_filter ] --START--
INFO: Run Behavior\WriteHtmlCacheBehavior [ RunTime:0.000097s ]
INFO: [ view_filter ] --END-- [ RunTime:0.000138s ]
INFO: [ app_end ] --START--
INFO: Run Behavior\ShowPageTraceBehavior [ RunTime:0.000362s ]
INFO: [ app_end ] --END-- [ RunTime:0.000418s ]

[ 2017-12-20T21:01:57+08:00 ] 10.160.0.25 /ziyuangongxiang/index.php?m=Home&c=File&a=showfile
INFO: [ app_init ] --START--
INFO: Run Behavior\BuildLiteBehavior [ RunTime:0.000019s ]
INFO: [ app_init ] --END-- [ RunTime:0.000426s ]
INFO: [ app_begin ] --START--
INFO: Run Behavior\ReadHtmlCacheBehavior [ RunTime:0.000473s ]
INFO: [ app_begin ] --END-- [ RunTime:0.000551s ]
SQL: SHOW COLUMNS FROM `file` [ RunTime:0.0010s ]
SQL: SELECT * FROM `file` WHERE ( fileusername='16'and isdelete=0 and filesavefolder='ziyuan' ) ORDER BY upfile_time desc  [ RunTime:0.0004s ]
SQL: SELECT DISTINCT  `filelabel` FROM `file` WHERE ( fileusername='16' and isdelete=0 and filelabel !='' )  [ RunTime:0.0003s ]
NOTIC: [8] Undefined index: username /usr/local/nginx/html/parabola923/ziyuangongxiang/Application/Home/Controller/FileController.class.php 第 30 行.
NOTIC: [8] Undefined index: username /usr/local/nginx/html/parabola923/ziyuangongxiang/Application/Home/Controller/FileController.class.php 第 30 行.
NOTIC: [8] Undefined index: username /usr/local/nginx/html/parabola923/ziyuangongxiang/Application/Home/Controller/FileController.class.php 第 30 行.
NOTIC: [8] Undefined index: username /usr/local/nginx/html/parabola923/ziyuangongxiang/Application/Home/Controller/FileController.class.php 第 30 行.
NOTIC: [8] Undefined index: username /usr/local/nginx/html/parabola923/ziyuangongxiang/Application/Home/Controller/FileController.class.php 第 30 行.
NOTIC: [8] Undefined index: username /usr/local/nginx/html/parabola923/ziyuangongxiang/Application/Home/Controller/FileController.class.php 第 30 行.
NOTIC: [8] Undefined index: username /usr/local/nginx/html/parabola923/ziyuangongxiang/Application/Home/Controller/FileController.class.php 第 30 行.
NOTIC: [8] Undefined index: username /usr/local/nginx/html/parabola923/ziyuangongxiang/Application/Home/Controller/FileController.class.php 第 30 行.
NOTIC: [8] Use of undefined constant label - assumed 'label' /usr/local/nginx/html/parabola923/ziyuangongxiang/Application/Home/Controller/FileController.class.php 第 33 行.
INFO: [ app_end ] --START--
INFO: Run Behavior\ShowPageTraceBehavior [ RunTime:0.000338s ]
INFO: [ app_end ] --END-- [ RunTime:0.000391s ]

[ 2017-12-20T21:01:58+08:00 ] 10.160.0.25 /ziyuangongxiang/index.php?m=Home&c=File&a=showfile
INFO: [ app_init ] --START--
INFO: Run Behavior\BuildLiteBehavior [ RunTime:0.000012s ]
INFO: [ app_init ] --END-- [ RunTime:0.000255s ]
INFO: [ app_begin ] --START--
INFO: Run Behavior\ReadHtmlCacheBehavior [ RunTime:0.000346s ]
INFO: [ app_begin ] --END-- [ RunTime:0.000404s ]
SQL: SHOW COLUMNS FROM `file` [ RunTime:0.0014s ]
SQL: SELECT `filename`,`filesavename`,`upfile_time`,`filesavefolder`,`fileusername`,`filelabel` FROM `file` WHERE ( filesavefolder='testdata' and isdelete=0 ) ORDER BY upfile_time desc  [ RunTime:0.0005s ]
NOTIC: [8] Undefined index: username /usr/local/nginx/html/parabola923/ziyuangongxiang/Application/Home/Controller/FileController.class.php 第 40 行.
NOTIC: [8] Undefined index: username /usr/local/nginx/html/parabola923/ziyuangongxiang/Application/Home/Controller/FileController.class.php 第 40 行.
INFO: [ app_end ] --START--
INFO: Run Behavior\ShowPageTraceBehavior [ RunTime:0.000605s ]
INFO: [ app_end ] --END-- [ RunTime:0.000688s ]

[ 2017-12-20T21:01:59+08:00 ] 10.160.0.25 /ziyuangongxiang/index.php?m=Home&c=File&a=showfile
INFO: [ app_init ] --START--
INFO: Run Behavior\BuildLiteBehavior [ RunTime:0.000011s ]
INFO: [ app_init ] --END-- [ RunTime:0.000227s ]
INFO: [ app_begin ] --START--
INFO: Run Behavior\ReadHtmlCacheBehavior [ RunTime:0.000319s ]
INFO: [ app_begin ] --END-- [ RunTime:0.000369s ]
SQL: SHOW COLUMNS FROM `file` [ RunTime:0.0009s ]
SQL: SELECT * FROM `file` WHERE ( fileusername='16'and isdelete=0 and filesavefolder='ziyuan' ) ORDER BY upfile_time desc  [ RunTime:0.0004s ]
SQL: SELECT DISTINCT  `filelabel` FROM `file` WHERE ( fileusername='16' and isdelete=0 and filelabel !='' )  [ RunTime:0.0003s ]
NOTIC: [8] Undefined index: username /usr/local/nginx/html/parabola923/ziyuangongxiang/Application/Home/Controller/FileController.class.php 第 30 行.
NOTIC: [8] Undefined index: username /usr/local/nginx/html/parabola923/ziyuangongxiang/Application/Home/Controller/FileController.class.php 第 30 行.
NOTIC: [8] Undefined index: username /usr/local/nginx/html/parabola923/ziyuangongxiang/Application/Home/Controller/FileController.class.php 第 30 行.
NOTIC: [8] Undefined index: username /usr/local/nginx/html/parabola923/ziyuangongxiang/Application/Home/Controller/FileController.class.php 第 30 行.
NOTIC: [8] Undefined index: username /usr/local/nginx/html/parabola923/ziyuangongxiang/Application/Home/Controller/FileController.class.php 第 30 行.
NOTIC: [8] Undefined index: username /usr/local/nginx/html/parabola923/ziyuangongxiang/Application/Home/Controller/FileController.class.php 第 30 行.
NOTIC: [8] Undefined index: username /usr/local/nginx/html/parabola923/ziyuangongxiang/Application/Home/Controller/FileController.class.php 第 30 行.
NOTIC: [8] Undefined index: username /usr/local/nginx/html/parabola923/ziyuangongxiang/Application/Home/Controller/FileController.class.php 第 30 行.
NOTIC: [8] Use of undefined constant label - assumed 'label' /usr/local/nginx/html/parabola923/ziyuangongxiang/Application/Home/Controller/FileController.class.php 第 33 行.
INFO: [ app_end ] --START--
INFO: Run Behavior\ShowPageTraceBehavior [ RunTime:0.000360s ]
INFO: [ app_end ] --END-- [ RunTime:0.000407s ]

[ 2017-12-20T21:02:01+08:00 ] 10.160.0.25 /ziyuangongxiang/index.php?m=Home&c=File&a=showfile
INFO: [ app_init ] --START--
INFO: Run Behavior\BuildLiteBehavior [ RunTime:0.000012s ]
INFO: [ app_init ] --END-- [ RunTime:0.000231s ]
INFO: [ app_begin ] --START--
INFO: Run Behavior\ReadHtmlCacheBehavior [ RunTime:0.000377s ]
INFO: [ app_begin ] --END-- [ RunTime:0.000426s ]
SQL: SHOW COLUMNS FROM `file` [ RunTime:0.0010s ]
SQL: SELECT `filename`,`filesavename`,`upfile_time`,`filesavefolder`,`fileusername`,`filelabel` FROM `file` WHERE ( filesavefolder='testdata' and isdelete=0 ) ORDER BY upfile_time desc  [ RunTime:0.0004s ]
NOTIC: [8] Undefined index: username /usr/local/nginx/html/parabola923/ziyuangongxiang/Application/Home/Controller/FileController.class.php 第 40 行.
NOTIC: [8] Undefined index: username /usr/local/nginx/html/parabola923/ziyuangongxiang/Application/Home/Controller/FileController.class.php 第 40 行.
INFO: [ app_end ] --START--
INFO: Run Behavior\ShowPageTraceBehavior [ RunTime:0.000339s ]
INFO: [ app_end ] --END-- [ RunTime:0.000386s ]

[ 2017-12-20T21:02:03+08:00 ] 10.160.0.25 /ziyuangongxiang/index.php?m=Home&c=File&a=showfile
INFO: [ app_init ] --START--
INFO: Run Behavior\BuildLiteBehavior [ RunTime:0.000012s ]
INFO: [ app_init ] --END-- [ RunTime:0.000249s ]
INFO: [ app_begin ] --START--
INFO: Run Behavior\ReadHtmlCacheBehavior [ RunTime:0.000281s ]
INFO: [ app_begin ] --END-- [ RunTime:0.000329s ]
SQL: SHOW COLUMNS FROM `file` [ RunTime:0.0010s ]
SQL: SELECT * FROM `file` WHERE ( fileusername='16'and isdelete=0 and filesavefolder='ziyuan' ) ORDER BY upfile_time desc  [ RunTime:0.0004s ]
SQL: SELECT DISTINCT  `filelabel` FROM `file` WHERE ( fileusername='16' and isdelete=0 and filelabel !='' )  [ RunTime:0.0003s ]
NOTIC: [8] Undefined index: username /usr/local/nginx/html/parabola923/ziyuangongxiang/Application/Home/Controller/FileController.class.php 第 30 行.
NOTIC: [8] Undefined index: username /usr/local/nginx/html/parabola923/ziyuangongxiang/Application/Home/Controller/FileController.class.php 第 30 行.
NOTIC: [8] Undefined index: username /usr/local/nginx/html/parabola923/ziyuangongxiang/Application/Home/Controller/FileController.class.php 第 30 行.
NOTIC: [8] Undefined index: username /usr/local/nginx/html/parabola923/ziyuangongxiang/Application/Home/Controller/FileController.class.php 第 30 行.
NOTIC: [8] Undefined index: username /usr/local/nginx/html/parabola923/ziyuangongxiang/Application/Home/Controller/FileController.class.php 第 30 行.
NOTIC: [8] Undefined index: username /usr/local/nginx/html/parabola923/ziyuangongxiang/Application/Home/Controller/FileController.class.php 第 30 行.
NOTIC: [8] Undefined index: username /usr/local/nginx/html/parabola923/ziyuangongxiang/Application/Home/Controller/FileController.class.php 第 30 行.
NOTIC: [8] Undefined index: username /usr/local/nginx/html/parabola923/ziyuangongxiang/Application/Home/Controller/FileController.class.php 第 30 行.
NOTIC: [8] Use of undefined constant label - assumed 'label' /usr/local/nginx/html/parabola923/ziyuangongxiang/Application/Home/Controller/FileController.class.php 第 33 行.
INFO: [ app_end ] --START--
INFO: Run Behavior\ShowPageTraceBehavior [ RunTime:0.000318s ]
INFO: [ app_end ] --END-- [ RunTime:0.000364s ]

[ 2017-12-20T21:02:34+08:00 ] 10.160.0.25 /ziyuangongxiang/index.php?m=Home&c=File&a=showfile
INFO: [ app_init ] --START--
INFO: Run Behavior\BuildLiteBehavior [ RunTime:0.000013s ]
INFO: [ app_init ] --END-- [ RunTime:0.000233s ]
INFO: [ app_begin ] --START--
INFO: Run Behavior\ReadHtmlCacheBehavior [ RunTime:0.000295s ]
INFO: [ app_begin ] --END-- [ RunTime:0.000345s ]
SQL: SHOW COLUMNS FROM `file` [ RunTime:0.0010s ]
SQL: SELECT `filename`,`filesavename`,`upfile_time`,`filesavefolder`,`fileusername`,`filelabel` FROM `file` WHERE ( filesavefolder='testdata' and isdelete=0 ) ORDER BY upfile_time desc  [ RunTime:0.0004s ]
NOTIC: [8] Undefined index: username /usr/local/nginx/html/parabola923/ziyuangongxiang/Application/Home/Controller/FileController.class.php 第 40 行.
NOTIC: [8] Undefined index: username /usr/local/nginx/html/parabola923/ziyuangongxiang/Application/Home/Controller/FileController.class.php 第 40 行.
INFO: [ app_end ] --START--
INFO: Run Behavior\ShowPageTraceBehavior [ RunTime:0.000356s ]
INFO: [ app_end ] --END-- [ RunTime:0.000402s ]

[ 2017-12-20T21:02:36+08:00 ] 10.160.0.25 /ziyuangongxiang/index.php?m=Home&c=File&a=showfile
INFO: [ app_init ] --START--
INFO: Run Behavior\BuildLiteBehavior [ RunTime:0.000012s ]
INFO: [ app_init ] --END-- [ RunTime:0.000230s ]
INFO: [ app_begin ] --START--
INFO: Run Behavior\ReadHtmlCacheBehavior [ RunTime:0.000283s ]
INFO: [ app_begin ] --END-- [ RunTime:0.000353s ]
SQL: SHOW COLUMNS FROM `file` [ RunTime:0.0009s ]
SQL: SELECT * FROM `file` WHERE ( fileusername='16'and isdelete=0 and filesavefolder='ziyuan' ) ORDER BY upfile_time desc  [ RunTime:0.0004s ]
SQL: SELECT DISTINCT  `filelabel` FROM `file` WHERE ( fileusername='16' and isdelete=0 and filelabel !='' )  [ RunTime:0.0003s ]
NOTIC: [8] Undefined index: username /usr/local/nginx/html/parabola923/ziyuangongxiang/Application/Home/Controller/FileController.class.php 第 30 行.
NOTIC: [8] Undefined index: username /usr/local/nginx/html/parabola923/ziyuangongxiang/Application/Home/Controller/FileController.class.php 第 30 行.
NOTIC: [8] Undefined index: username /usr/local/nginx/html/parabola923/ziyuangongxiang/Application/Home/Controller/FileController.class.php 第 30 行.
NOTIC: [8] Undefined index: username /usr/local/nginx/html/parabola923/ziyuangongxiang/Application/Home/Controller/FileController.class.php 第 30 行.
NOTIC: [8] Undefined index: username /usr/local/nginx/html/parabola923/ziyuangongxiang/Application/Home/Controller/FileController.class.php 第 30 行.
NOTIC: [8] Undefined index: username /usr/local/nginx/html/parabola923/ziyuangongxiang/Application/Home/Controller/FileController.class.php 第 30 行.
NOTIC: [8] Undefined index: username /usr/local/nginx/html/parabola923/ziyuangongxiang/Application/Home/Controller/FileController.class.php 第 30 行.
NOTIC: [8] Undefined index: username /usr/local/nginx/html/parabola923/ziyuangongxiang/Application/Home/Controller/FileController.class.php 第 30 行.
NOTIC: [8] Use of undefined constant label - assumed 'label' /usr/local/nginx/html/parabola923/ziyuangongxiang/Application/Home/Controller/FileController.class.php 第 33 行.
INFO: [ app_end ] --START--
INFO: Run Behavior\ShowPageTraceBehavior [ RunTime:0.000322s ]
INFO: [ app_end ] --END-- [ RunTime:0.000369s ]

[ 2017-12-20T21:57:23+08:00 ] 10.160.0.25 /ziyuangongxiang/index.php?teacherid=MTAwODYxMjM0NTgz
INFO: [ app_init ] --START--
INFO: Run Behavior\BuildLiteBehavior [ RunTime:0.000018s ]
INFO: [ app_init ] --END-- [ RunTime:0.000361s ]
INFO: [ app_begin ] --START--
INFO: Run Behavior\ReadHtmlCacheBehavior [ RunTime:0.000474s ]
INFO: [ app_begin ] --END-- [ RunTime:0.000547s ]
SQL: SHOW COLUMNS FROM `file` [ RunTime:0.0014s ]
SQL: SELECT DISTINCT  `fileusername` FROM `file` WHERE ( filesavefolder='ziyuan' )  [ RunTime:0.0007s ]
NOTIC: [8] Use of undefined constant fileusername - assumed 'fileusername' /usr/local/nginx/html/parabola923/ziyuangongxiang/Application/Home/Controller/IndexController.class.php 第 13 行.
INFO: [ view_parse ] --START--
INFO: [ template_filter ] --START--
INFO: Run Behavior\ContentReplaceBehavior [ RunTime:0.000055s ]
INFO: [ template_filter ] --END-- [ RunTime:0.000102s ]
INFO: Run Behavior\ParseTemplateBehavior [ RunTime:0.008131s ]
INFO: [ view_parse ] --END-- [ RunTime:0.008188s ]
INFO: [ view_filter ] --START--
INFO: Run Behavior\WriteHtmlCacheBehavior [ RunTime:0.000100s ]
INFO: [ view_filter ] --END-- [ RunTime:0.000141s ]
INFO: [ app_end ] --START--
INFO: Run Behavior\ShowPageTraceBehavior [ RunTime:0.000327s ]
INFO: [ app_end ] --END-- [ RunTime:0.000373s ]

[ 2017-12-20T21:58:24+08:00 ] 10.160.0.25 /ziyuangongxiang/index.php?m=Home&c=File&a=showFileSearchByLabel
INFO: [ app_init ] --START--
INFO: Run Behavior\BuildLiteBehavior [ RunTime:0.000013s ]
INFO: [ app_init ] --END-- [ RunTime:0.000244s ]
INFO: [ app_begin ] --START--
INFO: Run Behavior\ReadHtmlCacheBehavior [ RunTime:0.000304s ]
INFO: [ app_begin ] --END-- [ RunTime:0.000353s ]
SQL: SHOW COLUMNS FROM `file` [ RunTime:0.0010s ]
SQL: SELECT * FROM `file` WHERE ( fileusername='16'and isdelete=0 and filelabel='无' ) ORDER BY upfile_time desc  [ RunTime:0.0006s ]
INFO: [ app_end ] --START--
INFO: Run Behavior\ShowPageTraceBehavior [ RunTime:0.000593s ]
INFO: [ app_end ] --END-- [ RunTime:0.000667s ]

[ 2017-12-20T21:58:27+08:00 ] 10.160.0.25 /ziyuangongxiang/index.php?m=Home&c=File&a=showfile
INFO: [ app_init ] --START--
INFO: Run Behavior\BuildLiteBehavior [ RunTime:0.000013s ]
INFO: [ app_init ] --END-- [ RunTime:0.000245s ]
INFO: [ app_begin ] --START--
INFO: Run Behavior\ReadHtmlCacheBehavior [ RunTime:0.000294s ]
INFO: [ app_begin ] --END-- [ RunTime:0.000343s ]
SQL: SHOW COLUMNS FROM `file` [ RunTime:0.0010s ]
SQL: SELECT `filename`,`filesavename`,`upfile_time`,`filesavefolder`,`fileusername`,`filelabel` FROM `file` WHERE ( filesavefolder='testdata' and isdelete=0 ) ORDER BY upfile_time desc  [ RunTime:0.0004s ]
NOTIC: [8] Undefined index: username /usr/local/nginx/html/parabola923/ziyuangongxiang/Application/Home/Controller/FileController.class.php 第 40 行.
NOTIC: [8] Undefined index: username /usr/local/nginx/html/parabola923/ziyuangongxiang/Application/Home/Controller/FileController.class.php 第 40 行.
INFO: [ app_end ] --START--
INFO: Run Behavior\ShowPageTraceBehavior [ RunTime:0.000352s ]
INFO: [ app_end ] --END-- [ RunTime:0.000398s ]

[ 2017-12-20T21:58:28+08:00 ] 10.160.0.25 /ziyuangongxiang/index.php?m=Home&c=File&a=showFileSearchByLabel
INFO: [ app_init ] --START--
INFO: Run Behavior\BuildLiteBehavior [ RunTime:0.000013s ]
INFO: [ app_init ] --END-- [ RunTime:0.000244s ]
INFO: [ app_begin ] --START--
INFO: Run Behavior\ReadHtmlCacheBehavior [ RunTime:0.000308s ]
INFO: [ app_begin ] --END-- [ RunTime:0.000359s ]
SQL: SHOW COLUMNS FROM `file` [ RunTime:0.0010s ]
SQL: SELECT * FROM `file` WHERE ( isdelete=0 and filelabel='公共文件' ) ORDER BY upfile_time desc  [ RunTime:0.0004s ]
INFO: [ app_end ] --START--
INFO: Run Behavior\ShowPageTraceBehavior [ RunTime:0.000346s ]
INFO: [ app_end ] --END-- [ RunTime:0.000406s ]

[ 2017-12-20T21:58:29+08:00 ] 10.160.0.25 /ziyuangongxiang/index.php?m=Home&c=File&a=showfile
INFO: [ app_init ] --START--
INFO: Run Behavior\BuildLiteBehavior [ RunTime:0.000013s ]
INFO: [ app_init ] --END-- [ RunTime:0.000256s ]
INFO: [ app_begin ] --START--
INFO: Run Behavior\ReadHtmlCacheBehavior [ RunTime:0.000317s ]
INFO: [ app_begin ] --END-- [ RunTime:0.000369s ]
SQL: SHOW COLUMNS FROM `file` [ RunTime:0.0011s ]
SQL: SELECT * FROM `file` WHERE ( fileusername='16'and isdelete=0 and filesavefolder='ziyuan' ) ORDER BY upfile_time desc  [ RunTime:0.0006s ]
SQL: SELECT DISTINCT  `filelabel` FROM `file` WHERE ( fileusername='16' and isdelete=0 and filelabel !='' )  [ RunTime:0.0004s ]
NOTIC: [8] Undefined index: username /usr/local/nginx/html/parabola923/ziyuangongxiang/Application/Home/Controller/FileController.class.php 第 30 行.
NOTIC: [8] Undefined index: username /usr/local/nginx/html/parabola923/ziyuangongxiang/Application/Home/Controller/FileController.class.php 第 30 行.
NOTIC: [8] Undefined index: username /usr/local/nginx/html/parabola923/ziyuangongxiang/Application/Home/Controller/FileController.class.php 第 30 行.
NOTIC: [8] Undefined index: username /usr/local/nginx/html/parabola923/ziyuangongxiang/Application/Home/Controller/FileController.class.php 第 30 行.
NOTIC: [8] Undefined index: username /usr/local/nginx/html/parabola923/ziyuangongxiang/Application/Home/Controller/FileController.class.php 第 30 行.
NOTIC: [8] Undefined index: username /usr/local/nginx/html/parabola923/ziyuangongxiang/Application/Home/Controller/FileController.class.php 第 30 行.
NOTIC: [8] Undefined index: username /usr/local/nginx/html/parabola923/ziyuangongxiang/Application/Home/Controller/FileController.class.php 第 30 行.
NOTIC: [8] Undefined index: username /usr/local/nginx/html/parabola923/ziyuangongxiang/Application/Home/Controller/FileController.class.php 第 30 行.
NOTIC: [8] Use of undefined constant label - assumed 'label' /usr/local/nginx/html/parabola923/ziyuangongxiang/Application/Home/Controller/FileController.class.php 第 33 行.
INFO: [ app_end ] --START--
INFO: Run Behavior\ShowPageTraceBehavior [ RunTime:0.000482s ]
INFO: [ app_end ] --END-- [ RunTime:0.000556s ]

