[ 2017-12-07T01:26:32+08:00 ] 10.204.66.107 /ziyuangongxiang/index.php?teacherid=MTAwODYxMjM0NTgy
INFO: [ app_init ] --START--
INFO: Run Behavior\BuildLiteBehavior [ RunTime:0.000012s ]
INFO: [ app_init ] --END-- [ RunTime:0.000234s ]
INFO: [ app_begin ] --START--
INFO: Run Behavior\ReadHtmlCacheBehavior [ RunTime:0.000286s ]
INFO: [ app_begin ] --END-- [ RunTime:0.000333s ]
SQL: SHOW COLUMNS FROM `file` [ RunTime:0.0013s ]
SQL: SELECT DISTINCT  `fileusername` FROM `file` WHERE ( filesavefolder='ziyuan' )  [ RunTime:0.0006s ]
NOTIC: [8] Use of undefined constant fileusername - assumed 'fileusername' /usr/local/nginx/html/parabola923/ziyuangongxiang/Application/Home/Controller/IndexController.class.php 第 13 行.
INFO: [ view_parse ] --START--
INFO: [ template_filter ] --START--
INFO: Run Behavior\ContentReplaceBehavior [ RunTime:0.000058s ]
INFO: [ template_filter ] --END-- [ RunTime:0.000108s ]
INFO: Run Behavior\ParseTemplateBehavior [ RunTime:0.008061s ]
INFO: [ view_parse ] --END-- [ RunTime:0.008121s ]
INFO: [ view_filter ] --START--
INFO: Run Behavior\WriteHtmlCacheBehavior [ RunTime:0.000099s ]
INFO: [ view_filter ] --END-- [ RunTime:0.000141s ]
INFO: [ app_end ] --START--
INFO: Run Behavior\ShowPageTraceBehavior [ RunTime:0.000296s ]
INFO: [ app_end ] --END-- [ RunTime:0.000344s ]

[ 2017-12-07T09:04:15+08:00 ] 10.204.64.249 /ziyuangongxiang/index.php?teacherid=MTAwODYxMjM0NTgw
INFO: [ app_init ] --START--
INFO: Run Behavior\BuildLiteBehavior [ RunTime:0.000011s ]
INFO: [ app_init ] --END-- [ RunTime:0.000261s ]
INFO: [ app_begin ] --START--
INFO: Run Behavior\ReadHtmlCacheBehavior [ RunTime:0.000286s ]
INFO: [ app_begin ] --END-- [ RunTime:0.000335s ]
SQL: SHOW COLUMNS FROM `file` [ RunTime:0.0010s ]
SQL: SELECT DISTINCT  `fileusername` FROM `file` WHERE ( filesavefolder='ziyuan' )  [ RunTime:0.0005s ]
NOTIC: [8] Use of undefined constant fileusername - assumed 'fileusername' /usr/local/nginx/html/parabola923/ziyuangongxiang/Application/Home/Controller/IndexController.class.php 第 13 行.
INFO: [ view_parse ] --START--
INFO: [ template_filter ] --START--
INFO: Run Behavior\ContentReplaceBehavior [ RunTime:0.000056s ]
INFO: [ template_filter ] --END-- [ RunTime:0.000105s ]
INFO: Run Behavior\ParseTemplateBehavior [ RunTime:0.006476s ]
INFO: [ view_parse ] --END-- [ RunTime:0.006525s ]
INFO: [ view_filter ] --START--
INFO: Run Behavior\WriteHtmlCacheBehavior [ RunTime:0.000119s ]
INFO: [ view_filter ] --END-- [ RunTime:0.000161s ]
INFO: [ app_end ] --START--
INFO: Run Behavior\ShowPageTraceBehavior [ RunTime:0.000439s ]
INFO: [ app_end ] --END-- [ RunTime:0.000514s ]

[ 2017-12-07T12:02:23+08:00 ] 10.203.77.13 /ziyuangongxiang/index.php?teacherid=MTAwODYxMjM0NTgw
INFO: [ app_init ] --START--
INFO: Run Behavior\BuildLiteBehavior [ RunTime:0.000018s ]
INFO: [ app_init ] --END-- [ RunTime:0.000454s ]
INFO: [ app_begin ] --START--
INFO: Run Behavior\ReadHtmlCacheBehavior [ RunTime:0.000495s ]
INFO: [ app_begin ] --END-- [ RunTime:0.000571s ]
SQL: SHOW COLUMNS FROM `file` [ RunTime:0.0014s ]
SQL: SELECT DISTINCT  `fileusername` FROM `file` WHERE ( filesavefolder='ziyuan' )  [ RunTime:0.0005s ]
NOTIC: [8] Use of undefined constant fileusername - assumed 'fileusername' /usr/local/nginx/html/parabola923/ziyuangongxiang/Application/Home/Controller/IndexController.class.php 第 13 行.
INFO: [ view_parse ] --START--
INFO: [ template_filter ] --START--
INFO: Run Behavior\ContentReplaceBehavior [ RunTime:0.000052s ]
INFO: [ template_filter ] --END-- [ RunTime:0.000101s ]
INFO: Run Behavior\ParseTemplateBehavior [ RunTime:0.006007s ]
INFO: [ view_parse ] --END-- [ RunTime:0.006056s ]
INFO: [ view_filter ] --START--
INFO: Run Behavior\WriteHtmlCacheBehavior [ RunTime:0.000103s ]
INFO: [ view_filter ] --END-- [ RunTime:0.000144s ]
INFO: [ app_end ] --START--
INFO: Run Behavior\ShowPageTraceBehavior [ RunTime:0.000369s ]
INFO: [ app_end ] --END-- [ RunTime:0.000425s ]

[ 2017-12-07T12:02:27+08:00 ] 10.203.77.13 /ziyuangongxiang/index.php?m=Home&c=File&a=showfile
INFO: [ app_init ] --START--
INFO: Run Behavior\BuildLiteBehavior [ RunTime:0.000012s ]
INFO: [ app_init ] --END-- [ RunTime:0.000236s ]
INFO: [ app_begin ] --START--
INFO: Run Behavior\ReadHtmlCacheBehavior [ RunTime:0.000300s ]
INFO: [ app_begin ] --END-- [ RunTime:0.000351s ]
SQL: SHOW COLUMNS FROM `file` [ RunTime:0.0013s ]
SQL: SELECT `filename`,`filesavename`,`upfile_time`,`filesavefolder`,`fileusername`,`filelabel` FROM `file` WHERE ( filesavefolder='testdata' and isdelete=0 ) ORDER BY upfile_time desc  [ RunTime:0.0005s ]
NOTIC: [8] Undefined index: username /usr/local/nginx/html/parabola923/ziyuangongxiang/Application/Home/Controller/FileController.class.php 第 40 行.
NOTIC: [8] Undefined index: username /usr/local/nginx/html/parabola923/ziyuangongxiang/Application/Home/Controller/FileController.class.php 第 40 行.
INFO: [ app_end ] --START--
INFO: Run Behavior\ShowPageTraceBehavior [ RunTime:0.000622s ]
INFO: [ app_end ] --END-- [ RunTime:0.000707s ]

[ 2017-12-07T12:02:29+08:00 ] 10.203.77.13 /ziyuangongxiang/index.php?m=Home&c=File&a=showfile
INFO: [ app_init ] --START--
INFO: Run Behavior\BuildLiteBehavior [ RunTime:0.000011s ]
INFO: [ app_init ] --END-- [ RunTime:0.000226s ]
INFO: [ app_begin ] --START--
INFO: Run Behavior\ReadHtmlCacheBehavior [ RunTime:0.000280s ]
INFO: [ app_begin ] --END-- [ RunTime:0.000330s ]
SQL: SHOW COLUMNS FROM `file` [ RunTime:0.0013s ]
SQL: SELECT * FROM `file` WHERE ( fileusername='13'and isdelete=0 and filesavefolder='ziyuan' ) ORDER BY upfile_time desc  [ RunTime:0.0005s ]
SQL: SELECT DISTINCT  `filelabel` FROM `file` WHERE ( fileusername='13' and isdelete=0 and filelabel !='' )  [ RunTime:0.0004s ]
NOTIC: [8] Use of undefined constant label - assumed 'label' /usr/local/nginx/html/parabola923/ziyuangongxiang/Application/Home/Controller/FileController.class.php 第 33 行.
INFO: [ app_end ] --START--
INFO: Run Behavior\ShowPageTraceBehavior [ RunTime:0.000597s ]
INFO: [ app_end ] --END-- [ RunTime:0.000672s ]

[ 2017-12-07T13:38:20+08:00 ] 10.203.87.119 /ziyuangongxiang/index.php?teacherid=
INFO: [ app_init ] --START--
INFO: Run Behavior\BuildLiteBehavior [ RunTime:0.000017s ]
INFO: [ app_init ] --END-- [ RunTime:0.000357s ]
INFO: [ app_begin ] --START--
INFO: Run Behavior\ReadHtmlCacheBehavior [ RunTime:0.000536s ]
INFO: [ app_begin ] --END-- [ RunTime:0.000610s ]
SQL: SHOW COLUMNS FROM `file` [ RunTime:0.0013s ]
SQL: SELECT DISTINCT  `fileusername` FROM `file` WHERE ( filesavefolder='ziyuan' )  [ RunTime:0.0007s ]
NOTIC: [8] Use of undefined constant fileusername - assumed 'fileusername' /usr/local/nginx/html/parabola923/ziyuangongxiang/Application/Home/Controller/IndexController.class.php 第 13 行.
INFO: [ view_parse ] --START--
INFO: [ template_filter ] --START--
INFO: Run Behavior\ContentReplaceBehavior [ RunTime:0.000072s ]
INFO: [ template_filter ] --END-- [ RunTime:0.000122s ]
INFO: Run Behavior\ParseTemplateBehavior [ RunTime:0.006114s ]
INFO: [ view_parse ] --END-- [ RunTime:0.006161s ]
INFO: [ view_filter ] --START--
INFO: Run Behavior\WriteHtmlCacheBehavior [ RunTime:0.000097s ]
INFO: [ view_filter ] --END-- [ RunTime:0.000139s ]
INFO: [ app_end ] --START--
INFO: Run Behavior\ShowPageTraceBehavior [ RunTime:0.000392s ]
INFO: [ app_end ] --END-- [ RunTime:0.000448s ]

[ 2017-12-07T13:38:23+08:00 ] 10.203.87.119 /ziyuangongxiang/?m=Home&c=User&a=teacherShow&adminid=2
INFO: [ app_init ] --START--
INFO: Run Behavior\BuildLiteBehavior [ RunTime:0.000012s ]
INFO: [ app_init ] --END-- [ RunTime:0.000233s ]
INFO: [ app_begin ] --START--
INFO: Run Behavior\ReadHtmlCacheBehavior [ RunTime:0.000324s ]
INFO: [ app_begin ] --END-- [ RunTime:0.000372s ]
INFO: [ view_parse ] --START--
INFO: [ template_filter ] --START--
INFO: Run Behavior\ContentReplaceBehavior [ RunTime:0.000057s ]
INFO: [ template_filter ] --END-- [ RunTime:0.000107s ]
INFO: Run Behavior\ParseTemplateBehavior [ RunTime:0.006644s ]
INFO: [ view_parse ] --END-- [ RunTime:0.006690s ]
INFO: [ view_filter ] --START--
INFO: Run Behavior\WriteHtmlCacheBehavior [ RunTime:0.000102s ]
INFO: [ view_filter ] --END-- [ RunTime:0.000143s ]
INFO: [ app_end ] --START--
INFO: Run Behavior\ShowPageTraceBehavior [ RunTime:0.000318s ]
INFO: [ app_end ] --END-- [ RunTime:0.000371s ]

[ 2017-12-07T13:38:23+08:00 ] 10.203.87.119 /ziyuangongxiang/index.php?m=Home&c=User&a=userinfo
INFO: [ app_init ] --START--
INFO: Run Behavior\BuildLiteBehavior [ RunTime:0.000011s ]
INFO: [ app_init ] --END-- [ RunTime:0.000224s ]
INFO: [ app_begin ] --START--
INFO: Run Behavior\ReadHtmlCacheBehavior [ RunTime:0.000289s ]
INFO: [ app_begin ] --END-- [ RunTime:0.000338s ]
SQL: SHOW COLUMNS FROM `file` [ RunTime:0.0010s ]
SQL: SELECT `count`,`filename`,`filesavename`,`upfile_time`,`filesavefolder`,`fileusername`,`filelabel` FROM `file` WHERE ( fileusername='2'and isdelete=0 ) ORDER BY upfile_time desc  [ RunTime:0.0004s ]
NOTIC: [8] Undefined index: username /usr/local/nginx/html/parabola923/ziyuangongxiang/Application/Home/Controller/UserController.class.php 第 13 行.
SQL: SELECT DISTINCT  `filelabel` FROM `file` WHERE ( fileusername='2' and isdelete=0 and filelabel !='' )  [ RunTime:0.0002s ]
NOTIC: [8] Use of undefined constant label - assumed 'label' /usr/local/nginx/html/parabola923/ziyuangongxiang/Application/Home/Controller/UserController.class.php 第 16 行.
INFO: [ app_end ] --START--
INFO: Run Behavior\ShowPageTraceBehavior [ RunTime:0.000357s ]
INFO: [ app_end ] --END-- [ RunTime:0.000403s ]

[ 2017-12-07T13:38:28+08:00 ] 10.203.87.119 /ziyuangongxiang/?m=Home&c=User&a=teacherShow&adminid=16
INFO: [ app_init ] --START--
INFO: Run Behavior\BuildLiteBehavior [ RunTime:0.000012s ]
INFO: [ app_init ] --END-- [ RunTime:0.000232s ]
INFO: [ app_begin ] --START--
INFO: Run Behavior\ReadHtmlCacheBehavior [ RunTime:0.000316s ]
INFO: [ app_begin ] --END-- [ RunTime:0.000374s ]
INFO: [ view_parse ] --START--
INFO: [ template_filter ] --START--
INFO: Run Behavior\ContentReplaceBehavior [ RunTime:0.000056s ]
INFO: [ template_filter ] --END-- [ RunTime:0.000105s ]
INFO: Run Behavior\ParseTemplateBehavior [ RunTime:0.007101s ]
INFO: [ view_parse ] --END-- [ RunTime:0.007169s ]
INFO: [ view_filter ] --START--
INFO: Run Behavior\WriteHtmlCacheBehavior [ RunTime:0.000110s ]
INFO: [ view_filter ] --END-- [ RunTime:0.000151s ]
INFO: [ app_end ] --START--
INFO: Run Behavior\ShowPageTraceBehavior [ RunTime:0.000302s ]
INFO: [ app_end ] --END-- [ RunTime:0.000352s ]

[ 2017-12-07T13:38:28+08:00 ] 10.203.87.119 /ziyuangongxiang/index.php?m=Home&c=User&a=userinfo
INFO: [ app_init ] --START--
INFO: Run Behavior\BuildLiteBehavior [ RunTime:0.000011s ]
INFO: [ app_init ] --END-- [ RunTime:0.000227s ]
INFO: [ app_begin ] --START--
INFO: Run Behavior\ReadHtmlCacheBehavior [ RunTime:0.000274s ]
INFO: [ app_begin ] --END-- [ RunTime:0.000323s ]
SQL: SHOW COLUMNS FROM `file` [ RunTime:0.0013s ]
SQL: SELECT `count`,`filename`,`filesavename`,`upfile_time`,`filesavefolder`,`fileusername`,`filelabel` FROM `file` WHERE ( fileusername='16'and isdelete=0 ) ORDER BY upfile_time desc  [ RunTime:0.0006s ]
NOTIC: [8] Undefined index: username /usr/local/nginx/html/parabola923/ziyuangongxiang/Application/Home/Controller/UserController.class.php 第 13 行.
NOTIC: [8] Undefined index: username /usr/local/nginx/html/parabola923/ziyuangongxiang/Application/Home/Controller/UserController.class.php 第 13 行.
NOTIC: [8] Undefined index: username /usr/local/nginx/html/parabola923/ziyuangongxiang/Application/Home/Controller/UserController.class.php 第 13 行.
NOTIC: [8] Undefined index: username /usr/local/nginx/html/parabola923/ziyuangongxiang/Application/Home/Controller/UserController.class.php 第 13 行.
NOTIC: [8] Undefined index: username /usr/local/nginx/html/parabola923/ziyuangongxiang/Application/Home/Controller/UserController.class.php 第 13 行.
NOTIC: [8] Undefined index: username /usr/local/nginx/html/parabola923/ziyuangongxiang/Application/Home/Controller/UserController.class.php 第 13 行.
NOTIC: [8] Undefined index: username /usr/local/nginx/html/parabola923/ziyuangongxiang/Application/Home/Controller/UserController.class.php 第 13 行.
NOTIC: [8] Undefined index: username /usr/local/nginx/html/parabola923/ziyuangongxiang/Application/Home/Controller/UserController.class.php 第 13 行.
SQL: SELECT DISTINCT  `filelabel` FROM `file` WHERE ( fileusername='16' and isdelete=0 and filelabel !='' )  [ RunTime:0.0004s ]
NOTIC: [8] Use of undefined constant label - assumed 'label' /usr/local/nginx/html/parabola923/ziyuangongxiang/Application/Home/Controller/UserController.class.php 第 16 行.
INFO: [ app_end ] --START--
INFO: Run Behavior\ShowPageTraceBehavior [ RunTime:0.000590s ]
INFO: [ app_end ] --END-- [ RunTime:0.000693s ]

[ 2017-12-07T13:38:54+08:00 ] 10.203.87.119 /ziyuangongxiang/index.php?m=Home&c=File&a=UserinfoSearchByLabel
INFO: [ app_init ] --START--
INFO: Run Behavior\BuildLiteBehavior [ RunTime:0.000013s ]
INFO: [ app_init ] --END-- [ RunTime:0.000231s ]
INFO: [ app_begin ] --START--
INFO: Run Behavior\ReadHtmlCacheBehavior [ RunTime:0.000314s ]
INFO: [ app_begin ] --END-- [ RunTime:0.000364s ]
SQL: SHOW COLUMNS FROM `file` [ RunTime:0.0009s ]
SQL: SELECT * FROM `file` WHERE ( fileusername='16'and isdelete=0 and filelabel='无' ) ORDER BY upfile_time desc  [ RunTime:0.0004s ]
INFO: [ app_end ] --START--
INFO: Run Behavior\ShowPageTraceBehavior [ RunTime:0.000352s ]
INFO: [ app_end ] --END-- [ RunTime:0.000413s ]

[ 2017-12-07T13:39:21+08:00 ] 10.203.87.119 /ziyuangongxiang/?m=Home&c=User&a=teacherShow&adminid=14
INFO: [ app_init ] --START--
INFO: Run Behavior\BuildLiteBehavior [ RunTime:0.000013s ]
INFO: [ app_init ] --END-- [ RunTime:0.000233s ]
INFO: [ app_begin ] --START--
INFO: Run Behavior\ReadHtmlCacheBehavior [ RunTime:0.000341s ]
INFO: [ app_begin ] --END-- [ RunTime:0.000389s ]
INFO: [ view_parse ] --START--
INFO: [ template_filter ] --START--
INFO: Run Behavior\ContentReplaceBehavior [ RunTime:0.000055s ]
INFO: [ template_filter ] --END-- [ RunTime:0.000103s ]
INFO: Run Behavior\ParseTemplateBehavior [ RunTime:0.006710s ]
INFO: [ view_parse ] --END-- [ RunTime:0.006756s ]
INFO: [ view_filter ] --START--
INFO: Run Behavior\WriteHtmlCacheBehavior [ RunTime:0.000099s ]
INFO: [ view_filter ] --END-- [ RunTime:0.000139s ]
INFO: [ app_end ] --START--
INFO: Run Behavior\ShowPageTraceBehavior [ RunTime:0.000331s ]
INFO: [ app_end ] --END-- [ RunTime:0.000382s ]

[ 2017-12-07T13:39:21+08:00 ] 10.203.87.119 /ziyuangongxiang/index.php?m=Home&c=User&a=userinfo
INFO: [ app_init ] --START--
INFO: Run Behavior\BuildLiteBehavior [ RunTime:0.000011s ]
INFO: [ app_init ] --END-- [ RunTime:0.000220s ]
INFO: [ app_begin ] --START--
INFO: Run Behavior\ReadHtmlCacheBehavior [ RunTime:0.000312s ]
INFO: [ app_begin ] --END-- [ RunTime:0.000362s ]
SQL: SHOW COLUMNS FROM `file` [ RunTime:0.0010s ]
SQL: SELECT `count`,`filename`,`filesavename`,`upfile_time`,`filesavefolder`,`fileusername`,`filelabel` FROM `file` WHERE ( fileusername='14'and isdelete=0 ) ORDER BY upfile_time desc  [ RunTime:0.0004s ]
SQL: SELECT DISTINCT  `filelabel` FROM `file` WHERE ( fileusername='14' and isdelete=0 and filelabel !='' )  [ RunTime:0.0002s ]
NOTIC: [8] Use of undefined constant label - assumed 'label' /usr/local/nginx/html/parabola923/ziyuangongxiang/Application/Home/Controller/UserController.class.php 第 16 行.
INFO: [ app_end ] --START--
INFO: Run Behavior\ShowPageTraceBehavior [ RunTime:0.000362s ]
INFO: [ app_end ] --END-- [ RunTime:0.000408s ]

[ 2017-12-07T13:39:26+08:00 ] 10.203.87.119 /ziyuangongxiang/?m=Home&c=User&a=teacherShow&adminid=1
INFO: [ app_init ] --START--
INFO: Run Behavior\BuildLiteBehavior [ RunTime:0.000012s ]
INFO: [ app_init ] --END-- [ RunTime:0.000243s ]
INFO: [ app_begin ] --START--
INFO: Run Behavior\ReadHtmlCacheBehavior [ RunTime:0.000315s ]
INFO: [ app_begin ] --END-- [ RunTime:0.000363s ]
INFO: [ view_parse ] --START--
INFO: [ template_filter ] --START--
INFO: Run Behavior\ContentReplaceBehavior [ RunTime:0.000057s ]
INFO: [ template_filter ] --END-- [ RunTime:0.000105s ]
INFO: Run Behavior\ParseTemplateBehavior [ RunTime:0.006576s ]
INFO: [ view_parse ] --END-- [ RunTime:0.006623s ]
INFO: [ view_filter ] --START--
INFO: Run Behavior\WriteHtmlCacheBehavior [ RunTime:0.000115s ]
INFO: [ view_filter ] --END-- [ RunTime:0.000157s ]
INFO: [ app_end ] --START--
INFO: Run Behavior\ShowPageTraceBehavior [ RunTime:0.000284s ]
INFO: [ app_end ] --END-- [ RunTime:0.000347s ]

[ 2017-12-07T13:39:26+08:00 ] 10.203.87.119 /ziyuangongxiang/index.php?m=Home&c=User&a=userinfo
INFO: [ app_init ] --START--
INFO: Run Behavior\BuildLiteBehavior [ RunTime:0.000013s ]
INFO: [ app_init ] --END-- [ RunTime:0.000247s ]
INFO: [ app_begin ] --START--
INFO: Run Behavior\ReadHtmlCacheBehavior [ RunTime:0.000294s ]
INFO: [ app_begin ] --END-- [ RunTime:0.000345s ]
SQL: SHOW COLUMNS FROM `file` [ RunTime:0.0013s ]
SQL: SELECT `count`,`filename`,`filesavename`,`upfile_time`,`filesavefolder`,`fileusername`,`filelabel` FROM `file` WHERE ( fileusername='1'and isdelete=0 ) ORDER BY upfile_time desc  [ RunTime:0.0005s ]
SQL: SELECT DISTINCT  `filelabel` FROM `file` WHERE ( fileusername='1' and isdelete=0 and filelabel !='' )  [ RunTime:0.0003s ]
NOTIC: [8] Use of undefined constant label - assumed 'label' /usr/local/nginx/html/parabola923/ziyuangongxiang/Application/Home/Controller/UserController.class.php 第 16 行.
INFO: [ app_end ] --START--
INFO: Run Behavior\ShowPageTraceBehavior [ RunTime:0.000382s ]
INFO: [ app_end ] --END-- [ RunTime:0.000426s ]

[ 2017-12-07T13:39:29+08:00 ] 10.203.87.119 /ziyuangongxiang/?m=Home&c=User&a=teacherShow&adminid=2
INFO: [ app_init ] --START--
INFO: Run Behavior\BuildLiteBehavior [ RunTime:0.000014s ]
INFO: [ app_init ] --END-- [ RunTime:0.000325s ]
INFO: [ app_begin ] --START--
INFO: Run Behavior\ReadHtmlCacheBehavior [ RunTime:0.000282s ]
INFO: [ app_begin ] --END-- [ RunTime:0.000329s ]
INFO: [ view_parse ] --START--
INFO: [ template_filter ] --START--
INFO: Run Behavior\ContentReplaceBehavior [ RunTime:0.000074s ]
INFO: [ template_filter ] --END-- [ RunTime:0.000125s ]
INFO: Run Behavior\ParseTemplateBehavior [ RunTime:0.006598s ]
INFO: [ view_parse ] --END-- [ RunTime:0.006665s ]
INFO: [ view_filter ] --START--
INFO: Run Behavior\WriteHtmlCacheBehavior [ RunTime:0.000099s ]
INFO: [ view_filter ] --END-- [ RunTime:0.000139s ]
INFO: [ app_end ] --START--
INFO: Run Behavior\ShowPageTraceBehavior [ RunTime:0.000284s ]
INFO: [ app_end ] --END-- [ RunTime:0.000336s ]

[ 2017-12-07T13:39:29+08:00 ] 10.203.87.119 /ziyuangongxiang/index.php?m=Home&c=User&a=userinfo
INFO: [ app_init ] --START--
INFO: Run Behavior\BuildLiteBehavior [ RunTime:0.000011s ]
INFO: [ app_init ] --END-- [ RunTime:0.000246s ]
INFO: [ app_begin ] --START--
INFO: Run Behavior\ReadHtmlCacheBehavior [ RunTime:0.000305s ]
INFO: [ app_begin ] --END-- [ RunTime:0.000366s ]
SQL: SHOW COLUMNS FROM `file` [ RunTime:0.0012s ]
SQL: SELECT `count`,`filename`,`filesavename`,`upfile_time`,`filesavefolder`,`fileusername`,`filelabel` FROM `file` WHERE ( fileusername='2'and isdelete=0 ) ORDER BY upfile_time desc  [ RunTime:0.0005s ]
NOTIC: [8] Undefined index: username /usr/local/nginx/html/parabola923/ziyuangongxiang/Application/Home/Controller/UserController.class.php 第 13 行.
SQL: SELECT DISTINCT  `filelabel` FROM `file` WHERE ( fileusername='2' and isdelete=0 and filelabel !='' )  [ RunTime:0.0004s ]
NOTIC: [8] Use of undefined constant label - assumed 'label' /usr/local/nginx/html/parabola923/ziyuangongxiang/Application/Home/Controller/UserController.class.php 第 16 行.
INFO: [ app_end ] --START--
INFO: Run Behavior\ShowPageTraceBehavior [ RunTime:0.000534s ]
INFO: [ app_end ] --END-- [ RunTime:0.000610s ]

[ 2017-12-07T13:39:31+08:00 ] 10.203.87.119 /ziyuangongxiang/?m=Home&c=User&a=teacherShow&adminid=3
INFO: [ app_init ] --START--
INFO: Run Behavior\BuildLiteBehavior [ RunTime:0.000013s ]
INFO: [ app_init ] --END-- [ RunTime:0.000227s ]
INFO: [ app_begin ] --START--
INFO: Run Behavior\ReadHtmlCacheBehavior [ RunTime:0.000317s ]
INFO: [ app_begin ] --END-- [ RunTime:0.000364s ]
INFO: [ view_parse ] --START--
INFO: [ template_filter ] --START--
INFO: Run Behavior\ContentReplaceBehavior [ RunTime:0.000056s ]
INFO: [ template_filter ] --END-- [ RunTime:0.000103s ]
INFO: Run Behavior\ParseTemplateBehavior [ RunTime:0.006653s ]
INFO: [ view_parse ] --END-- [ RunTime:0.006699s ]
INFO: [ view_filter ] --START--
INFO: Run Behavior\WriteHtmlCacheBehavior [ RunTime:0.000101s ]
INFO: [ view_filter ] --END-- [ RunTime:0.000141s ]
INFO: [ app_end ] --START--
INFO: Run Behavior\ShowPageTraceBehavior [ RunTime:0.000314s ]
INFO: [ app_end ] --END-- [ RunTime:0.000364s ]

[ 2017-12-07T13:39:32+08:00 ] 10.203.87.119 /ziyuangongxiang/index.php?m=Home&c=User&a=userinfo
INFO: [ app_init ] --START--
INFO: Run Behavior\BuildLiteBehavior [ RunTime:0.000011s ]
INFO: [ app_init ] --END-- [ RunTime:0.000284s ]
INFO: [ app_begin ] --START--
INFO: Run Behavior\ReadHtmlCacheBehavior [ RunTime:0.000275s ]
INFO: [ app_begin ] --END-- [ RunTime:0.000324s ]
SQL: SHOW COLUMNS FROM `file` [ RunTime:0.0009s ]
SQL: SELECT `count`,`filename`,`filesavename`,`upfile_time`,`filesavefolder`,`fileusername`,`filelabel` FROM `file` WHERE ( fileusername='3'and isdelete=0 ) ORDER BY upfile_time desc  [ RunTime:0.0004s ]
SQL: SELECT DISTINCT  `filelabel` FROM `file` WHERE ( fileusername='3' and isdelete=0 and filelabel !='' )  [ RunTime:0.0002s ]
NOTIC: [8] Use of undefined constant label - assumed 'label' /usr/local/nginx/html/parabola923/ziyuangongxiang/Application/Home/Controller/UserController.class.php 第 16 行.
INFO: [ app_end ] --START--
INFO: Run Behavior\ShowPageTraceBehavior [ RunTime:0.000339s ]
INFO: [ app_end ] --END-- [ RunTime:0.000383s ]

[ 2017-12-07T13:39:34+08:00 ] 10.203.87.119 /ziyuangongxiang/?m=Home&c=User&a=teacherShow&adminid=4
INFO: [ app_init ] --START--
INFO: Run Behavior\BuildLiteBehavior [ RunTime:0.000012s ]
INFO: [ app_init ] --END-- [ RunTime:0.000231s ]
INFO: [ app_begin ] --START--
INFO: Run Behavior\ReadHtmlCacheBehavior [ RunTime:0.000314s ]
INFO: [ app_begin ] --END-- [ RunTime:0.000360s ]
INFO: [ view_parse ] --START--
INFO: [ template_filter ] --START--
INFO: Run Behavior\ContentReplaceBehavior [ RunTime:0.000056s ]
INFO: [ template_filter ] --END-- [ RunTime:0.000104s ]
INFO: Run Behavior\ParseTemplateBehavior [ RunTime:0.006392s ]
INFO: [ view_parse ] --END-- [ RunTime:0.006440s ]
INFO: [ view_filter ] --START--
INFO: Run Behavior\WriteHtmlCacheBehavior [ RunTime:0.000097s ]
INFO: [ view_filter ] --END-- [ RunTime:0.000137s ]
INFO: [ app_end ] --START--
INFO: Run Behavior\ShowPageTraceBehavior [ RunTime:0.000280s ]
INFO: [ app_end ] --END-- [ RunTime:0.000330s ]

[ 2017-12-07T13:39:34+08:00 ] 10.203.87.119 /ziyuangongxiang/index.php?m=Home&c=User&a=userinfo
INFO: [ app_init ] --START--
INFO: Run Behavior\BuildLiteBehavior [ RunTime:0.000011s ]
INFO: [ app_init ] --END-- [ RunTime:0.000221s ]
INFO: [ app_begin ] --START--
INFO: Run Behavior\ReadHtmlCacheBehavior [ RunTime:0.000311s ]
INFO: [ app_begin ] --END-- [ RunTime:0.000359s ]
SQL: SHOW COLUMNS FROM `file` [ RunTime:0.0013s ]
SQL: SELECT `count`,`filename`,`filesavename`,`upfile_time`,`filesavefolder`,`fileusername`,`filelabel` FROM `file` WHERE ( fileusername='4'and isdelete=0 ) ORDER BY upfile_time desc  [ RunTime:0.0005s ]
SQL: SELECT DISTINCT  `filelabel` FROM `file` WHERE ( fileusername='4' and isdelete=0 and filelabel !='' )  [ RunTime:0.0004s ]
NOTIC: [8] Use of undefined constant label - assumed 'label' /usr/local/nginx/html/parabola923/ziyuangongxiang/Application/Home/Controller/UserController.class.php 第 16 行.
INFO: [ app_end ] --START--
INFO: Run Behavior\ShowPageTraceBehavior [ RunTime:0.000629s ]
INFO: [ app_end ] --END-- [ RunTime:0.000699s ]

[ 2017-12-07T13:39:37+08:00 ] 10.203.87.119 /ziyuangongxiang/?m=Home&c=User&a=teacherShow&adminid=5
INFO: [ app_init ] --START--
INFO: Run Behavior\BuildLiteBehavior [ RunTime:0.000012s ]
INFO: [ app_init ] --END-- [ RunTime:0.000233s ]
INFO: [ app_begin ] --START--
INFO: Run Behavior\ReadHtmlCacheBehavior [ RunTime:0.000280s ]
INFO: [ app_begin ] --END-- [ RunTime:0.000328s ]
INFO: [ view_parse ] --START--
INFO: [ template_filter ] --START--
INFO: Run Behavior\ContentReplaceBehavior [ RunTime:0.000058s ]
INFO: [ template_filter ] --END-- [ RunTime:0.000105s ]
INFO: Run Behavior\ParseTemplateBehavior [ RunTime:0.008950s ]
INFO: [ view_parse ] --END-- [ RunTime:0.008997s ]
INFO: [ view_filter ] --START--
INFO: Run Behavior\WriteHtmlCacheBehavior [ RunTime:0.000100s ]
INFO: [ view_filter ] --END-- [ RunTime:0.000142s ]
INFO: [ app_end ] --START--
INFO: Run Behavior\ShowPageTraceBehavior [ RunTime:0.000284s ]
INFO: [ app_end ] --END-- [ RunTime:0.000334s ]

[ 2017-12-07T13:39:37+08:00 ] 10.203.87.119 /ziyuangongxiang/index.php?m=Home&c=User&a=userinfo
INFO: [ app_init ] --START--
INFO: Run Behavior\BuildLiteBehavior [ RunTime:0.000010s ]
INFO: [ app_init ] --END-- [ RunTime:0.000248s ]
INFO: [ app_begin ] --START--
INFO: Run Behavior\ReadHtmlCacheBehavior [ RunTime:0.000314s ]
INFO: [ app_begin ] --END-- [ RunTime:0.000364s ]
SQL: SHOW COLUMNS FROM `file` [ RunTime:0.0013s ]
SQL: SELECT `count`,`filename`,`filesavename`,`upfile_time`,`filesavefolder`,`fileusername`,`filelabel` FROM `file` WHERE ( fileusername='5'and isdelete=0 ) ORDER BY upfile_time desc  [ RunTime:0.0005s ]
SQL: SELECT DISTINCT  `filelabel` FROM `file` WHERE ( fileusername='5' and isdelete=0 and filelabel !='' )  [ RunTime:0.0004s ]
NOTIC: [8] Use of undefined constant label - assumed 'label' /usr/local/nginx/html/parabola923/ziyuangongxiang/Application/Home/Controller/UserController.class.php 第 16 行.
INFO: [ app_end ] --START--
INFO: Run Behavior\ShowPageTraceBehavior [ RunTime:0.000757s ]
INFO: [ app_end ] --END-- [ RunTime:0.000839s ]

[ 2017-12-07T13:39:39+08:00 ] 10.203.87.119 /ziyuangongxiang/?m=Home&c=User&a=teacherShow&adminid=6
INFO: [ app_init ] --START--
INFO: Run Behavior\BuildLiteBehavior [ RunTime:0.000018s ]
INFO: [ app_init ] --END-- [ RunTime:0.000414s ]
INFO: [ app_begin ] --START--
INFO: Run Behavior\ReadHtmlCacheBehavior [ RunTime:0.000585s ]
INFO: [ app_begin ] --END-- [ RunTime:0.000661s ]
INFO: [ view_parse ] --START--
INFO: [ template_filter ] --START--
INFO: Run Behavior\ContentReplaceBehavior [ RunTime:0.000088s ]
INFO: [ template_filter ] --END-- [ RunTime:0.000163s ]
INFO: Run Behavior\ParseTemplateBehavior [ RunTime:0.010605s ]
INFO: [ view_parse ] --END-- [ RunTime:0.010678s ]
INFO: [ view_filter ] --START--
INFO: Run Behavior\WriteHtmlCacheBehavior [ RunTime:0.000247s ]
INFO: [ view_filter ] --END-- [ RunTime:0.000313s ]
INFO: [ app_end ] --START--
INFO: Run Behavior\ShowPageTraceBehavior [ RunTime:0.000465s ]
INFO: [ app_end ] --END-- [ RunTime:0.000545s ]

[ 2017-12-07T13:39:39+08:00 ] 10.203.87.119 /ziyuangongxiang/index.php?m=Home&c=User&a=userinfo
INFO: [ app_init ] --START--
INFO: Run Behavior\BuildLiteBehavior [ RunTime:0.000010s ]
INFO: [ app_init ] --END-- [ RunTime:0.000244s ]
INFO: [ app_begin ] --START--
INFO: Run Behavior\ReadHtmlCacheBehavior [ RunTime:0.000276s ]
INFO: [ app_begin ] --END-- [ RunTime:0.000324s ]
SQL: SHOW COLUMNS FROM `file` [ RunTime:0.0010s ]
SQL: SELECT `count`,`filename`,`filesavename`,`upfile_time`,`filesavefolder`,`fileusername`,`filelabel` FROM `file` WHERE ( fileusername='6'and isdelete=0 ) ORDER BY upfile_time desc  [ RunTime:0.0003s ]
SQL: SELECT DISTINCT  `filelabel` FROM `file` WHERE ( fileusername='6' and isdelete=0 and filelabel !='' )  [ RunTime:0.0003s ]
NOTIC: [8] Use of undefined constant label - assumed 'label' /usr/local/nginx/html/parabola923/ziyuangongxiang/Application/Home/Controller/UserController.class.php 第 16 行.
INFO: [ app_end ] --START--
INFO: Run Behavior\ShowPageTraceBehavior [ RunTime:0.000335s ]
INFO: [ app_end ] --END-- [ RunTime:0.000381s ]

[ 2017-12-07T13:39:43+08:00 ] 10.203.87.119 /ziyuangongxiang/?m=Home&c=User&a=teacherShow&adminid=7
INFO: [ app_init ] --START--
INFO: Run Behavior\BuildLiteBehavior [ RunTime:0.000012s ]
INFO: [ app_init ] --END-- [ RunTime:0.000229s ]
INFO: [ app_begin ] --START--
INFO: Run Behavior\ReadHtmlCacheBehavior [ RunTime:0.000299s ]
INFO: [ app_begin ] --END-- [ RunTime:0.000347s ]
INFO: [ view_parse ] --START--
INFO: [ template_filter ] --START--
INFO: Run Behavior\ContentReplaceBehavior [ RunTime:0.000057s ]
INFO: [ template_filter ] --END-- [ RunTime:0.000105s ]
INFO: Run Behavior\ParseTemplateBehavior [ RunTime:0.006632s ]
INFO: [ view_parse ] --END-- [ RunTime:0.006681s ]
INFO: [ view_filter ] --START--
INFO: Run Behavior\WriteHtmlCacheBehavior [ RunTime:0.000101s ]
INFO: [ view_filter ] --END-- [ RunTime:0.000143s ]
INFO: [ app_end ] --START--
INFO: Run Behavior\ShowPageTraceBehavior [ RunTime:0.000299s ]
INFO: [ app_end ] --END-- [ RunTime:0.000351s ]

[ 2017-12-07T13:39:43+08:00 ] 10.203.87.119 /ziyuangongxiang/index.php?m=Home&c=User&a=userinfo
INFO: [ app_init ] --START--
INFO: Run Behavior\BuildLiteBehavior [ RunTime:0.000016s ]
INFO: [ app_init ] --END-- [ RunTime:0.000369s ]
INFO: [ app_begin ] --START--
INFO: Run Behavior\ReadHtmlCacheBehavior [ RunTime:0.000477s ]
INFO: [ app_begin ] --END-- [ RunTime:0.000553s ]
SQL: SHOW COLUMNS FROM `file` [ RunTime:0.0009s ]
SQL: SELECT `count`,`filename`,`filesavename`,`upfile_time`,`filesavefolder`,`fileusername`,`filelabel` FROM `file` WHERE ( fileusername='7'and isdelete=0 ) ORDER BY upfile_time desc  [ RunTime:0.0004s ]
SQL: SELECT DISTINCT  `filelabel` FROM `file` WHERE ( fileusername='7' and isdelete=0 and filelabel !='' )  [ RunTime:0.0003s ]
NOTIC: [8] Use of undefined constant label - assumed 'label' /usr/local/nginx/html/parabola923/ziyuangongxiang/Application/Home/Controller/UserController.class.php 第 16 行.
INFO: [ app_end ] --START--
INFO: Run Behavior\ShowPageTraceBehavior [ RunTime:0.000458s ]
INFO: [ app_end ] --END-- [ RunTime:0.000519s ]

[ 2017-12-07T13:39:49+08:00 ] 10.203.87.119 /ziyuangongxiang/?m=Home&c=User&a=teacherShow&adminid=18
INFO: [ app_init ] --START--
INFO: Run Behavior\BuildLiteBehavior [ RunTime:0.000013s ]
INFO: [ app_init ] --END-- [ RunTime:0.000257s ]
INFO: [ app_begin ] --START--
INFO: Run Behavior\ReadHtmlCacheBehavior [ RunTime:0.000303s ]
INFO: [ app_begin ] --END-- [ RunTime:0.000353s ]
INFO: [ view_parse ] --START--
INFO: [ template_filter ] --START--
INFO: Run Behavior\ContentReplaceBehavior [ RunTime:0.000058s ]
INFO: [ template_filter ] --END-- [ RunTime:0.000108s ]
INFO: Run Behavior\ParseTemplateBehavior [ RunTime:0.006707s ]
INFO: [ view_parse ] --END-- [ RunTime:0.006756s ]
INFO: [ view_filter ] --START--
INFO: Run Behavior\WriteHtmlCacheBehavior [ RunTime:0.000099s ]
INFO: [ view_filter ] --END-- [ RunTime:0.000142s ]
INFO: [ app_end ] --START--
INFO: Run Behavior\ShowPageTraceBehavior [ RunTime:0.000321s ]
INFO: [ app_end ] --END-- [ RunTime:0.000396s ]

[ 2017-12-07T13:39:49+08:00 ] 10.203.87.119 /ziyuangongxiang/index.php?m=Home&c=User&a=userinfo
INFO: [ app_init ] --START--
INFO: Run Behavior\BuildLiteBehavior [ RunTime:0.000012s ]
INFO: [ app_init ] --END-- [ RunTime:0.000234s ]
INFO: [ app_begin ] --START--
INFO: Run Behavior\ReadHtmlCacheBehavior [ RunTime:0.000311s ]
INFO: [ app_begin ] --END-- [ RunTime:0.000362s ]
SQL: SHOW COLUMNS FROM `file` [ RunTime:0.0009s ]
SQL: SELECT `count`,`filename`,`filesavename`,`upfile_time`,`filesavefolder`,`fileusername`,`filelabel` FROM `file` WHERE ( fileusername='18'and isdelete=0 ) ORDER BY upfile_time desc  [ RunTime:0.0004s ]
SQL: SELECT DISTINCT  `filelabel` FROM `file` WHERE ( fileusername='18' and isdelete=0 and filelabel !='' )  [ RunTime:0.0002s ]
NOTIC: [8] Use of undefined constant label - assumed 'label' /usr/local/nginx/html/parabola923/ziyuangongxiang/Application/Home/Controller/UserController.class.php 第 16 行.
INFO: [ app_end ] --START--
INFO: Run Behavior\ShowPageTraceBehavior [ RunTime:0.000350s ]
INFO: [ app_end ] --END-- [ RunTime:0.000397s ]

[ 2017-12-07T13:39:53+08:00 ] 10.203.87.119 /ziyuangongxiang/?m=Home&c=User&a=teacherShow&adminid=19
INFO: [ app_init ] --START--
INFO: Run Behavior\BuildLiteBehavior [ RunTime:0.000012s ]
INFO: [ app_init ] --END-- [ RunTime:0.000303s ]
INFO: [ app_begin ] --START--
INFO: Run Behavior\ReadHtmlCacheBehavior [ RunTime:0.000312s ]
INFO: [ app_begin ] --END-- [ RunTime:0.000367s ]
INFO: [ view_parse ] --START--
INFO: [ template_filter ] --START--
INFO: Run Behavior\ContentReplaceBehavior [ RunTime:0.000057s ]
INFO: [ template_filter ] --END-- [ RunTime:0.000104s ]
INFO: Run Behavior\ParseTemplateBehavior [ RunTime:0.006593s ]
INFO: [ view_parse ] --END-- [ RunTime:0.006639s ]
INFO: [ view_filter ] --START--
INFO: Run Behavior\WriteHtmlCacheBehavior [ RunTime:0.000098s ]
INFO: [ view_filter ] --END-- [ RunTime:0.000138s ]
INFO: [ app_end ] --START--
INFO: Run Behavior\ShowPageTraceBehavior [ RunTime:0.000335s ]
INFO: [ app_end ] --END-- [ RunTime:0.000386s ]

[ 2017-12-07T13:39:53+08:00 ] 10.203.87.119 /ziyuangongxiang/index.php?m=Home&c=User&a=userinfo
INFO: [ app_init ] --START--
INFO: Run Behavior\BuildLiteBehavior [ RunTime:0.000010s ]
INFO: [ app_init ] --END-- [ RunTime:0.000221s ]
INFO: [ app_begin ] --START--
INFO: Run Behavior\ReadHtmlCacheBehavior [ RunTime:0.000290s ]
INFO: [ app_begin ] --END-- [ RunTime:0.000343s ]
SQL: SHOW COLUMNS FROM `file` [ RunTime:0.0009s ]
SQL: SELECT `count`,`filename`,`filesavename`,`upfile_time`,`filesavefolder`,`fileusername`,`filelabel` FROM `file` WHERE ( fileusername='19'and isdelete=0 ) ORDER BY upfile_time desc  [ RunTime:0.0005s ]
SQL: SELECT DISTINCT  `filelabel` FROM `file` WHERE ( fileusername='19' and isdelete=0 and filelabel !='' )  [ RunTime:0.0003s ]
NOTIC: [8] Use of undefined constant label - assumed 'label' /usr/local/nginx/html/parabola923/ziyuangongxiang/Application/Home/Controller/UserController.class.php 第 16 行.
INFO: [ app_end ] --START--
INFO: Run Behavior\ShowPageTraceBehavior [ RunTime:0.000408s ]
INFO: [ app_end ] --END-- [ RunTime:0.000454s ]

[ 2017-12-07T13:39:58+08:00 ] 10.203.87.119 /ziyuangongxiang/?m=Home&c=User&a=teacherShow&adminid=20
INFO: [ app_init ] --START--
INFO: Run Behavior\BuildLiteBehavior [ RunTime:0.000013s ]
INFO: [ app_init ] --END-- [ RunTime:0.000258s ]
INFO: [ app_begin ] --START--
INFO: Run Behavior\ReadHtmlCacheBehavior [ RunTime:0.000280s ]
INFO: [ app_begin ] --END-- [ RunTime:0.000327s ]
INFO: [ view_parse ] --START--
INFO: [ template_filter ] --START--
INFO: Run Behavior\ContentReplaceBehavior [ RunTime:0.000056s ]
INFO: [ template_filter ] --END-- [ RunTime:0.000103s ]
INFO: Run Behavior\ParseTemplateBehavior [ RunTime:0.006461s ]
INFO: [ view_parse ] --END-- [ RunTime:0.006519s ]
INFO: [ view_filter ] --START--
INFO: Run Behavior\WriteHtmlCacheBehavior [ RunTime:0.000115s ]
INFO: [ view_filter ] --END-- [ RunTime:0.000156s ]
INFO: [ app_end ] --START--
INFO: Run Behavior\ShowPageTraceBehavior [ RunTime:0.000279s ]
INFO: [ app_end ] --END-- [ RunTime:0.000330s ]

[ 2017-12-07T13:39:58+08:00 ] 10.203.87.119 /ziyuangongxiang/index.php?m=Home&c=User&a=userinfo
INFO: [ app_init ] --START--
INFO: Run Behavior\BuildLiteBehavior [ RunTime:0.000011s ]
INFO: [ app_init ] --END-- [ RunTime:0.000217s ]
INFO: [ app_begin ] --START--
INFO: Run Behavior\ReadHtmlCacheBehavior [ RunTime:0.000273s ]
INFO: [ app_begin ] --END-- [ RunTime:0.000332s ]
SQL: SHOW COLUMNS FROM `file` [ RunTime:0.0009s ]
SQL: SELECT `count`,`filename`,`filesavename`,`upfile_time`,`filesavefolder`,`fileusername`,`filelabel` FROM `file` WHERE ( fileusername='20'and isdelete=0 ) ORDER BY upfile_time desc  [ RunTime:0.0004s ]
NOTIC: [8] Undefined index: username /usr/local/nginx/html/parabola923/ziyuangongxiang/Application/Home/Controller/UserController.class.php 第 13 行.
NOTIC: [8] Undefined index: username /usr/local/nginx/html/parabola923/ziyuangongxiang/Application/Home/Controller/UserController.class.php 第 13 行.
NOTIC: [8] Undefined index: username /usr/local/nginx/html/parabola923/ziyuangongxiang/Application/Home/Controller/UserController.class.php 第 13 行.
NOTIC: [8] Undefined index: username /usr/local/nginx/html/parabola923/ziyuangongxiang/Application/Home/Controller/UserController.class.php 第 13 行.
NOTIC: [8] Undefined index: username /usr/local/nginx/html/parabola923/ziyuangongxiang/Application/Home/Controller/UserController.class.php 第 13 行.
SQL: SELECT DISTINCT  `filelabel` FROM `file` WHERE ( fileusername='20' and isdelete=0 and filelabel !='' )  [ RunTime:0.0003s ]
NOTIC: [8] Use of undefined constant label - assumed 'label' /usr/local/nginx/html/parabola923/ziyuangongxiang/Application/Home/Controller/UserController.class.php 第 16 行.
INFO: [ app_end ] --START--
INFO: Run Behavior\ShowPageTraceBehavior [ RunTime:0.000365s ]
INFO: [ app_end ] --END-- [ RunTime:0.000411s ]

[ 2017-12-07T13:40:27+08:00 ] 10.203.87.119 /ziyuangongxiang/index.php?teacherid=
INFO: [ app_init ] --START--
INFO: Run Behavior\BuildLiteBehavior [ RunTime:0.000012s ]
INFO: [ app_init ] --END-- [ RunTime:0.000266s ]
INFO: [ app_begin ] --START--
INFO: Run Behavior\ReadHtmlCacheBehavior [ RunTime:0.000285s ]
INFO: [ app_begin ] --END-- [ RunTime:0.000332s ]
SQL: SHOW COLUMNS FROM `file` [ RunTime:0.0009s ]
SQL: SELECT DISTINCT  `fileusername` FROM `file` WHERE ( filesavefolder='ziyuan' )  [ RunTime:0.0008s ]
NOTIC: [8] Use of undefined constant fileusername - assumed 'fileusername' /usr/local/nginx/html/parabola923/ziyuangongxiang/Application/Home/Controller/IndexController.class.php 第 13 行.
INFO: [ view_parse ] --START--
INFO: [ template_filter ] --START--
INFO: Run Behavior\ContentReplaceBehavior [ RunTime:0.000052s ]
INFO: [ template_filter ] --END-- [ RunTime:0.000098s ]
INFO: Run Behavior\ParseTemplateBehavior [ RunTime:0.006707s ]
INFO: [ view_parse ] --END-- [ RunTime:0.006756s ]
INFO: [ view_filter ] --START--
INFO: Run Behavior\WriteHtmlCacheBehavior [ RunTime:0.000094s ]
INFO: [ view_filter ] --END-- [ RunTime:0.000136s ]
INFO: [ app_end ] --START--
INFO: Run Behavior\ShowPageTraceBehavior [ RunTime:0.000369s ]
INFO: [ app_end ] --END-- [ RunTime:0.000445s ]

[ 2017-12-07T13:41:03+08:00 ] 10.203.87.119 /ziyuangongxiang/index.php?teacherid=MTAwODYxMjM0NTgz
INFO: [ app_init ] --START--
INFO: Run Behavior\BuildLiteBehavior [ RunTime:0.000012s ]
INFO: [ app_init ] --END-- [ RunTime:0.000231s ]
INFO: [ app_begin ] --START--
INFO: Run Behavior\ReadHtmlCacheBehavior [ RunTime:0.000284s ]
INFO: [ app_begin ] --END-- [ RunTime:0.000331s ]
SQL: SHOW COLUMNS FROM `file` [ RunTime:0.0013s ]
SQL: SELECT DISTINCT  `fileusername` FROM `file` WHERE ( filesavefolder='ziyuan' )  [ RunTime:0.0007s ]
NOTIC: [8] Use of undefined constant fileusername - assumed 'fileusername' /usr/local/nginx/html/parabola923/ziyuangongxiang/Application/Home/Controller/IndexController.class.php 第 13 行.
INFO: [ view_parse ] --START--
INFO: [ template_filter ] --START--
INFO: Run Behavior\ContentReplaceBehavior [ RunTime:0.000082s ]
INFO: [ template_filter ] --END-- [ RunTime:0.000156s ]
INFO: Run Behavior\ParseTemplateBehavior [ RunTime:0.008789s ]
INFO: [ view_parse ] --END-- [ RunTime:0.008852s ]
INFO: [ view_filter ] --START--
INFO: Run Behavior\WriteHtmlCacheBehavior [ RunTime:0.000144s ]
INFO: [ view_filter ] --END-- [ RunTime:0.000209s ]
INFO: [ app_end ] --START--
INFO: Run Behavior\ShowPageTraceBehavior [ RunTime:0.000547s ]
INFO: [ app_end ] --END-- [ RunTime:0.000638s ]

[ 2017-12-07T13:41:28+08:00 ] 10.203.87.119 /ziyuangongxiang/index.php?m=Home&c=File&a=showfile
INFO: [ app_init ] --START--
INFO: Run Behavior\BuildLiteBehavior [ RunTime:0.000012s ]
INFO: [ app_init ] --END-- [ RunTime:0.000239s ]
INFO: [ app_begin ] --START--
INFO: Run Behavior\ReadHtmlCacheBehavior [ RunTime:0.000311s ]
INFO: [ app_begin ] --END-- [ RunTime:0.000360s ]
SQL: SHOW COLUMNS FROM `file` [ RunTime:0.0009s ]
SQL: SELECT `filename`,`filesavename`,`upfile_time`,`filesavefolder`,`fileusername`,`filelabel` FROM `file` WHERE ( filesavefolder='testdata' and isdelete=0 ) ORDER BY upfile_time desc  [ RunTime:0.0004s ]
NOTIC: [8] Undefined index: username /usr/local/nginx/html/parabola923/ziyuangongxiang/Application/Home/Controller/FileController.class.php 第 40 行.
NOTIC: [8] Undefined index: username /usr/local/nginx/html/parabola923/ziyuangongxiang/Application/Home/Controller/FileController.class.php 第 40 行.
INFO: [ app_end ] --START--
INFO: Run Behavior\ShowPageTraceBehavior [ RunTime:0.000315s ]
INFO: [ app_end ] --END-- [ RunTime:0.000361s ]

[ 2017-12-07T13:41:32+08:00 ] 10.203.87.119 /ziyuangongxiang/index.php?m=Home&c=File&a=showfile
INFO: [ app_init ] --START--
INFO: Run Behavior\BuildLiteBehavior [ RunTime:0.000023s ]
INFO: [ app_init ] --END-- [ RunTime:0.000259s ]
INFO: [ app_begin ] --START--
INFO: Run Behavior\ReadHtmlCacheBehavior [ RunTime:0.000281s ]
INFO: [ app_begin ] --END-- [ RunTime:0.000329s ]
SQL: SHOW COLUMNS FROM `file` [ RunTime:0.0013s ]
SQL: SELECT * FROM `file` WHERE ( fileusername='16'and isdelete=0 and filesavefolder='ziyuan' ) ORDER BY upfile_time desc  [ RunTime:0.0006s ]
SQL: SELECT DISTINCT  `filelabel` FROM `file` WHERE ( fileusername='16' and isdelete=0 and filelabel !='' )  [ RunTime:0.0004s ]
NOTIC: [8] Undefined index: username /usr/local/nginx/html/parabola923/ziyuangongxiang/Application/Home/Controller/FileController.class.php 第 30 行.
NOTIC: [8] Undefined index: username /usr/local/nginx/html/parabola923/ziyuangongxiang/Application/Home/Controller/FileController.class.php 第 30 行.
NOTIC: [8] Undefined index: username /usr/local/nginx/html/parabola923/ziyuangongxiang/Application/Home/Controller/FileController.class.php 第 30 行.
NOTIC: [8] Undefined index: username /usr/local/nginx/html/parabola923/ziyuangongxiang/Application/Home/Controller/FileController.class.php 第 30 行.
NOTIC: [8] Undefined index: username /usr/local/nginx/html/parabola923/ziyuangongxiang/Application/Home/Controller/FileController.class.php 第 30 行.
NOTIC: [8] Undefined index: username /usr/local/nginx/html/parabola923/ziyuangongxiang/Application/Home/Controller/FileController.class.php 第 30 行.
NOTIC: [8] Undefined index: username /usr/local/nginx/html/parabola923/ziyuangongxiang/Application/Home/Controller/FileController.class.php 第 30 行.
NOTIC: [8] Undefined index: username /usr/local/nginx/html/parabola923/ziyuangongxiang/Application/Home/Controller/FileController.class.php 第 30 行.
NOTIC: [8] Use of undefined constant label - assumed 'label' /usr/local/nginx/html/parabola923/ziyuangongxiang/Application/Home/Controller/FileController.class.php 第 33 行.
INFO: [ app_end ] --START--
INFO: Run Behavior\ShowPageTraceBehavior [ RunTime:0.000549s ]
INFO: [ app_end ] --END-- [ RunTime:0.000626s ]

[ 2017-12-07T13:41:34+08:00 ] 10.203.87.119 /ziyuangongxiang/index.php?m=Home&c=File&a=showfile
INFO: [ app_init ] --START--
INFO: Run Behavior\BuildLiteBehavior [ RunTime:0.000018s ]
INFO: [ app_init ] --END-- [ RunTime:0.000353s ]
INFO: [ app_begin ] --START--
INFO: Run Behavior\ReadHtmlCacheBehavior [ RunTime:0.000438s ]
INFO: [ app_begin ] --END-- [ RunTime:0.000560s ]
SQL: SHOW COLUMNS FROM `file` [ RunTime:0.0013s ]
SQL: SELECT `filename`,`filesavename`,`upfile_time`,`filesavefolder`,`fileusername`,`filelabel` FROM `file` WHERE ( filesavefolder='testdata' and isdelete=0 ) ORDER BY upfile_time desc  [ RunTime:0.0005s ]
NOTIC: [8] Undefined index: username /usr/local/nginx/html/parabola923/ziyuangongxiang/Application/Home/Controller/FileController.class.php 第 40 行.
NOTIC: [8] Undefined index: username /usr/local/nginx/html/parabola923/ziyuangongxiang/Application/Home/Controller/FileController.class.php 第 40 行.
INFO: [ app_end ] --START--
INFO: Run Behavior\ShowPageTraceBehavior [ RunTime:0.000500s ]
INFO: [ app_end ] --END-- [ RunTime:0.000573s ]

[ 2017-12-07T13:41:42+08:00 ] 10.203.87.119 /ziyuangongxiang/index.php?m=Home&c=File&a=showfile
INFO: [ app_init ] --START--
INFO: Run Behavior\BuildLiteBehavior [ RunTime:0.000013s ]
INFO: [ app_init ] --END-- [ RunTime:0.000235s ]
INFO: [ app_begin ] --START--
INFO: Run Behavior\ReadHtmlCacheBehavior [ RunTime:0.000281s ]
INFO: [ app_begin ] --END-- [ RunTime:0.000332s ]
SQL: SHOW COLUMNS FROM `file` [ RunTime:0.0013s ]
SQL: SELECT * FROM `file` WHERE ( fileusername='16'and isdelete=0 and filesavefolder='ziyuan' ) ORDER BY upfile_time desc  [ RunTime:0.0005s ]
SQL: SELECT DISTINCT  `filelabel` FROM `file` WHERE ( fileusername='16' and isdelete=0 and filelabel !='' )  [ RunTime:0.0004s ]
NOTIC: [8] Undefined index: username /usr/local/nginx/html/parabola923/ziyuangongxiang/Application/Home/Controller/FileController.class.php 第 30 行.
NOTIC: [8] Undefined index: username /usr/local/nginx/html/parabola923/ziyuangongxiang/Application/Home/Controller/FileController.class.php 第 30 行.
NOTIC: [8] Undefined index: username /usr/local/nginx/html/parabola923/ziyuangongxiang/Application/Home/Controller/FileController.class.php 第 30 行.
NOTIC: [8] Undefined index: username /usr/local/nginx/html/parabola923/ziyuangongxiang/Application/Home/Controller/FileController.class.php 第 30 行.
NOTIC: [8] Undefined index: username /usr/local/nginx/html/parabola923/ziyuangongxiang/Application/Home/Controller/FileController.class.php 第 30 行.
NOTIC: [8] Undefined index: username /usr/local/nginx/html/parabola923/ziyuangongxiang/Application/Home/Controller/FileController.class.php 第 30 行.
NOTIC: [8] Undefined index: username /usr/local/nginx/html/parabola923/ziyuangongxiang/Application/Home/Controller/FileController.class.php 第 30 行.
NOTIC: [8] Undefined index: username /usr/local/nginx/html/parabola923/ziyuangongxiang/Application/Home/Controller/FileController.class.php 第 30 行.
NOTIC: [8] Use of undefined constant label - assumed 'label' /usr/local/nginx/html/parabola923/ziyuangongxiang/Application/Home/Controller/FileController.class.php 第 33 行.
INFO: [ app_end ] --START--
INFO: Run Behavior\ShowPageTraceBehavior [ RunTime:0.000571s ]
INFO: [ app_end ] --END-- [ RunTime:0.000656s ]

[ 2017-12-07T13:41:47+08:00 ] 10.203.87.119 /ziyuangongxiang/index.php?m=Home&c=File&a=showfile
INFO: [ app_init ] --START--
INFO: Run Behavior\BuildLiteBehavior [ RunTime:0.000012s ]
INFO: [ app_init ] --END-- [ RunTime:0.000234s ]
INFO: [ app_begin ] --START--
INFO: Run Behavior\ReadHtmlCacheBehavior [ RunTime:0.000316s ]
INFO: [ app_begin ] --END-- [ RunTime:0.000379s ]
SQL: SHOW COLUMNS FROM `file` [ RunTime:0.0010s ]
SQL: SELECT `filename`,`filesavename`,`upfile_time`,`filesavefolder`,`fileusername`,`filelabel` FROM `file` WHERE ( filesavefolder='testdata' and isdelete=0 ) ORDER BY upfile_time desc  [ RunTime:0.0004s ]
NOTIC: [8] Undefined index: username /usr/local/nginx/html/parabola923/ziyuangongxiang/Application/Home/Controller/FileController.class.php 第 40 行.
NOTIC: [8] Undefined index: username /usr/local/nginx/html/parabola923/ziyuangongxiang/Application/Home/Controller/FileController.class.php 第 40 行.
INFO: [ app_end ] --START--
INFO: Run Behavior\ShowPageTraceBehavior [ RunTime:0.000311s ]
INFO: [ app_end ] --END-- [ RunTime:0.000359s ]

[ 2017-12-07T13:41:48+08:00 ] 10.203.87.119 /ziyuangongxiang/index.php?m=Home&c=File&a=showfile
INFO: [ app_init ] --START--
INFO: Run Behavior\BuildLiteBehavior [ RunTime:0.000013s ]
INFO: [ app_init ] --END-- [ RunTime:0.000246s ]
INFO: [ app_begin ] --START--
INFO: Run Behavior\ReadHtmlCacheBehavior [ RunTime:0.000281s ]
INFO: [ app_begin ] --END-- [ RunTime:0.000329s ]
SQL: SHOW COLUMNS FROM `file` [ RunTime:0.0009s ]
SQL: SELECT * FROM `file` WHERE ( fileusername='16'and isdelete=0 and filesavefolder='ziyuan' ) ORDER BY upfile_time desc  [ RunTime:0.0004s ]
SQL: SELECT DISTINCT  `filelabel` FROM `file` WHERE ( fileusername='16' and isdelete=0 and filelabel !='' )  [ RunTime:0.0003s ]
NOTIC: [8] Undefined index: username /usr/local/nginx/html/parabola923/ziyuangongxiang/Application/Home/Controller/FileController.class.php 第 30 行.
NOTIC: [8] Undefined index: username /usr/local/nginx/html/parabola923/ziyuangongxiang/Application/Home/Controller/FileController.class.php 第 30 行.
NOTIC: [8] Undefined index: username /usr/local/nginx/html/parabola923/ziyuangongxiang/Application/Home/Controller/FileController.class.php 第 30 行.
NOTIC: [8] Undefined index: username /usr/local/nginx/html/parabola923/ziyuangongxiang/Application/Home/Controller/FileController.class.php 第 30 行.
NOTIC: [8] Undefined index: username /usr/local/nginx/html/parabola923/ziyuangongxiang/Application/Home/Controller/FileController.class.php 第 30 行.
NOTIC: [8] Undefined index: username /usr/local/nginx/html/parabola923/ziyuangongxiang/Application/Home/Controller/FileController.class.php 第 30 行.
NOTIC: [8] Undefined index: username /usr/local/nginx/html/parabola923/ziyuangongxiang/Application/Home/Controller/FileController.class.php 第 30 行.
NOTIC: [8] Undefined index: username /usr/local/nginx/html/parabola923/ziyuangongxiang/Application/Home/Controller/FileController.class.php 第 30 行.
NOTIC: [8] Use of undefined constant label - assumed 'label' /usr/local/nginx/html/parabola923/ziyuangongxiang/Application/Home/Controller/FileController.class.php 第 33 行.
INFO: [ app_end ] --START--
INFO: Run Behavior\ShowPageTraceBehavior [ RunTime:0.000314s ]
INFO: [ app_end ] --END-- [ RunTime:0.000360s ]

[ 2017-12-07T14:16:05+08:00 ] 10.146.0.42 /ziyuangongxiang/index.php?teacherid=MTAwODYxMjM0NTgz
INFO: [ app_init ] --START--
INFO: Run Behavior\BuildLiteBehavior [ RunTime:0.000012s ]
INFO: [ app_init ] --END-- [ RunTime:0.000234s ]
INFO: [ app_begin ] --START--
INFO: Run Behavior\ReadHtmlCacheBehavior [ RunTime:0.000315s ]
INFO: [ app_begin ] --END-- [ RunTime:0.000362s ]
SQL: SHOW COLUMNS FROM `file` [ RunTime:0.0009s ]
SQL: SELECT DISTINCT  `fileusername` FROM `file` WHERE ( filesavefolder='ziyuan' )  [ RunTime:0.0006s ]
NOTIC: [8] Use of undefined constant fileusername - assumed 'fileusername' /usr/local/nginx/html/parabola923/ziyuangongxiang/Application/Home/Controller/IndexController.class.php 第 13 行.
INFO: [ view_parse ] --START--
INFO: [ template_filter ] --START--
INFO: Run Behavior\ContentReplaceBehavior [ RunTime:0.000075s ]
INFO: [ template_filter ] --END-- [ RunTime:0.000125s ]
INFO: Run Behavior\ParseTemplateBehavior [ RunTime:0.008565s ]
INFO: [ view_parse ] --END-- [ RunTime:0.008659s ]
INFO: [ view_filter ] --START--
INFO: Run Behavior\WriteHtmlCacheBehavior [ RunTime:0.000098s ]
INFO: [ view_filter ] --END-- [ RunTime:0.000140s ]
INFO: [ app_end ] --START--
INFO: Run Behavior\ShowPageTraceBehavior [ RunTime:0.000349s ]
INFO: [ app_end ] --END-- [ RunTime:0.000396s ]

[ 2017-12-07T14:16:09+08:00 ] 10.146.0.42 /ziyuangongxiang/index.php?m=Home&c=File&a=showfile
INFO: [ app_init ] --START--
INFO: Run Behavior\BuildLiteBehavior [ RunTime:0.000018s ]
INFO: [ app_init ] --END-- [ RunTime:0.000379s ]
INFO: [ app_begin ] --START--
INFO: Run Behavior\ReadHtmlCacheBehavior [ RunTime:0.000605s ]
INFO: [ app_begin ] --END-- [ RunTime:0.000718s ]
SQL: SHOW COLUMNS FROM `file` [ RunTime:0.0013s ]
SQL: SELECT * FROM `file` WHERE ( fileusername='16'and isdelete=0 and filesavefolder='ziyuan' ) ORDER BY upfile_time desc  [ RunTime:0.0006s ]
SQL: SELECT DISTINCT  `filelabel` FROM `file` WHERE ( fileusername='16' and isdelete=0 and filelabel !='' )  [ RunTime:0.0003s ]
NOTIC: [8] Undefined index: username /usr/local/nginx/html/parabola923/ziyuangongxiang/Application/Home/Controller/FileController.class.php 第 30 行.
NOTIC: [8] Undefined index: username /usr/local/nginx/html/parabola923/ziyuangongxiang/Application/Home/Controller/FileController.class.php 第 30 行.
NOTIC: [8] Undefined index: username /usr/local/nginx/html/parabola923/ziyuangongxiang/Application/Home/Controller/FileController.class.php 第 30 行.
NOTIC: [8] Undefined index: username /usr/local/nginx/html/parabola923/ziyuangongxiang/Application/Home/Controller/FileController.class.php 第 30 行.
NOTIC: [8] Undefined index: username /usr/local/nginx/html/parabola923/ziyuangongxiang/Application/Home/Controller/FileController.class.php 第 30 行.
NOTIC: [8] Undefined index: username /usr/local/nginx/html/parabola923/ziyuangongxiang/Application/Home/Controller/FileController.class.php 第 30 行.
NOTIC: [8] Undefined index: username /usr/local/nginx/html/parabola923/ziyuangongxiang/Application/Home/Controller/FileController.class.php 第 30 行.
NOTIC: [8] Undefined index: username /usr/local/nginx/html/parabola923/ziyuangongxiang/Application/Home/Controller/FileController.class.php 第 30 行.
NOTIC: [8] Use of undefined constant label - assumed 'label' /usr/local/nginx/html/parabola923/ziyuangongxiang/Application/Home/Controller/FileController.class.php 第 33 行.
INFO: [ app_end ] --START--
INFO: Run Behavior\ShowPageTraceBehavior [ RunTime:0.000361s ]
INFO: [ app_end ] --END-- [ RunTime:0.000413s ]

[ 2017-12-07T14:16:16+08:00 ] 10.146.0.42 /ziyuangongxiang/index.php?m=Home&c=File&a=showfile
INFO: [ app_init ] --START--
INFO: Run Behavior\BuildLiteBehavior [ RunTime:0.000018s ]
INFO: [ app_init ] --END-- [ RunTime:0.000356s ]
INFO: [ app_begin ] --START--
INFO: Run Behavior\ReadHtmlCacheBehavior [ RunTime:0.000437s ]
INFO: [ app_begin ] --END-- [ RunTime:0.000515s ]
SQL: SHOW COLUMNS FROM `file` [ RunTime:0.0009s ]
SQL: SELECT `filename`,`filesavename`,`upfile_time`,`filesavefolder`,`fileusername`,`filelabel` FROM `file` WHERE ( filesavefolder='testdata' and isdelete=0 ) ORDER BY upfile_time desc  [ RunTime:0.0004s ]
NOTIC: [8] Undefined index: username /usr/local/nginx/html/parabola923/ziyuangongxiang/Application/Home/Controller/FileController.class.php 第 40 行.
NOTIC: [8] Undefined index: username /usr/local/nginx/html/parabola923/ziyuangongxiang/Application/Home/Controller/FileController.class.php 第 40 行.
INFO: [ app_end ] --START--
INFO: Run Behavior\ShowPageTraceBehavior [ RunTime:0.000532s ]
INFO: [ app_end ] --END-- [ RunTime:0.000590s ]

[ 2017-12-07T14:16:20+08:00 ] 10.146.0.42 /ziyuangongxiang/index.php?m=Home&c=File&a=showfile
INFO: [ app_init ] --START--
INFO: Run Behavior\BuildLiteBehavior [ RunTime:0.000012s ]
INFO: [ app_init ] --END-- [ RunTime:0.000229s ]
INFO: [ app_begin ] --START--
INFO: Run Behavior\ReadHtmlCacheBehavior [ RunTime:0.000362s ]
INFO: [ app_begin ] --END-- [ RunTime:0.000412s ]
SQL: SHOW COLUMNS FROM `file` [ RunTime:0.0009s ]
SQL: SELECT * FROM `file` WHERE ( fileusername='16'and isdelete=0 and filesavefolder='ziyuan' ) ORDER BY upfile_time desc  [ RunTime:0.0004s ]
SQL: SELECT DISTINCT  `filelabel` FROM `file` WHERE ( fileusername='16' and isdelete=0 and filelabel !='' )  [ RunTime:0.0003s ]
NOTIC: [8] Undefined index: username /usr/local/nginx/html/parabola923/ziyuangongxiang/Application/Home/Controller/FileController.class.php 第 30 行.
NOTIC: [8] Undefined index: username /usr/local/nginx/html/parabola923/ziyuangongxiang/Application/Home/Controller/FileController.class.php 第 30 行.
NOTIC: [8] Undefined index: username /usr/local/nginx/html/parabola923/ziyuangongxiang/Application/Home/Controller/FileController.class.php 第 30 行.
NOTIC: [8] Undefined index: username /usr/local/nginx/html/parabola923/ziyuangongxiang/Application/Home/Controller/FileController.class.php 第 30 行.
NOTIC: [8] Undefined index: username /usr/local/nginx/html/parabola923/ziyuangongxiang/Application/Home/Controller/FileController.class.php 第 30 行.
NOTIC: [8] Undefined index: username /usr/local/nginx/html/parabola923/ziyuangongxiang/Application/Home/Controller/FileController.class.php 第 30 行.
NOTIC: [8] Undefined index: username /usr/local/nginx/html/parabola923/ziyuangongxiang/Application/Home/Controller/FileController.class.php 第 30 行.
NOTIC: [8] Undefined index: username /usr/local/nginx/html/parabola923/ziyuangongxiang/Application/Home/Controller/FileController.class.php 第 30 行.
NOTIC: [8] Use of undefined constant label - assumed 'label' /usr/local/nginx/html/parabola923/ziyuangongxiang/Application/Home/Controller/FileController.class.php 第 33 行.
INFO: [ app_end ] --START--
INFO: Run Behavior\ShowPageTraceBehavior [ RunTime:0.000531s ]
INFO: [ app_end ] --END-- [ RunTime:0.000615s ]

[ 2017-12-07T14:16:29+08:00 ] 10.146.0.42 /ziyuangongxiang/index.php?m=Home&c=File&a=downloadFile&folders=ziyuan&file=761d13f031f57452a188c8ccc79ef4e6.pdf&reallyfile=%E7%AC%AC1%E7%AB%A0%20%E7%BB%AA%E8%AE%BA.pdf&fileusername=
INFO: [ app_init ] --START--
INFO: Run Behavior\BuildLiteBehavior [ RunTime:0.000012s ]
INFO: [ app_init ] --END-- [ RunTime:0.000251s ]
INFO: [ app_begin ] --START--
INFO: Run Behavior\ReadHtmlCacheBehavior [ RunTime:0.000298s ]
INFO: [ app_begin ] --END-- [ RunTime:0.000345s ]
SQL: SHOW COLUMNS FROM `file` [ RunTime:0.0011s ]
SQL: update file set file.count=file.count+1 where filesavename ='761d13f031f57452a188c8ccc79ef4e6.pdf' [ RunTime:0.0413s ]

[ 2017-12-07T14:16:38+08:00 ] 10.146.0.42 /ziyuangongxiang/index.php?m=Home&c=File&a=downloadFile&folders=ziyuan&file=aab94f77460078af184e362eb505ea52.pdf&reallyfile=%E7%AC%AC2%E7%AB%A0%20%E7%BA%BF%E6%80%A7%E8%A1%A8.pdf&fileusername=
INFO: [ app_init ] --START--
INFO: Run Behavior\BuildLiteBehavior [ RunTime:0.000018s ]
INFO: [ app_init ] --END-- [ RunTime:0.000376s ]
INFO: [ app_begin ] --START--
INFO: Run Behavior\ReadHtmlCacheBehavior [ RunTime:0.000478s ]
INFO: [ app_begin ] --END-- [ RunTime:0.000553s ]
SQL: SHOW COLUMNS FROM `file` [ RunTime:0.0010s ]
SQL: update file set file.count=file.count+1 where filesavename ='aab94f77460078af184e362eb505ea52.pdf' [ RunTime:0.0309s ]

[ 2017-12-07T14:16:39+08:00 ] 10.146.0.42 /ziyuangongxiang/index.php?m=Home&c=File&a=downloadFile&folders=ziyuan&file=ccd0d70b11f5751beddc19f29f0fab55.pdf&reallyfile=%E7%AC%AC3%E7%AB%A0%20%E6%A0%88%E5%92%8C%E9%98%9F%E5%88%97.pdf&fileusername=
INFO: [ app_init ] --START--
INFO: Run Behavior\BuildLiteBehavior [ RunTime:0.000013s ]
INFO: [ app_init ] --END-- [ RunTime:0.000277s ]
INFO: [ app_begin ] --START--
INFO: Run Behavior\ReadHtmlCacheBehavior [ RunTime:0.000301s ]
INFO: [ app_begin ] --END-- [ RunTime:0.000363s ]
SQL: SHOW COLUMNS FROM `file` [ RunTime:0.0013s ]
SQL: update file set file.count=file.count+1 where filesavename ='ccd0d70b11f5751beddc19f29f0fab55.pdf' [ RunTime:0.0134s ]

[ 2017-12-07T14:16:41+08:00 ] 10.146.0.42 /ziyuangongxiang/index.php?m=Home&c=File&a=downloadFile&folders=ziyuan&file=29de51c4abaef7db1e4786ccde7d1fc7.pdf&reallyfile=%E7%AC%AC4%E7%AB%A0%20%E4%B8%B2%E5%92%8C%E6%95%B0%E7%BB%84.pdf&fileusername=
INFO: [ app_init ] --START--
INFO: Run Behavior\BuildLiteBehavior [ RunTime:0.000018s ]
INFO: [ app_init ] --END-- [ RunTime:0.000381s ]
INFO: [ app_begin ] --START--
INFO: Run Behavior\ReadHtmlCacheBehavior [ RunTime:0.000497s ]
INFO: [ app_begin ] --END-- [ RunTime:0.000574s ]
SQL: SHOW COLUMNS FROM `file` [ RunTime:0.0013s ]
SQL: update file set file.count=file.count+1 where filesavename ='29de51c4abaef7db1e4786ccde7d1fc7.pdf' [ RunTime:0.0173s ]

[ 2017-12-07T14:16:42+08:00 ] 10.146.0.42 /ziyuangongxiang/index.php?m=Home&c=File&a=downloadFile&folders=ziyuan&file=4341246cb8e31bc9d2c3586e82428660.pdf&reallyfile=%E7%AC%AC5%E7%AB%A0%20%E6%A0%91%E5%92%8C%E4%BA%8C%E5%8F%89%E6%A0%91.pdf&fileusername=
INFO: [ app_init ] --START--
INFO: Run Behavior\BuildLiteBehavior [ RunTime:0.000018s ]
INFO: [ app_init ] --END-- [ RunTime:0.000380s ]
INFO: [ app_begin ] --START--
INFO: Run Behavior\ReadHtmlCacheBehavior [ RunTime:0.000481s ]
INFO: [ app_begin ] --END-- [ RunTime:0.000556s ]
SQL: SHOW COLUMNS FROM `file` [ RunTime:0.0016s ]
SQL: update file set file.count=file.count+1 where filesavename ='4341246cb8e31bc9d2c3586e82428660.pdf' [ RunTime:0.0261s ]

[ 2017-12-07T14:16:42+08:00 ] 10.146.0.42 /ziyuangongxiang/index.php?m=Home&c=File&a=downloadFile&folders=ziyuan&file=d7c815d085250b735c9999b70d2dc952.pdf&reallyfile=%E7%AC%AC6%E7%AB%A0%20%E5%9B%BE.pdf&fileusername=
INFO: [ app_init ] --START--
INFO: Run Behavior\BuildLiteBehavior [ RunTime:0.000012s ]
INFO: [ app_init ] --END-- [ RunTime:0.000232s ]
INFO: [ app_begin ] --START--
INFO: Run Behavior\ReadHtmlCacheBehavior [ RunTime:0.000318s ]
INFO: [ app_begin ] --END-- [ RunTime:0.000367s ]
SQL: SHOW COLUMNS FROM `file` [ RunTime:0.0009s ]
SQL: update file set file.count=file.count+1 where filesavename ='d7c815d085250b735c9999b70d2dc952.pdf' [ RunTime:0.0170s ]

[ 2017-12-07T14:16:43+08:00 ] 10.146.0.42 /ziyuangongxiang/index.php?m=Home&c=File&a=downloadFile&folders=ziyuan&file=fd61d68304773539c4fd8811a8533607.pdf&reallyfile=%E7%AC%AC7%E7%AB%A0%20%E6%9F%A5%E6%89%BE%E6%8A%80%E6%9C%AF.pdf&fileusername=
INFO: [ app_init ] --START--
INFO: Run Behavior\BuildLiteBehavior [ RunTime:0.000013s ]
INFO: [ app_init ] --END-- [ RunTime:0.000253s ]
INFO: [ app_begin ] --START--
INFO: Run Behavior\ReadHtmlCacheBehavior [ RunTime:0.000323s ]
INFO: [ app_begin ] --END-- [ RunTime:0.000372s ]
SQL: SHOW COLUMNS FROM `file` [ RunTime:0.0009s ]
SQL: update file set file.count=file.count+1 where filesavename ='fd61d68304773539c4fd8811a8533607.pdf' [ RunTime:0.0227s ]

[ 2017-12-07T14:16:46+08:00 ] 10.146.0.42 /ziyuangongxiang/index.php?m=Home&c=File&a=downloadFile&folders=ziyuan&file=8b0fbc37b750562711c5ff58b965c933.pdf&reallyfile=%E7%AC%AC8%E7%AB%A0%20%E6%8E%92%E5%BA%8F%E6%8A%80%E6%9C%AF.pdf&fileusername=
INFO: [ app_init ] --START--
INFO: Run Behavior\BuildLiteBehavior [ RunTime:0.000018s ]
INFO: [ app_init ] --END-- [ RunTime:0.000280s ]
INFO: [ app_begin ] --START--
INFO: Run Behavior\ReadHtmlCacheBehavior [ RunTime:0.000292s ]
INFO: [ app_begin ] --END-- [ RunTime:0.000340s ]
SQL: SHOW COLUMNS FROM `file` [ RunTime:0.0009s ]
SQL: update file set file.count=file.count+1 where filesavename ='8b0fbc37b750562711c5ff58b965c933.pdf' [ RunTime:0.0215s ]

[ 2017-12-07T15:08:36+08:00 ] 10.203.77.10 /ziyuangongxiang/index.php?teacherid=MTAwODYxMjM0NTgz
INFO: [ app_init ] --START--
INFO: Run Behavior\BuildLiteBehavior [ RunTime:0.000012s ]
INFO: [ app_init ] --END-- [ RunTime:0.000230s ]
INFO: [ app_begin ] --START--
INFO: Run Behavior\ReadHtmlCacheBehavior [ RunTime:0.000300s ]
INFO: [ app_begin ] --END-- [ RunTime:0.000352s ]
SQL: SHOW COLUMNS FROM `file` [ RunTime:0.0009s ]
SQL: SELECT DISTINCT  `fileusername` FROM `file` WHERE ( filesavefolder='ziyuan' )  [ RunTime:0.0005s ]
NOTIC: [8] Use of undefined constant fileusername - assumed 'fileusername' /usr/local/nginx/html/parabola923/ziyuangongxiang/Application/Home/Controller/IndexController.class.php 第 13 行.
INFO: [ view_parse ] --START--
INFO: [ template_filter ] --START--
INFO: Run Behavior\ContentReplaceBehavior [ RunTime:0.000059s ]
INFO: [ template_filter ] --END-- [ RunTime:0.000113s ]
INFO: Run Behavior\ParseTemplateBehavior [ RunTime:0.008529s ]
INFO: [ view_parse ] --END-- [ RunTime:0.008580s ]
INFO: [ view_filter ] --START--
INFO: Run Behavior\WriteHtmlCacheBehavior [ RunTime:0.000098s ]
INFO: [ view_filter ] --END-- [ RunTime:0.000141s ]
INFO: [ app_end ] --START--
INFO: Run Behavior\ShowPageTraceBehavior [ RunTime:0.000346s ]
INFO: [ app_end ] --END-- [ RunTime:0.000400s ]

[ 2017-12-07T15:08:40+08:00 ] 10.203.77.10 /ziyuangongxiang/index.php?m=Home&c=File&a=showfile
INFO: [ app_init ] --START--
INFO: Run Behavior\BuildLiteBehavior [ RunTime:0.000018s ]
INFO: [ app_init ] --END-- [ RunTime:0.000359s ]
INFO: [ app_begin ] --START--
INFO: Run Behavior\ReadHtmlCacheBehavior [ RunTime:0.000531s ]
INFO: [ app_begin ] --END-- [ RunTime:0.000635s ]
SQL: SHOW COLUMNS FROM `file` [ RunTime:0.0012s ]
SQL: SELECT * FROM `file` WHERE ( fileusername='16'and isdelete=0 and filesavefolder='ziyuan' ) ORDER BY upfile_time desc  [ RunTime:0.0004s ]
SQL: SELECT DISTINCT  `filelabel` FROM `file` WHERE ( fileusername='16' and isdelete=0 and filelabel !='' )  [ RunTime:0.0003s ]
NOTIC: [8] Undefined index: username /usr/local/nginx/html/parabola923/ziyuangongxiang/Application/Home/Controller/FileController.class.php 第 30 行.
NOTIC: [8] Undefined index: username /usr/local/nginx/html/parabola923/ziyuangongxiang/Application/Home/Controller/FileController.class.php 第 30 行.
NOTIC: [8] Undefined index: username /usr/local/nginx/html/parabola923/ziyuangongxiang/Application/Home/Controller/FileController.class.php 第 30 行.
NOTIC: [8] Undefined index: username /usr/local/nginx/html/parabola923/ziyuangongxiang/Application/Home/Controller/FileController.class.php 第 30 行.
NOTIC: [8] Undefined index: username /usr/local/nginx/html/parabola923/ziyuangongxiang/Application/Home/Controller/FileController.class.php 第 30 行.
NOTIC: [8] Undefined index: username /usr/local/nginx/html/parabola923/ziyuangongxiang/Application/Home/Controller/FileController.class.php 第 30 行.
NOTIC: [8] Undefined index: username /usr/local/nginx/html/parabola923/ziyuangongxiang/Application/Home/Controller/FileController.class.php 第 30 行.
NOTIC: [8] Undefined index: username /usr/local/nginx/html/parabola923/ziyuangongxiang/Application/Home/Controller/FileController.class.php 第 30 行.
NOTIC: [8] Use of undefined constant label - assumed 'label' /usr/local/nginx/html/parabola923/ziyuangongxiang/Application/Home/Controller/FileController.class.php 第 33 行.
INFO: [ app_end ] --START--
INFO: Run Behavior\ShowPageTraceBehavior [ RunTime:0.000348s ]
INFO: [ app_end ] --END-- [ RunTime:0.000395s ]

[ 2017-12-07T15:14:29+08:00 ] 10.203.77.63 /ziyuangongxiang/index.php?teacherid=MTAwODYxMjM0NTgz
INFO: [ app_init ] --START--
INFO: Run Behavior\BuildLiteBehavior [ RunTime:0.000013s ]
INFO: [ app_init ] --END-- [ RunTime:0.000232s ]
INFO: [ app_begin ] --START--
INFO: Run Behavior\ReadHtmlCacheBehavior [ RunTime:0.000286s ]
INFO: [ app_begin ] --END-- [ RunTime:0.000344s ]
SQL: SHOW COLUMNS FROM `file` [ RunTime:0.0009s ]
SQL: SELECT DISTINCT  `fileusername` FROM `file` WHERE ( filesavefolder='ziyuan' )  [ RunTime:0.0005s ]
NOTIC: [8] Use of undefined constant fileusername - assumed 'fileusername' /usr/local/nginx/html/parabola923/ziyuangongxiang/Application/Home/Controller/IndexController.class.php 第 13 行.
INFO: [ view_parse ] --START--
INFO: [ template_filter ] --START--
INFO: Run Behavior\ContentReplaceBehavior [ RunTime:0.000082s ]
INFO: [ template_filter ] --END-- [ RunTime:0.000157s ]
INFO: Run Behavior\ParseTemplateBehavior [ RunTime:0.010043s ]
INFO: [ view_parse ] --END-- [ RunTime:0.010108s ]
INFO: [ view_filter ] --START--
INFO: Run Behavior\WriteHtmlCacheBehavior [ RunTime:0.000179s ]
INFO: [ view_filter ] --END-- [ RunTime:0.000247s ]
INFO: [ app_end ] --START--
INFO: Run Behavior\ShowPageTraceBehavior [ RunTime:0.000506s ]
INFO: [ app_end ] --END-- [ RunTime:0.000580s ]

[ 2017-12-07T15:24:45+08:00 ] 10.203.77.63 /ziyuangongxiang/index.php?m=Home&c=File&a=showfile
INFO: [ app_init ] --START--
INFO: Run Behavior\BuildLiteBehavior [ RunTime:0.000018s ]
INFO: [ app_init ] --END-- [ RunTime:0.000355s ]
INFO: [ app_begin ] --START--
INFO: Run Behavior\ReadHtmlCacheBehavior [ RunTime:0.000435s ]
INFO: [ app_begin ] --END-- [ RunTime:0.000529s ]
SQL: SHOW COLUMNS FROM `file` [ RunTime:0.0013s ]
SQL: SELECT * FROM `file` WHERE ( fileusername='16'and isdelete=0 and filesavefolder='ziyuan' ) ORDER BY upfile_time desc  [ RunTime:0.0006s ]
SQL: SELECT DISTINCT  `filelabel` FROM `file` WHERE ( fileusername='16' and isdelete=0 and filelabel !='' )  [ RunTime:0.0005s ]
NOTIC: [8] Undefined index: username /usr/local/nginx/html/parabola923/ziyuangongxiang/Application/Home/Controller/FileController.class.php 第 30 行.
NOTIC: [8] Undefined index: username /usr/local/nginx/html/parabola923/ziyuangongxiang/Application/Home/Controller/FileController.class.php 第 30 行.
NOTIC: [8] Undefined index: username /usr/local/nginx/html/parabola923/ziyuangongxiang/Application/Home/Controller/FileController.class.php 第 30 行.
NOTIC: [8] Undefined index: username /usr/local/nginx/html/parabola923/ziyuangongxiang/Application/Home/Controller/FileController.class.php 第 30 行.
NOTIC: [8] Undefined index: username /usr/local/nginx/html/parabola923/ziyuangongxiang/Application/Home/Controller/FileController.class.php 第 30 行.
NOTIC: [8] Undefined index: username /usr/local/nginx/html/parabola923/ziyuangongxiang/Application/Home/Controller/FileController.class.php 第 30 行.
NOTIC: [8] Undefined index: username /usr/local/nginx/html/parabola923/ziyuangongxiang/Application/Home/Controller/FileController.class.php 第 30 行.
NOTIC: [8] Undefined index: username /usr/local/nginx/html/parabola923/ziyuangongxiang/Application/Home/Controller/FileController.class.php 第 30 行.
NOTIC: [8] Use of undefined constant label - assumed 'label' /usr/local/nginx/html/parabola923/ziyuangongxiang/Application/Home/Controller/FileController.class.php 第 33 行.
INFO: [ app_end ] --START--
INFO: Run Behavior\ShowPageTraceBehavior [ RunTime:0.000576s ]
INFO: [ app_end ] --END-- [ RunTime:0.000657s ]

[ 2017-12-07T15:24:46+08:00 ] 10.203.77.63 /ziyuangongxiang/index.php?m=Home&c=File&a=downloadFile&folders=ziyuan&file=761d13f031f57452a188c8ccc79ef4e6.pdf&reallyfile=第1章%20绪论.pdf&fileusername=
INFO: [ app_init ] --START--
INFO: Run Behavior\BuildLiteBehavior [ RunTime:0.000012s ]
INFO: [ app_init ] --END-- [ RunTime:0.000232s ]
INFO: [ app_begin ] --START--
INFO: Run Behavior\ReadHtmlCacheBehavior [ RunTime:0.000281s ]
INFO: [ app_begin ] --END-- [ RunTime:0.000328s ]
SQL: SHOW COLUMNS FROM `file` [ RunTime:0.0014s ]
SQL: update file set file.count=file.count+1 where filesavename ='761d13f031f57452a188c8ccc79ef4e6.pdf' [ RunTime:0.0230s ]

[ 2017-12-07T15:25:14+08:00 ] 10.203.77.63 /ziyuangongxiang/index.php?m=Home&c=File&a=downloadFile&folders=ziyuan&file=761d13f031f57452a188c8ccc79ef4e6.pdf&reallyfile=第1章%20绪论.pdf&fileusername=
INFO: [ app_init ] --START--
INFO: Run Behavior\BuildLiteBehavior [ RunTime:0.000018s ]
INFO: [ app_init ] --END-- [ RunTime:0.000398s ]
INFO: [ app_begin ] --START--
INFO: Run Behavior\ReadHtmlCacheBehavior [ RunTime:0.000453s ]
INFO: [ app_begin ] --END-- [ RunTime:0.000556s ]
SQL: SHOW COLUMNS FROM `file` [ RunTime:0.0013s ]
SQL: update file set file.count=file.count+1 where filesavename ='761d13f031f57452a188c8ccc79ef4e6.pdf' [ RunTime:0.0302s ]

[ 2017-12-07T15:25:24+08:00 ] 10.203.77.63 /ziyuangongxiang/index.php?m=Home&c=File&a=downloadFile&folders=ziyuan&file=761d13f031f57452a188c8ccc79ef4e6.pdf&reallyfile=1%20.pdf&fileusername=
INFO: [ app_init ] --START--
INFO: Run Behavior\BuildLiteBehavior [ RunTime:0.000012s ]
INFO: [ app_init ] --END-- [ RunTime:0.000229s ]
INFO: [ app_begin ] --START--
INFO: Run Behavior\ReadHtmlCacheBehavior [ RunTime:0.000361s ]
INFO: [ app_begin ] --END-- [ RunTime:0.000409s ]
SQL: SHOW COLUMNS FROM `file` [ RunTime:0.0013s ]
SQL: update file set file.count=file.count+1 where filesavename ='761d13f031f57452a188c8ccc79ef4e6.pdf' [ RunTime:0.0177s ]

[ 2017-12-07T15:25:26+08:00 ] 10.203.77.63 /ziyuangongxiang/index.php?m=Home&c=File&a=downloadFile&folders=ziyuan&file=aab94f77460078af184e362eb505ea52.pdf&reallyfile=第2章%20线性表.pdf&fileusername=
INFO: [ app_init ] --START--
INFO: Run Behavior\BuildLiteBehavior [ RunTime:0.000014s ]
INFO: [ app_init ] --END-- [ RunTime:0.000281s ]
INFO: [ app_begin ] --START--
INFO: Run Behavior\ReadHtmlCacheBehavior [ RunTime:0.000289s ]
INFO: [ app_begin ] --END-- [ RunTime:0.000337s ]
SQL: SHOW COLUMNS FROM `file` [ RunTime:0.0009s ]
SQL: update file set file.count=file.count+1 where filesavename ='aab94f77460078af184e362eb505ea52.pdf' [ RunTime:0.0243s ]

[ 2017-12-07T15:25:28+08:00 ] 10.203.77.63 /ziyuangongxiang/index.php?m=Home&c=File&a=downloadFile&folders=ziyuan&file=aab94f77460078af184e362eb505ea52.pdf&reallyfile=2%20Ա.pdf&fileusername=
INFO: [ app_init ] --START--
INFO: Run Behavior\BuildLiteBehavior [ RunTime:0.000013s ]
INFO: [ app_init ] --END-- [ RunTime:0.000244s ]
INFO: [ app_begin ] --START--
INFO: Run Behavior\ReadHtmlCacheBehavior [ RunTime:0.000367s ]
INFO: [ app_begin ] --END-- [ RunTime:0.000418s ]
SQL: SHOW COLUMNS FROM `file` [ RunTime:0.0011s ]
SQL: update file set file.count=file.count+1 where filesavename ='aab94f77460078af184e362eb505ea52.pdf' [ RunTime:0.0607s ]

[ 2017-12-07T15:25:32+08:00 ] 10.203.77.63 /ziyuangongxiang/index.php?m=Home&c=File&a=downloadFile&folders=ziyuan&file=ccd0d70b11f5751beddc19f29f0fab55.pdf&reallyfile=第3章%20栈和队列.pdf&fileusername=
INFO: [ app_init ] --START--
INFO: Run Behavior\BuildLiteBehavior [ RunTime:0.000013s ]
INFO: [ app_init ] --END-- [ RunTime:0.000253s ]
INFO: [ app_begin ] --START--
INFO: Run Behavior\ReadHtmlCacheBehavior [ RunTime:0.000283s ]
INFO: [ app_begin ] --END-- [ RunTime:0.000331s ]
SQL: SHOW COLUMNS FROM `file` [ RunTime:0.0009s ]
SQL: update file set file.count=file.count+1 where filesavename ='ccd0d70b11f5751beddc19f29f0fab55.pdf' [ RunTime:0.0178s ]

[ 2017-12-07T15:25:33+08:00 ] 10.203.77.63 /ziyuangongxiang/index.php?m=Home&c=File&a=downloadFile&folders=ziyuan&file=ccd0d70b11f5751beddc19f29f0fab55.pdf&reallyfile=3%20ջͶ.pdf&fileusername=
INFO: [ app_init ] --START--
INFO: Run Behavior\BuildLiteBehavior [ RunTime:0.000018s ]
INFO: [ app_init ] --END-- [ RunTime:0.000263s ]
INFO: [ app_begin ] --START--
INFO: Run Behavior\ReadHtmlCacheBehavior [ RunTime:0.000340s ]
INFO: [ app_begin ] --END-- [ RunTime:0.000407s ]
SQL: SHOW COLUMNS FROM `file` [ RunTime:0.0010s ]
SQL: update file set file.count=file.count+1 where filesavename ='ccd0d70b11f5751beddc19f29f0fab55.pdf' [ RunTime:0.0237s ]

[ 2017-12-07T15:25:35+08:00 ] 10.203.77.63 /ziyuangongxiang/index.php?m=Home&c=File&a=downloadFile&folders=ziyuan&file=29de51c4abaef7db1e4786ccde7d1fc7.pdf&reallyfile=第4章%20串和数组.pdf&fileusername=
INFO: [ app_init ] --START--
INFO: Run Behavior\BuildLiteBehavior [ RunTime:0.000012s ]
INFO: [ app_init ] --END-- [ RunTime:0.000229s ]
INFO: [ app_begin ] --START--
INFO: Run Behavior\ReadHtmlCacheBehavior [ RunTime:0.000288s ]
INFO: [ app_begin ] --END-- [ RunTime:0.000335s ]
SQL: SHOW COLUMNS FROM `file` [ RunTime:0.0009s ]
SQL: update file set file.count=file.count+1 where filesavename ='29de51c4abaef7db1e4786ccde7d1fc7.pdf' [ RunTime:0.0173s ]

[ 2017-12-07T15:25:36+08:00 ] 10.203.77.63 /ziyuangongxiang/index.php?m=Home&c=File&a=downloadFile&folders=ziyuan&file=29de51c4abaef7db1e4786ccde7d1fc7.pdf&reallyfile=4%20.pdf&fileusername=
INFO: [ app_init ] --START--
INFO: Run Behavior\BuildLiteBehavior [ RunTime:0.000031s ]
INFO: [ app_init ] --END-- [ RunTime:0.000270s ]
INFO: [ app_begin ] --START--
INFO: Run Behavior\ReadHtmlCacheBehavior [ RunTime:0.000340s ]
INFO: [ app_begin ] --END-- [ RunTime:0.000389s ]
SQL: SHOW COLUMNS FROM `file` [ RunTime:0.0010s ]
SQL: update file set file.count=file.count+1 where filesavename ='29de51c4abaef7db1e4786ccde7d1fc7.pdf' [ RunTime:0.0115s ]

[ 2017-12-07T15:25:38+08:00 ] 10.203.77.63 /ziyuangongxiang/index.php?m=Home&c=File&a=downloadFile&folders=ziyuan&file=4341246cb8e31bc9d2c3586e82428660.pdf&reallyfile=第5章%20树和二叉树.pdf&fileusername=
INFO: [ app_init ] --START--
INFO: Run Behavior\BuildLiteBehavior [ RunTime:0.000022s ]
INFO: [ app_init ] --END-- [ RunTime:0.000257s ]
INFO: [ app_begin ] --START--
INFO: Run Behavior\ReadHtmlCacheBehavior [ RunTime:0.000286s ]
INFO: [ app_begin ] --END-- [ RunTime:0.000332s ]
SQL: SHOW COLUMNS FROM `file` [ RunTime:0.0013s ]
SQL: update file set file.count=file.count+1 where filesavename ='4341246cb8e31bc9d2c3586e82428660.pdf' [ RunTime:0.0372s ]

[ 2017-12-07T15:25:39+08:00 ] 10.203.77.63 /ziyuangongxiang/index.php?m=Home&c=File&a=downloadFile&folders=ziyuan&file=4341246cb8e31bc9d2c3586e82428660.pdf&reallyfile=5%20Ͷ.pdf&fileusername=
INFO: [ app_init ] --START--
INFO: Run Behavior\BuildLiteBehavior [ RunTime:0.000023s ]
INFO: [ app_init ] --END-- [ RunTime:0.000310s ]
INFO: [ app_begin ] --START--
INFO: Run Behavior\ReadHtmlCacheBehavior [ RunTime:0.000339s ]
INFO: [ app_begin ] --END-- [ RunTime:0.000391s ]
SQL: SHOW COLUMNS FROM `file` [ RunTime:0.0014s ]
SQL: update file set file.count=file.count+1 where filesavename ='4341246cb8e31bc9d2c3586e82428660.pdf' [ RunTime:0.0106s ]

[ 2017-12-07T15:25:41+08:00 ] 10.203.77.63 /ziyuangongxiang/index.php?m=Home&c=File&a=downloadFile&folders=ziyuan&file=d7c815d085250b735c9999b70d2dc952.pdf&reallyfile=第6章%20图.pdf&fileusername=
INFO: [ app_init ] --START--
INFO: Run Behavior\BuildLiteBehavior [ RunTime:0.000012s ]
INFO: [ app_init ] --END-- [ RunTime:0.000232s ]
INFO: [ app_begin ] --START--
INFO: Run Behavior\ReadHtmlCacheBehavior [ RunTime:0.000316s ]
INFO: [ app_begin ] --END-- [ RunTime:0.000364s ]
SQL: SHOW COLUMNS FROM `file` [ RunTime:0.0010s ]
SQL: update file set file.count=file.count+1 where filesavename ='d7c815d085250b735c9999b70d2dc952.pdf' [ RunTime:0.0110s ]

[ 2017-12-07T15:25:42+08:00 ] 10.203.77.63 /ziyuangongxiang/index.php?m=Home&c=File&a=downloadFile&folders=ziyuan&file=d7c815d085250b735c9999b70d2dc952.pdf&reallyfile=6%20ͼ.pdf&fileusername=
INFO: [ app_init ] --START--
INFO: Run Behavior\BuildLiteBehavior [ RunTime:0.000018s ]
INFO: [ app_init ] --END-- [ RunTime:0.000440s ]
INFO: [ app_begin ] --START--
INFO: Run Behavior\ReadHtmlCacheBehavior [ RunTime:0.000540s ]
INFO: [ app_begin ] --END-- [ RunTime:0.000616s ]
SQL: SHOW COLUMNS FROM `file` [ RunTime:0.0012s ]
SQL: update file set file.count=file.count+1 where filesavename ='d7c815d085250b735c9999b70d2dc952.pdf' [ RunTime:0.0143s ]

[ 2017-12-07T15:25:42+08:00 ] 10.203.77.63 /ziyuangongxiang/index.php?m=Home&c=File&a=downloadFile&folders=ziyuan&file=fd61d68304773539c4fd8811a8533607.pdf&reallyfile=第7章%20查找技术.pdf&fileusername=
INFO: [ app_init ] --START--
INFO: Run Behavior\BuildLiteBehavior [ RunTime:0.000013s ]
INFO: [ app_init ] --END-- [ RunTime:0.000242s ]
INFO: [ app_begin ] --START--
INFO: Run Behavior\ReadHtmlCacheBehavior [ RunTime:0.000297s ]
INFO: [ app_begin ] --END-- [ RunTime:0.000346s ]
SQL: SHOW COLUMNS FROM `file` [ RunTime:0.0009s ]
SQL: update file set file.count=file.count+1 where filesavename ='fd61d68304773539c4fd8811a8533607.pdf' [ RunTime:0.0118s ]

[ 2017-12-07T15:25:44+08:00 ] 10.203.77.63 /ziyuangongxiang/index.php?m=Home&c=File&a=downloadFile&folders=ziyuan&file=fd61d68304773539c4fd8811a8533607.pdf&reallyfile=7%20Ҽ.pdf&fileusername=
INFO: [ app_init ] --START--
INFO: Run Behavior\BuildLiteBehavior [ RunTime:0.000012s ]
INFO: [ app_init ] --END-- [ RunTime:0.000246s ]
INFO: [ app_begin ] --START--
INFO: Run Behavior\ReadHtmlCacheBehavior [ RunTime:0.000361s ]
INFO: [ app_begin ] --END-- [ RunTime:0.000409s ]
SQL: SHOW COLUMNS FROM `file` [ RunTime:0.0010s ]
SQL: update file set file.count=file.count+1 where filesavename ='fd61d68304773539c4fd8811a8533607.pdf' [ RunTime:0.0266s ]

[ 2017-12-07T15:25:45+08:00 ] 10.203.77.63 /ziyuangongxiang/index.php?m=Home&c=File&a=downloadFile&folders=ziyuan&file=8b0fbc37b750562711c5ff58b965c933.pdf&reallyfile=第8章%20排序技术.pdf&fileusername=
INFO: [ app_init ] --START--
INFO: Run Behavior\BuildLiteBehavior [ RunTime:0.000012s ]
INFO: [ app_init ] --END-- [ RunTime:0.000227s ]
INFO: [ app_begin ] --START--
INFO: Run Behavior\ReadHtmlCacheBehavior [ RunTime:0.000287s ]
INFO: [ app_begin ] --END-- [ RunTime:0.000335s ]
SQL: SHOW COLUMNS FROM `file` [ RunTime:0.0008s ]
SQL: update file set file.count=file.count+1 where filesavename ='8b0fbc37b750562711c5ff58b965c933.pdf' [ RunTime:0.0110s ]

[ 2017-12-07T15:25:46+08:00 ] 10.203.77.63 /ziyuangongxiang/index.php?m=Home&c=File&a=downloadFile&folders=ziyuan&file=8b0fbc37b750562711c5ff58b965c933.pdf&reallyfile=8%20.pdf&fileusername=
INFO: [ app_init ] --START--
INFO: Run Behavior\BuildLiteBehavior [ RunTime:0.000012s ]
INFO: [ app_init ] --END-- [ RunTime:0.000227s ]
INFO: [ app_begin ] --START--
INFO: Run Behavior\ReadHtmlCacheBehavior [ RunTime:0.000329s ]
INFO: [ app_begin ] --END-- [ RunTime:0.000376s ]
SQL: SHOW COLUMNS FROM `file` [ RunTime:0.0017s ]
SQL: update file set file.count=file.count+1 where filesavename ='8b0fbc37b750562711c5ff58b965c933.pdf' [ RunTime:0.0146s ]

[ 2017-12-07T15:26:04+08:00 ] 10.203.77.63 /ziyuangongxiang/index.php?m=Home&c=File&a=downloadFile&folders=ziyuan&file=d7c815d085250b735c9999b70d2dc952.pdf&reallyfile=6%20ͼ.pdf&fileusername=
INFO: [ app_init ] --START--
INFO: Run Behavior\BuildLiteBehavior [ RunTime:0.000013s ]
INFO: [ app_init ] --END-- [ RunTime:0.000240s ]
INFO: [ app_begin ] --START--
INFO: Run Behavior\ReadHtmlCacheBehavior [ RunTime:0.000319s ]
INFO: [ app_begin ] --END-- [ RunTime:0.000369s ]
SQL: SHOW COLUMNS FROM `file` [ RunTime:0.0010s ]
SQL: update file set file.count=file.count+1 where filesavename ='d7c815d085250b735c9999b70d2dc952.pdf' [ RunTime:0.0184s ]

[ 2017-12-07T16:24:00+08:00 ] 10.203.87.71 /ziyuangongxiang/index.php?teacherid=MTAwODYxMjM0NTgy
INFO: [ app_init ] --START--
INFO: Run Behavior\BuildLiteBehavior [ RunTime:0.000017s ]
INFO: [ app_init ] --END-- [ RunTime:0.000248s ]
INFO: [ app_begin ] --START--
INFO: Run Behavior\ReadHtmlCacheBehavior [ RunTime:0.000303s ]
INFO: [ app_begin ] --END-- [ RunTime:0.000350s ]
SQL: SHOW COLUMNS FROM `file` [ RunTime:0.0009s ]
SQL: SELECT DISTINCT  `fileusername` FROM `file` WHERE ( filesavefolder='ziyuan' )  [ RunTime:0.0005s ]
NOTIC: [8] Use of undefined constant fileusername - assumed 'fileusername' /usr/local/nginx/html/parabola923/ziyuangongxiang/Application/Home/Controller/IndexController.class.php 第 13 行.
INFO: [ view_parse ] --START--
INFO: [ template_filter ] --START--
INFO: Run Behavior\ContentReplaceBehavior [ RunTime:0.000052s ]
INFO: [ template_filter ] --END-- [ RunTime:0.000099s ]
INFO: Run Behavior\ParseTemplateBehavior [ RunTime:0.006256s ]
INFO: [ view_parse ] --END-- [ RunTime:0.006316s ]
INFO: [ view_filter ] --START--
INFO: Run Behavior\WriteHtmlCacheBehavior [ RunTime:0.000109s ]
INFO: [ view_filter ] --END-- [ RunTime:0.000151s ]
INFO: [ app_end ] --START--
INFO: Run Behavior\ShowPageTraceBehavior [ RunTime:0.000361s ]
INFO: [ app_end ] --END-- [ RunTime:0.000416s ]

[ 2017-12-07T16:24:03+08:00 ] 10.203.87.71 /ziyuangongxiang/index.php?m=Home&c=File&a=showfile
INFO: [ app_init ] --START--
INFO: Run Behavior\BuildLiteBehavior [ RunTime:0.000013s ]
INFO: [ app_init ] --END-- [ RunTime:0.000236s ]
INFO: [ app_begin ] --START--
INFO: Run Behavior\ReadHtmlCacheBehavior [ RunTime:0.000281s ]
INFO: [ app_begin ] --END-- [ RunTime:0.000331s ]
SQL: SHOW COLUMNS FROM `file` [ RunTime:0.0009s ]
SQL: SELECT `filename`,`filesavename`,`upfile_time`,`filesavefolder`,`fileusername`,`filelabel` FROM `file` WHERE ( filesavefolder='testdata' and isdelete=0 ) ORDER BY upfile_time desc  [ RunTime:0.0004s ]
NOTIC: [8] Undefined index: username /usr/local/nginx/html/parabola923/ziyuangongxiang/Application/Home/Controller/FileController.class.php 第 40 行.
NOTIC: [8] Undefined index: username /usr/local/nginx/html/parabola923/ziyuangongxiang/Application/Home/Controller/FileController.class.php 第 40 行.
INFO: [ app_end ] --START--
INFO: Run Behavior\ShowPageTraceBehavior [ RunTime:0.000321s ]
INFO: [ app_end ] --END-- [ RunTime:0.000367s ]

[ 2017-12-07T16:24:05+08:00 ] 10.203.87.71 /ziyuangongxiang/index.php?m=Home&c=File&a=showfile
INFO: [ app_init ] --START--
INFO: Run Behavior\BuildLiteBehavior [ RunTime:0.000011s ]
INFO: [ app_init ] --END-- [ RunTime:0.000227s ]
INFO: [ app_begin ] --START--
INFO: Run Behavior\ReadHtmlCacheBehavior [ RunTime:0.000320s ]
INFO: [ app_begin ] --END-- [ RunTime:0.000369s ]
SQL: SHOW COLUMNS FROM `file` [ RunTime:0.0262s ]
SQL: SELECT * FROM `file` WHERE ( fileusername='15'and isdelete=0 and filesavefolder='ziyuan' ) ORDER BY upfile_time desc  [ RunTime:0.0006s ]
SQL: SELECT DISTINCT  `filelabel` FROM `file` WHERE ( fileusername='15' and isdelete=0 and filelabel !='' )  [ RunTime:0.0004s ]
NOTIC: [8] Use of undefined constant label - assumed 'label' /usr/local/nginx/html/parabola923/ziyuangongxiang/Application/Home/Controller/FileController.class.php 第 33 行.
INFO: [ app_end ] --START--
INFO: Run Behavior\ShowPageTraceBehavior [ RunTime:0.000588s ]
INFO: [ app_end ] --END-- [ RunTime:0.000661s ]

[ 2017-12-07T17:44:17+08:00 ] 10.203.87.41 /ziyuangongxiang/index.php?teacherid=MTAwODYxMjM0NTgw
INFO: [ app_init ] --START--
INFO: Run Behavior\BuildLiteBehavior [ RunTime:0.000013s ]
INFO: [ app_init ] --END-- [ RunTime:0.000243s ]
INFO: [ app_begin ] --START--
INFO: Run Behavior\ReadHtmlCacheBehavior [ RunTime:0.000287s ]
INFO: [ app_begin ] --END-- [ RunTime:0.000335s ]
SQL: SHOW COLUMNS FROM `file` [ RunTime:0.0009s ]
SQL: SELECT DISTINCT  `fileusername` FROM `file` WHERE ( filesavefolder='ziyuan' )  [ RunTime:0.0004s ]
NOTIC: [8] Use of undefined constant fileusername - assumed 'fileusername' /usr/local/nginx/html/parabola923/ziyuangongxiang/Application/Home/Controller/IndexController.class.php 第 13 行.
INFO: [ view_parse ] --START--
INFO: [ template_filter ] --START--
INFO: Run Behavior\ContentReplaceBehavior [ RunTime:0.000058s ]
INFO: [ template_filter ] --END-- [ RunTime:0.000112s ]
INFO: Run Behavior\ParseTemplateBehavior [ RunTime:0.006900s ]
INFO: [ view_parse ] --END-- [ RunTime:0.006948s ]
INFO: [ view_filter ] --START--
INFO: Run Behavior\WriteHtmlCacheBehavior [ RunTime:0.000111s ]
INFO: [ view_filter ] --END-- [ RunTime:0.000153s ]
INFO: [ app_end ] --START--
INFO: Run Behavior\ShowPageTraceBehavior [ RunTime:0.000392s ]
INFO: [ app_end ] --END-- [ RunTime:0.000449s ]

[ 2017-12-07T17:44:19+08:00 ] 10.203.87.41 /ziyuangongxiang/index.php?teacherid=MTAwODYxMjM0NTgw
INFO: [ app_init ] --START--
INFO: Run Behavior\BuildLiteBehavior [ RunTime:0.000012s ]
INFO: [ app_init ] --END-- [ RunTime:0.000225s ]
INFO: [ app_begin ] --START--
INFO: Run Behavior\ReadHtmlCacheBehavior [ RunTime:0.000298s ]
INFO: [ app_begin ] --END-- [ RunTime:0.000346s ]
SQL: SHOW COLUMNS FROM `file` [ RunTime:0.0008s ]
SQL: SELECT DISTINCT  `fileusername` FROM `file` WHERE ( filesavefolder='ziyuan' )  [ RunTime:0.0005s ]
NOTIC: [8] Use of undefined constant fileusername - assumed 'fileusername' /usr/local/nginx/html/parabola923/ziyuangongxiang/Application/Home/Controller/IndexController.class.php 第 13 行.
INFO: [ view_parse ] --START--
INFO: [ template_filter ] --START--
INFO: Run Behavior\ContentReplaceBehavior [ RunTime:0.000081s ]
INFO: [ template_filter ] --END-- [ RunTime:0.000155s ]
INFO: Run Behavior\ParseTemplateBehavior [ RunTime:0.007986s ]
INFO: [ view_parse ] --END-- [ RunTime:0.008033s ]
INFO: [ view_filter ] --START--
INFO: Run Behavior\WriteHtmlCacheBehavior [ RunTime:0.000098s ]
INFO: [ view_filter ] --END-- [ RunTime:0.000139s ]
INFO: [ app_end ] --START--
INFO: Run Behavior\ShowPageTraceBehavior [ RunTime:0.000404s ]
INFO: [ app_end ] --END-- [ RunTime:0.000460s ]

[ 2017-12-07T17:44:23+08:00 ] 10.203.87.41 /ziyuangongxiang/index.php?teacherid=MTAwODYxMjM0NTgw
INFO: [ app_init ] --START--
INFO: Run Behavior\BuildLiteBehavior [ RunTime:0.000018s ]
INFO: [ app_init ] --END-- [ RunTime:0.000360s ]
INFO: [ app_begin ] --START--
INFO: Run Behavior\ReadHtmlCacheBehavior [ RunTime:0.000457s ]
INFO: [ app_begin ] --END-- [ RunTime:0.000531s ]
SQL: SHOW COLUMNS FROM `file` [ RunTime:0.0009s ]
SQL: SELECT DISTINCT  `fileusername` FROM `file` WHERE ( filesavefolder='ziyuan' )  [ RunTime:0.0005s ]
NOTIC: [8] Use of undefined constant fileusername - assumed 'fileusername' /usr/local/nginx/html/parabola923/ziyuangongxiang/Application/Home/Controller/IndexController.class.php 第 13 行.
INFO: [ view_parse ] --START--
INFO: [ template_filter ] --START--
INFO: Run Behavior\ContentReplaceBehavior [ RunTime:0.000053s ]
INFO: [ template_filter ] --END-- [ RunTime:0.000100s ]
INFO: Run Behavior\ParseTemplateBehavior [ RunTime:0.007037s ]
INFO: [ view_parse ] --END-- [ RunTime:0.007084s ]
INFO: [ view_filter ] --START--
INFO: Run Behavior\WriteHtmlCacheBehavior [ RunTime:0.000098s ]
INFO: [ view_filter ] --END-- [ RunTime:0.000139s ]
INFO: [ app_end ] --START--
INFO: Run Behavior\ShowPageTraceBehavior [ RunTime:0.000403s ]
INFO: [ app_end ] --END-- [ RunTime:0.000458s ]

[ 2017-12-07T17:45:36+08:00 ] 10.203.87.71 /ziyuangongxiang/index.php?teacherid=MTAwODYxMjM0NTgy
INFO: [ app_init ] --START--
INFO: Run Behavior\BuildLiteBehavior [ RunTime:0.000013s ]
INFO: [ app_init ] --END-- [ RunTime:0.000257s ]
INFO: [ app_begin ] --START--
INFO: Run Behavior\ReadHtmlCacheBehavior [ RunTime:0.000282s ]
INFO: [ app_begin ] --END-- [ RunTime:0.000330s ]
SQL: SHOW COLUMNS FROM `file` [ RunTime:0.0196s ]
SQL: SELECT DISTINCT  `fileusername` FROM `file` WHERE ( filesavefolder='ziyuan' )  [ RunTime:0.0007s ]
NOTIC: [8] Use of undefined constant fileusername - assumed 'fileusername' /usr/local/nginx/html/parabola923/ziyuangongxiang/Application/Home/Controller/IndexController.class.php 第 13 行.
INFO: [ view_parse ] --START--
INFO: [ template_filter ] --START--
INFO: Run Behavior\ContentReplaceBehavior [ RunTime:0.000060s ]
INFO: [ template_filter ] --END-- [ RunTime:0.000109s ]
INFO: Run Behavior\ParseTemplateBehavior [ RunTime:0.009003s ]
INFO: [ view_parse ] --END-- [ RunTime:0.009062s ]
INFO: [ view_filter ] --START--
INFO: Run Behavior\WriteHtmlCacheBehavior [ RunTime:0.000099s ]
INFO: [ view_filter ] --END-- [ RunTime:0.000140s ]
INFO: [ app_end ] --START--
INFO: Run Behavior\ShowPageTraceBehavior [ RunTime:0.000292s ]
INFO: [ app_end ] --END-- [ RunTime:0.000339s ]

[ 2017-12-07T17:45:43+08:00 ] 10.203.87.71 /ziyuangongxiang/
INFO: [ app_init ] --START--
INFO: Run Behavior\BuildLiteBehavior [ RunTime:0.000012s ]
INFO: [ app_init ] --END-- [ RunTime:0.000231s ]
INFO: [ app_begin ] --START--
INFO: Run Behavior\ReadHtmlCacheBehavior [ RunTime:0.000293s ]
INFO: [ app_begin ] --END-- [ RunTime:0.000341s ]
SQL: SHOW COLUMNS FROM `file` [ RunTime:0.0013s ]
SQL: SELECT DISTINCT  `fileusername` FROM `file` WHERE ( filesavefolder='ziyuan' )  [ RunTime:0.0007s ]
NOTIC: [8] Use of undefined constant fileusername - assumed 'fileusername' /usr/local/nginx/html/parabola923/ziyuangongxiang/Application/Home/Controller/IndexController.class.php 第 13 行.
INFO: [ view_parse ] --START--
INFO: [ template_filter ] --START--
INFO: Run Behavior\ContentReplaceBehavior [ RunTime:0.000053s ]
INFO: [ template_filter ] --END-- [ RunTime:0.000100s ]
INFO: Run Behavior\ParseTemplateBehavior [ RunTime:0.007980s ]
INFO: [ view_parse ] --END-- [ RunTime:0.008040s ]
INFO: [ view_filter ] --START--
INFO: Run Behavior\WriteHtmlCacheBehavior [ RunTime:0.000100s ]
INFO: [ view_filter ] --END-- [ RunTime:0.000141s ]
INFO: [ app_end ] --START--
INFO: Run Behavior\ShowPageTraceBehavior [ RunTime:0.000284s ]
INFO: [ app_end ] --END-- [ RunTime:0.000332s ]

[ 2017-12-07T17:45:48+08:00 ] 10.203.87.71 /ziyuangongxiang/
INFO: [ app_init ] --START--
INFO: Run Behavior\BuildLiteBehavior [ RunTime:0.000012s ]
INFO: [ app_init ] --END-- [ RunTime:0.000233s ]
INFO: [ app_begin ] --START--
INFO: Run Behavior\ReadHtmlCacheBehavior [ RunTime:0.000311s ]
INFO: [ app_begin ] --END-- [ RunTime:0.000359s ]
SQL: SHOW COLUMNS FROM `file` [ RunTime:0.0013s ]
SQL: SELECT DISTINCT  `fileusername` FROM `file` WHERE ( filesavefolder='ziyuan' )  [ RunTime:0.0005s ]
NOTIC: [8] Use of undefined constant fileusername - assumed 'fileusername' /usr/local/nginx/html/parabola923/ziyuangongxiang/Application/Home/Controller/IndexController.class.php 第 13 行.
INFO: [ view_parse ] --START--
INFO: [ template_filter ] --START--
INFO: Run Behavior\ContentReplaceBehavior [ RunTime:0.000057s ]
INFO: [ template_filter ] --END-- [ RunTime:0.000111s ]
INFO: Run Behavior\ParseTemplateBehavior [ RunTime:0.006044s ]
INFO: [ view_parse ] --END-- [ RunTime:0.006098s ]
INFO: [ view_filter ] --START--
INFO: Run Behavior\WriteHtmlCacheBehavior [ RunTime:0.000130s ]
INFO: [ view_filter ] --END-- [ RunTime:0.000174s ]
INFO: [ app_end ] --START--
INFO: Run Behavior\ShowPageTraceBehavior [ RunTime:0.000356s ]
INFO: [ app_end ] --END-- [ RunTime:0.000431s ]

[ 2017-12-07T17:46:14+08:00 ] 10.203.87.71 /ziyuangongxiang/
INFO: [ app_init ] --START--
INFO: Run Behavior\BuildLiteBehavior [ RunTime:0.000012s ]
INFO: [ app_init ] --END-- [ RunTime:0.000230s ]
INFO: [ app_begin ] --START--
INFO: Run Behavior\ReadHtmlCacheBehavior [ RunTime:0.000282s ]
INFO: [ app_begin ] --END-- [ RunTime:0.000329s ]
SQL: SHOW COLUMNS FROM `file` [ RunTime:0.0014s ]
SQL: SELECT DISTINCT  `fileusername` FROM `file` WHERE ( filesavefolder='ziyuan' )  [ RunTime:0.0005s ]
NOTIC: [8] Use of undefined constant fileusername - assumed 'fileusername' /usr/local/nginx/html/parabola923/ziyuangongxiang/Application/Home/Controller/IndexController.class.php 第 13 行.
INFO: [ view_parse ] --START--
INFO: [ template_filter ] --START--
INFO: Run Behavior\ContentReplaceBehavior [ RunTime:0.000059s ]
INFO: [ template_filter ] --END-- [ RunTime:0.000110s ]
INFO: Run Behavior\ParseTemplateBehavior [ RunTime:0.006141s ]
INFO: [ view_parse ] --END-- [ RunTime:0.006192s ]
INFO: [ view_filter ] --START--
INFO: Run Behavior\WriteHtmlCacheBehavior [ RunTime:0.000096s ]
INFO: [ view_filter ] --END-- [ RunTime:0.000138s ]
INFO: [ app_end ] --START--
INFO: Run Behavior\ShowPageTraceBehavior [ RunTime:0.000296s ]
INFO: [ app_end ] --END-- [ RunTime:0.000360s ]

