[ 2017-11-23T17:34:22+08:00 ] 10.205.17.197 /ziyuangongxiang/index.php?c=File&a=showFileSearchByLabel&m=Home'%60%22(
INFO: [ app_init ] --START--
INFO: Run Behavior\BuildLiteBehavior [ RunTime:0.000011s ]
INFO: [ app_init ] --END-- [ RunTime:0.000232s ]
ERR: Êó†Ê≥ïÂä†ËΩΩÊ®°Âùó:Home'`"(

[ 2017-11-23T17:34:22+08:00 ] 10.205.17.197 /ziyuangongxiang/index.php?c=File&a=showFileSearchByLabel&m=Home%83'(
INFO: [ app_init ] --START--
INFO: Run Behavior\BuildLiteBehavior [ RunTime:0.000011s ]
INFO: [ app_init ] --END-- [ RunTime:0.000231s ]
ERR: Êó†Ê≥ïÂä†ËΩΩÊ®°Âùó:HomeÉ'(

[ 2017-11-23T17:34:22+08:00 ] 10.205.17.197 /ziyuangongxiang/index.php?c=File&a=showFileSearchByLabel&m=Home-0
INFO: [ app_init ] --START--
INFO: Run Behavior\BuildLiteBehavior [ RunTime:0.000011s ]
INFO: [ app_init ] --END-- [ RunTime:0.000230s ]
ERR: Êó†Ê≥ïÂä†ËΩΩÊ®°Âùó:Home-0

[ 2017-11-23T17:34:22+08:00 ] 10.205.17.197 /ziyuangongxiang/index.php?c=File&a=showFileSearchByLabel&m=Homes3
INFO: [ app_init ] --START--
INFO: Run Behavior\BuildLiteBehavior [ RunTime:0.000011s ]
INFO: [ app_init ] --END-- [ RunTime:0.000254s ]
ERR: Êó†Ê≥ïÂä†ËΩΩÊ®°Âùó:Homes3

[ 2017-11-23T17:34:22+08:00 ] 10.205.17.197 /ziyuangongxiang/index.php?c=File&a=showFileSearchByLabel&m=Home'%2B'
INFO: [ app_init ] --START--
INFO: Run Behavior\BuildLiteBehavior [ RunTime:0.000010s ]
INFO: [ app_init ] --END-- [ RunTime:0.000237s ]
ERR: Êó†Ê≥ïÂä†ËΩΩÊ®°Âùó:Home'+'

[ 2017-11-23T17:34:23+08:00 ] 10.205.17.197 /ziyuangongxiang/index.php?c=File&a=showFileSearchByLabel&m=Home'
INFO: [ app_init ] --START--
INFO: Run Behavior\BuildLiteBehavior [ RunTime:0.000014s ]
INFO: [ app_init ] --END-- [ RunTime:0.000296s ]
ERR: Êó†Ê≥ïÂä†ËΩΩÊ®°Âùó:Home'

[ 2017-11-23T17:34:23+08:00 ] 10.205.17.197 /ziyuangongxiang/index.php?c=File&a=showFileSearchByLabel&m=Home'%7C%7C'
INFO: [ app_init ] --START--
INFO: Run Behavior\BuildLiteBehavior [ RunTime:0.000017s ]
INFO: [ app_init ] --END-- [ RunTime:0.000395s ]
ERR: Êó†Ê≥ïÂä†ËΩΩÊ®°Âùó:Home'||'

[ 2017-11-23T17:34:23+08:00 ] 10.205.17.197 /ziyuangongxiang/index.php?c=File&a=showFileSearchByLabel&m=Home'
INFO: [ app_init ] --START--
INFO: Run Behavior\BuildLiteBehavior [ RunTime:0.000016s ]
INFO: [ app_init ] --END-- [ RunTime:0.000362s ]
ERR: Êó†Ê≥ïÂä†ËΩΩÊ®°Âùó:Home'

[ 2017-11-23T17:35:24+08:00 ] 10.205.17.197 /ziyuangongxiang/index.php?c=File&a=showFileSearchByLabel&m=Home'%60%22(
INFO: [ app_init ] --START--
INFO: Run Behavior\BuildLiteBehavior [ RunTime:0.000010s ]
INFO: [ app_init ] --END-- [ RunTime:0.000228s ]
ERR: Êó†Ê≥ïÂä†ËΩΩÊ®°Âùó:Home'`"(

[ 2017-11-23T17:35:24+08:00 ] 10.205.17.197 /ziyuangongxiang/index.php?c=File&a=showFileSearchByLabel&m=Home%83'(
INFO: [ app_init ] --START--
INFO: Run Behavior\BuildLiteBehavior [ RunTime:0.000034s ]
INFO: [ app_init ] --END-- [ RunTime:0.000271s ]
ERR: Êó†Ê≥ïÂä†ËΩΩÊ®°Âùó:HomeÉ'(

[ 2017-11-23T17:35:24+08:00 ] 10.205.17.197 /ziyuangongxiang/index.php?c=File&a=showFileSearchByLabel&m=Home-0
INFO: [ app_init ] --START--
INFO: Run Behavior\BuildLiteBehavior [ RunTime:0.000012s ]
INFO: [ app_init ] --END-- [ RunTime:0.000281s ]
ERR: Êó†Ê≥ïÂä†ËΩΩÊ®°Âùó:Home-0

[ 2017-11-23T17:35:24+08:00 ] 10.205.17.197 /ziyuangongxiang/index.php?c=File&a=showFileSearchByLabel&m=Homes3
INFO: [ app_init ] --START--
INFO: Run Behavior\BuildLiteBehavior [ RunTime:0.000010s ]
INFO: [ app_init ] --END-- [ RunTime:0.000223s ]
ERR: Êó†Ê≥ïÂä†ËΩΩÊ®°Âùó:Homes3

[ 2017-11-23T17:35:24+08:00 ] 10.205.17.197 /ziyuangongxiang/index.php?c=File&a=showFileSearchByLabel&m=Home'%2B'
INFO: [ app_init ] --START--
INFO: Run Behavior\BuildLiteBehavior [ RunTime:0.000012s ]
INFO: [ app_init ] --END-- [ RunTime:0.000259s ]
ERR: Êó†Ê≥ïÂä†ËΩΩÊ®°Âùó:Home'+'

[ 2017-11-23T17:35:24+08:00 ] 10.205.17.197 /ziyuangongxiang/index.php?c=File&a=showFileSearchByLabel&m=Home'
INFO: [ app_init ] --START--
INFO: Run Behavior\BuildLiteBehavior [ RunTime:0.000017s ]
INFO: [ app_init ] --END-- [ RunTime:0.000370s ]
ERR: Êó†Ê≥ïÂä†ËΩΩÊ®°Âùó:Home'

[ 2017-11-23T17:35:24+08:00 ] 10.205.17.197 /ziyuangongxiang/index.php?c=File&a=showFileSearchByLabel&m=Home'%7C%7C'
INFO: [ app_init ] --START--
INFO: Run Behavior\BuildLiteBehavior [ RunTime:0.000011s ]
INFO: [ app_init ] --END-- [ RunTime:0.000246s ]
ERR: Êó†Ê≥ïÂä†ËΩΩÊ®°Âùó:Home'||'

[ 2017-11-23T17:35:24+08:00 ] 10.205.17.197 /ziyuangongxiang/index.php?c=File&a=showFileSearchByLabel&m=Home'
INFO: [ app_init ] --START--
INFO: Run Behavior\BuildLiteBehavior [ RunTime:0.000011s ]
INFO: [ app_init ] --END-- [ RunTime:0.000223s ]
ERR: Êó†Ê≥ïÂä†ËΩΩÊ®°Âùó:Home'

[ 2017-11-23T17:37:24+08:00 ] 10.205.17.197 /ziyuangongxiang/index.php?c=File&a=showFileSearchByLabel&m=Home'%60%22(
INFO: [ app_init ] --START--
INFO: Run Behavior\BuildLiteBehavior [ RunTime:0.000011s ]
INFO: [ app_init ] --END-- [ RunTime:0.000258s ]
ERR: Êó†Ê≥ïÂä†ËΩΩÊ®°Âùó:Home'`"(

[ 2017-11-23T17:37:24+08:00 ] 10.205.17.197 /ziyuangongxiang/index.php?c=File&a=showFileSearchByLabel&m=Home%83'(
INFO: [ app_init ] --START--
INFO: Run Behavior\BuildLiteBehavior [ RunTime:0.000016s ]
INFO: [ app_init ] --END-- [ RunTime:0.000388s ]
ERR: Êó†Ê≥ïÂä†ËΩΩÊ®°Âùó:HomeÉ'(

[ 2017-11-23T17:37:24+08:00 ] 10.205.17.197 /ziyuangongxiang/index.php?c=File&a=showFileSearchByLabel&m=Home-0
INFO: [ app_init ] --START--
INFO: Run Behavior\BuildLiteBehavior [ RunTime:0.000016s ]
INFO: [ app_init ] --END-- [ RunTime:0.000373s ]
ERR: Êó†Ê≥ïÂä†ËΩΩÊ®°Âùó:Home-0

[ 2017-11-23T17:37:24+08:00 ] 10.205.17.197 /ziyuangongxiang/index.php?c=File&a=showFileSearchByLabel&m=Homes3
INFO: [ app_init ] --START--
INFO: Run Behavior\BuildLiteBehavior [ RunTime:0.000011s ]
INFO: [ app_init ] --END-- [ RunTime:0.000228s ]
ERR: Êó†Ê≥ïÂä†ËΩΩÊ®°Âùó:Homes3

[ 2017-11-23T17:37:24+08:00 ] 10.205.17.197 /ziyuangongxiang/index.php?c=File&a=showFileSearchByLabel&m=Home'%2B'
INFO: [ app_init ] --START--
INFO: Run Behavior\BuildLiteBehavior [ RunTime:0.000011s ]
INFO: [ app_init ] --END-- [ RunTime:0.000238s ]
ERR: Êó†Ê≥ïÂä†ËΩΩÊ®°Âùó:Home'+'

[ 2017-11-23T17:37:24+08:00 ] 10.205.17.197 /ziyuangongxiang/index.php?c=File&a=showFileSearchByLabel&m=Home'
INFO: [ app_init ] --START--
INFO: Run Behavior\BuildLiteBehavior [ RunTime:0.000011s ]
INFO: [ app_init ] --END-- [ RunTime:0.000239s ]
ERR: Êó†Ê≥ïÂä†ËΩΩÊ®°Âùó:Home'

[ 2017-11-23T17:37:24+08:00 ] 10.205.17.197 /ziyuangongxiang/index.php?c=File&a=showFileSearchByLabel&m=Home'%7C%7C'
INFO: [ app_init ] --START--
INFO: Run Behavior\BuildLiteBehavior [ RunTime:0.000011s ]
INFO: [ app_init ] --END-- [ RunTime:0.000228s ]
ERR: Êó†Ê≥ïÂä†ËΩΩÊ®°Âùó:Home'||'

[ 2017-11-23T17:37:24+08:00 ] 10.205.17.197 /ziyuangongxiang/index.php?c=File&a=showFileSearchByLabel&m=Home'
INFO: [ app_init ] --START--
INFO: Run Behavior\BuildLiteBehavior [ RunTime:0.000017s ]
INFO: [ app_init ] --END-- [ RunTime:0.000385s ]
ERR: Êó†Ê≥ïÂä†ËΩΩÊ®°Âùó:Home'

